13:58:57 INFO  : Registering command handlers for SDK TCF services
13:59:00 INFO  : Launching XSCT server: xsct -n -interactive /home/stefanos/Documents/programming-projects/uni/ntua-embedded-lab/Lab3/temp_xsdb_launch_script.tcl
13:59:00 INFO  : Validating SDSoC License
13:59:01 INFO  : License for SDSoC is unavailable
13:59:01 INFO  : Validating SDAccel License
13:59:01 INFO  : License for SDAccel is unavailable
13:59:01 INFO  : XSCT server has started successfully.
13:59:01 INFO  : Successfully done setting XSCT server connection channel  
13:59:01 INFO  : Successfully done setting SDK workspace  
16:50:10 INFO  : Registering command handlers for SDK TCF services
16:50:11 INFO  : Launching XSCT server: xsct -n -interactive /home/stefanos/Documents/programming-projects/uni/ntua-embedded-lab/Lab3/temp_xsdb_launch_script.tcl
16:50:12 INFO  : Validating SDSoC License
16:50:12 INFO  : License for SDSoC is unavailable
16:50:12 INFO  : Validating SDAccel License
16:50:12 INFO  : License for SDAccel is unavailable
16:50:13 INFO  : XSCT server has started successfully.
16:50:13 INFO  : Successfully done setting XSCT server connection channel  
16:50:13 INFO  : Successfully done setting SDK workspace  
17:10:56 INFO  : Registering command handlers for SDK TCF services
17:10:56 INFO  : Launching XSCT server: xsct -n -interactive /home/stefanos/Documents/programming-projects/uni/ntua-embedded-lab/Lab3/temp_xsdb_launch_script.tcl
17:10:56 INFO  : Validating SDSoC License
17:10:56 INFO  : License for SDSoC is unavailable
17:10:56 INFO  : Validating SDAccel License
17:10:57 INFO  : License for SDAccel is unavailable
17:10:57 INFO  : XSCT server has started successfully.
17:10:57 INFO  : Successfully done setting XSCT server connection channel  
17:10:57 INFO  : Successfully done setting SDK workspace  
17:18:49 INFO  : Registering command handlers for SDK TCF services
17:18:50 INFO  : Launching XSCT server: xsct -n -interactive /home/stefanos/Documents/programming-projects/uni/ntua-embedded-lab/Lab3/temp_xsdb_launch_script.tcl
17:18:50 INFO  : Validating SDSoC License
17:18:50 INFO  : License available for SDSoC
17:18:50 INFO  : Validating SDAccel License
17:18:50 INFO  : License for SDAccel is unavailable
17:18:51 INFO  : XSCT server has started successfully.
17:18:51 INFO  : Successfully done setting XSCT server connection channel  
17:18:51 INFO  : Successfully done setting SDK workspace  
18:34:47 INFO  : Registering command handlers for SDK TCF services
18:34:47 INFO  : Launching XSCT server: xsct -n -interactive /home/stefanos/Documents/programming-projects/uni/ntua-embedded-lab/Lab3/temp_xsdb_launch_script.tcl
18:34:48 INFO  : Validating SDSoC License
18:34:48 INFO  : License available for SDSoC
18:34:48 INFO  : Validating SDAccel License
18:34:48 INFO  : License for SDAccel is unavailable
18:34:48 INFO  : XSCT server has started successfully.
18:34:49 INFO  : Successfully done setting XSCT server connection channel  
18:34:49 INFO  : Successfully done setting SDK workspace  
19:16:02 INFO  : 'Generate emulation model' option is deselected automatically as it is not compatible with 'Estimate performance' option.
16:21:34 INFO  : Registering command handlers for SDK TCF services
16:21:35 INFO  : Launching XSCT server: xsct -n -interactive /home/stefanos/Documents/programming-projects/uni/ntua-embedded-lab/Lab3/temp_xsdb_launch_script.tcl
16:21:36 INFO  : XSCT server has started successfully.
16:21:36 INFO  : Successfully done setting XSCT server connection channel  
16:21:36 INFO  : Validating SDSoC License
16:21:36 INFO  : Successfully done setting SDK workspace  
16:21:36 INFO  : License available for SDSoC
16:21:36 INFO  : Validating SDAccel License
16:21:36 INFO  : License for SDAccel is unavailable
17:24:41 ERROR : Estimation Flow : No functions marked for hardware !
17:24:41 ERROR : Estimation Flow : No functions marked for hardware !
17:25:05 ERROR : Estimation Flow : No functions marked for hardware !
17:25:05 ERROR : Estimation Flow : No functions marked for hardware !
19:25:12 INFO  : Registering command handlers for SDK TCF services
19:25:13 INFO  : Launching XSCT server: xsct -n -interactive /home/stefanos/Documents/programming-projects/uni/ntua-embedded-lab/Lab3/temp_xsdb_launch_script.tcl
19:25:14 INFO  : Validating SDSoC License
19:25:15 INFO  : XSCT server has started successfully.
19:25:15 INFO  : Successfully done setting XSCT server connection channel  
19:25:15 INFO  : License available for SDSoC
19:25:15 INFO  : Validating SDAccel License
19:25:15 INFO  : License for SDAccel is unavailable
19:25:15 INFO  : Successfully done setting SDK workspace  
12:13:17 INFO  : Registering command handlers for SDK TCF services
12:13:18 INFO  : Launching XSCT server: xsct -n -interactive /home/stefanos/Documents/programming-projects/uni/ntua-embedded-lab/Lab3/temp_xsdb_launch_script.tcl
12:13:19 INFO  : Validating SDSoC License
12:13:19 INFO  : XSCT server has started successfully.
12:13:19 INFO  : Successfully done setting XSCT server connection channel  
12:13:19 INFO  : License available for SDSoC
12:13:19 INFO  : Validating SDAccel License
12:13:19 INFO  : License for SDAccel is unavailable
12:13:19 INFO  : Successfully done setting SDK workspace  
14:05:52 INFO  : 'Estimate performance' option is deselected automatically as it is not compatible with 'Generate emulation model' option.
17:47:27 INFO  : Registering command handlers for SDK TCF services
17:47:27 INFO  : Launching XSCT server: xsct -n -interactive /home/stefanos/Documents/programming-projects/uni/ntua-embedded-lab/Lab3/temp_xsdb_launch_script.tcl
17:47:28 INFO  : Validating SDSoC License
17:47:28 INFO  : License available for SDSoC
17:47:28 INFO  : Validating SDAccel License
17:47:28 INFO  : XSCT server has started successfully.
17:47:29 INFO  : Successfully done setting XSCT server connection channel  
17:47:29 INFO  : Successfully done setting SDK workspace  
17:47:29 INFO  : License for SDAccel is unavailable
12:50:42 INFO  : Registering command handlers for SDK TCF services
12:50:43 INFO  : Launching XSCT server: xsct -n -interactive /home/stefanos/Documents/programming-projects/uni/ntua-embedded-lab/Lab3/temp_xsdb_launch_script.tcl
12:50:43 INFO  : Validating SDSoC License
12:50:44 INFO  : License available for SDSoC
12:50:44 INFO  : Validating SDAccel License
12:50:44 INFO  : XSCT server has started successfully.
12:50:44 INFO  : Successfully done setting XSCT server connection channel  
12:50:44 INFO  : License for SDAccel is unavailable
12:50:44 INFO  : Successfully done setting SDK workspace  
19:52:47 INFO  : Registering command handlers for SDK TCF services
19:52:48 INFO  : Launching XSCT server: xsct -n -interactive /home/stefanos/Documents/programming-projects/uni/ntua-embedded-lab/Lab3/temp_xsdb_launch_script.tcl
19:52:48 INFO  : Validating SDSoC License
19:52:48 INFO  : License available for SDSoC
19:52:48 INFO  : Validating SDAccel License
19:52:49 INFO  : License for SDAccel is unavailable
19:52:49 INFO  : XSCT server has started successfully.
19:52:49 INFO  : Successfully done setting XSCT server connection channel  
19:52:49 INFO  : Successfully done setting SDK workspace  
11:33:06 INFO  : Registering command handlers for SDK TCF services
11:33:06 INFO  : Launching XSCT server: xsct -n -interactive /home/stefanos/Documents/programming-projects/uni/ntua-embedded-lab/Lab3/temp_xsdb_launch_script.tcl
11:33:06 INFO  : Validating SDSoC License
11:33:07 INFO  : License available for SDSoC
11:33:07 INFO  : Validating SDAccel License
11:33:07 INFO  : License for SDAccel is unavailable
11:33:07 INFO  : XSCT server has started successfully.
11:33:07 INFO  : Successfully done setting XSCT server connection channel  
11:33:08 INFO  : Successfully done setting SDK workspace  
