desc: --massif-out-file=massif_DLL_CL_DYN_ARR_PK.out
cmd: ./drr
time_unit: i
#-----------
snapshot=0
#-----------
time=0
mem_heap_B=0
mem_heap_extra_B=0
mem_stacks_B=0
heap_tree=empty
#-----------
snapshot=1
#-----------
time=6084257
mem_heap_B=83692
mem_heap_extra_B=34468
mem_stacks_B=0
heap_tree=empty
#-----------
snapshot=2
#-----------
time=10234913
mem_heap_B=82156
mem_heap_extra_B=32932
mem_stacks_B=0
heap_tree=empty
#-----------
snapshot=3
#-----------
time=15978947
mem_heap_B=79480
mem_heap_extra_B=30240
mem_stacks_B=0
heap_tree=empty
#-----------
snapshot=4
#-----------
time=23028811
mem_heap_B=103416
mem_heap_extra_B=35880
mem_stacks_B=0
heap_tree=detailed
n7: 103416 (heap allocation functions) malloc/new/new[], --alloc-fns, etc.
 n1: 53184 0x402E54: cdsl_dyn_array_enqueue (in /home/stefanos/Documents/programming-projects/uni/ntua-embedded-lab/Lab2/src/DRR/drr)
  n1: 53184 0x401613: insert_packet (in /home/stefanos/Documents/programming-projects/uni/ntua-embedded-lab/Lab2/src/DRR/drr)
   n0: 53184 0x40131B: main (in /home/stefanos/Documents/programming-projects/uni/ntua-embedded-lab/Lab2/src/DRR/drr)
 n1: 26184 0x401439: get_next_packet (in /home/stefanos/Documents/programming-projects/uni/ntua-embedded-lab/Lab2/src/DRR/drr)
  n0: 26184 0x4012ED: main (in /home/stefanos/Documents/programming-projects/uni/ntua-embedded-lab/Lab2/src/DRR/drr)
 n1: 14168 0x402CE8: cdsl_dyn_array_init (in /home/stefanos/Documents/programming-projects/uni/ntua-embedded-lab/Lab2/src/DRR/drr)
  n1: 14168 0x40155E: find_node (in /home/stefanos/Documents/programming-projects/uni/ntua-embedded-lab/Lab2/src/DRR/drr)
   n0: 14168 0x401304: main (in /home/stefanos/Documents/programming-projects/uni/ntua-embedded-lab/Lab2/src/DRR/drr)
 n1: 3864 0x401525: find_node (in /home/stefanos/Documents/programming-projects/uni/ntua-embedded-lab/Lab2/src/DRR/drr)
  n0: 3864 0x401304: main (in /home/stefanos/Documents/programming-projects/uni/ntua-embedded-lab/Lab2/src/DRR/drr)
 n1: 3864 0x402B70: cdsl_deque_list_lock_based_pthread_enqueue (in /home/stefanos/Documents/programming-projects/uni/ntua-embedded-lab/Lab2/src/DRR/drr)
  n1: 3864 0x401586: find_node (in /home/stefanos/Documents/programming-projects/uni/ntua-embedded-lab/Lab2/src/DRR/drr)
   n0: 3864 0x401304: main (in /home/stefanos/Documents/programming-projects/uni/ntua-embedded-lab/Lab2/src/DRR/drr)
 n1: 1888 0x402D17: cdsl_dyn_array_init (in /home/stefanos/Documents/programming-projects/uni/ntua-embedded-lab/Lab2/src/DRR/drr)
  n1: 1888 0x40155E: find_node (in /home/stefanos/Documents/programming-projects/uni/ntua-embedded-lab/Lab2/src/DRR/drr)
   n0: 1888 0x401304: main (in /home/stefanos/Documents/programming-projects/uni/ntua-embedded-lab/Lab2/src/DRR/drr)
 n0: 264 in 3 places, all below massif's threshold (1.00%)
#-----------
snapshot=5
#-----------
time=28449949
mem_heap_B=123416
mem_heap_extra_B=47696
mem_stacks_B=0
heap_tree=empty
#-----------
snapshot=6
#-----------
time=35483223
mem_heap_B=120524
mem_heap_extra_B=44788
mem_stacks_B=0
heap_tree=empty
#-----------
snapshot=7
#-----------
time=40307487
mem_heap_B=117836
mem_heap_extra_B=42100
mem_stacks_B=0
heap_tree=empty
#-----------
snapshot=8
#-----------
time=47783846
mem_heap_B=135824
mem_heap_extra_B=40032
mem_stacks_B=0
heap_tree=detailed
n7: 135824 (heap allocation functions) malloc/new/new[], --alloc-fns, etc.
 n1: 75520 0x402E54: cdsl_dyn_array_enqueue (in /home/stefanos/Documents/programming-projects/uni/ntua-embedded-lab/Lab2/src/DRR/drr)
  n1: 75520 0x401613: insert_packet (in /home/stefanos/Documents/programming-projects/uni/ntua-embedded-lab/Lab2/src/DRR/drr)
   n0: 75520 0x40131B: main (in /home/stefanos/Documents/programming-projects/uni/ntua-embedded-lab/Lab2/src/DRR/drr)
 n1: 26400 0x401439: get_next_packet (in /home/stefanos/Documents/programming-projects/uni/ntua-embedded-lab/Lab2/src/DRR/drr)
  n0: 26400 0x4012ED: main (in /home/stefanos/Documents/programming-projects/uni/ntua-embedded-lab/Lab2/src/DRR/drr)
 n1: 20152 0x402CE8: cdsl_dyn_array_init (in /home/stefanos/Documents/programming-projects/uni/ntua-embedded-lab/Lab2/src/DRR/drr)
  n1: 20152 0x40155E: find_node (in /home/stefanos/Documents/programming-projects/uni/ntua-embedded-lab/Lab2/src/DRR/drr)
   n0: 20152 0x401304: main (in /home/stefanos/Documents/programming-projects/uni/ntua-embedded-lab/Lab2/src/DRR/drr)
 n1: 5496 0x401525: find_node (in /home/stefanos/Documents/programming-projects/uni/ntua-embedded-lab/Lab2/src/DRR/drr)
  n0: 5496 0x401304: main (in /home/stefanos/Documents/programming-projects/uni/ntua-embedded-lab/Lab2/src/DRR/drr)
 n1: 5496 0x402B70: cdsl_deque_list_lock_based_pthread_enqueue (in /home/stefanos/Documents/programming-projects/uni/ntua-embedded-lab/Lab2/src/DRR/drr)
  n1: 5496 0x401586: find_node (in /home/stefanos/Documents/programming-projects/uni/ntua-embedded-lab/Lab2/src/DRR/drr)
   n0: 5496 0x401304: main (in /home/stefanos/Documents/programming-projects/uni/ntua-embedded-lab/Lab2/src/DRR/drr)
 n1: 2496 0x402D17: cdsl_dyn_array_init (in /home/stefanos/Documents/programming-projects/uni/ntua-embedded-lab/Lab2/src/DRR/drr)
  n1: 2496 0x40155E: find_node (in /home/stefanos/Documents/programming-projects/uni/ntua-embedded-lab/Lab2/src/DRR/drr)
   n0: 2496 0x401304: main (in /home/stefanos/Documents/programming-projects/uni/ntua-embedded-lab/Lab2/src/DRR/drr)
 n0: 264 in 3 places, all below massif's threshold (1.00%)
#-----------
snapshot=9
#-----------
time=53258021
mem_heap_B=189892
mem_heap_extra_B=57068
mem_stacks_B=0
heap_tree=empty
#-----------
snapshot=10
#-----------
time=58367738
mem_heap_B=185896
mem_heap_extra_B=52912
mem_stacks_B=0
heap_tree=detailed
n7: 185896 (heap allocation functions) malloc/new/new[], --alloc-fns, etc.
 n1: 102208 0x402E54: cdsl_dyn_array_enqueue (in /home/stefanos/Documents/programming-projects/uni/ntua-embedded-lab/Lab2/src/DRR/drr)
  n1: 102208 0x401613: insert_packet (in /home/stefanos/Documents/programming-projects/uni/ntua-embedded-lab/Lab2/src/DRR/drr)
   n0: 102208 0x40131B: main (in /home/stefanos/Documents/programming-projects/uni/ntua-embedded-lab/Lab2/src/DRR/drr)
 n1: 32592 0x401439: get_next_packet (in /home/stefanos/Documents/programming-projects/uni/ntua-embedded-lab/Lab2/src/DRR/drr)
  n0: 32592 0x4012ED: main (in /home/stefanos/Documents/programming-projects/uni/ntua-embedded-lab/Lab2/src/DRR/drr)
 n1: 30448 0x402CE8: cdsl_dyn_array_init (in /home/stefanos/Documents/programming-projects/uni/ntua-embedded-lab/Lab2/src/DRR/drr)
  n1: 30448 0x40155E: find_node (in /home/stefanos/Documents/programming-projects/uni/ntua-embedded-lab/Lab2/src/DRR/drr)
   n0: 30448 0x401304: main (in /home/stefanos/Documents/programming-projects/uni/ntua-embedded-lab/Lab2/src/DRR/drr)
 n1: 8304 0x401525: find_node (in /home/stefanos/Documents/programming-projects/uni/ntua-embedded-lab/Lab2/src/DRR/drr)
  n0: 8304 0x401304: main (in /home/stefanos/Documents/programming-projects/uni/ntua-embedded-lab/Lab2/src/DRR/drr)
 n1: 8304 0x402B70: cdsl_deque_list_lock_based_pthread_enqueue (in /home/stefanos/Documents/programming-projects/uni/ntua-embedded-lab/Lab2/src/DRR/drr)
  n1: 8304 0x401586: find_node (in /home/stefanos/Documents/programming-projects/uni/ntua-embedded-lab/Lab2/src/DRR/drr)
   n0: 8304 0x401304: main (in /home/stefanos/Documents/programming-projects/uni/ntua-embedded-lab/Lab2/src/DRR/drr)
 n1: 3776 0x402D17: cdsl_dyn_array_init (in /home/stefanos/Documents/programming-projects/uni/ntua-embedded-lab/Lab2/src/DRR/drr)
  n1: 3776 0x40155E: find_node (in /home/stefanos/Documents/programming-projects/uni/ntua-embedded-lab/Lab2/src/DRR/drr)
   n0: 3776 0x401304: main (in /home/stefanos/Documents/programming-projects/uni/ntua-embedded-lab/Lab2/src/DRR/drr)
 n0: 264 in 3 places, all below massif's threshold (1.00%)
#-----------
snapshot=11
#-----------
time=63627030
mem_heap_B=215340
mem_heap_extra_B=60852
mem_stacks_B=0
heap_tree=empty
#-----------
snapshot=12
#-----------
time=69696993
mem_heap_B=265940
mem_heap_extra_B=74124
mem_stacks_B=0
heap_tree=empty
#-----------
snapshot=13
#-----------
time=76153062
mem_heap_B=312288
mem_heap_extra_B=92072
mem_stacks_B=0
heap_tree=empty
#-----------
snapshot=14
#-----------
time=80883162
mem_heap_B=310488
mem_heap_extra_B=90256
mem_stacks_B=0
heap_tree=empty
#-----------
snapshot=15
#-----------
time=84689139
mem_heap_B=308724
mem_heap_extra_B=88476
mem_stacks_B=0
heap_tree=empty
#-----------
snapshot=16
#-----------
time=88455067
mem_heap_B=306396
mem_heap_extra_B=86148
mem_stacks_B=0
heap_tree=empty
#-----------
snapshot=17
#-----------
time=94113142
mem_heap_B=334064
mem_heap_extra_B=91648
mem_stacks_B=0
heap_tree=detailed
n7: 334064 (heap allocation functions) malloc/new/new[], --alloc-fns, etc.
 n1: 195520 0x402E54: cdsl_dyn_array_enqueue (in /home/stefanos/Documents/programming-projects/uni/ntua-embedded-lab/Lab2/src/DRR/drr)
  n1: 195520 0x401613: insert_packet (in /home/stefanos/Documents/programming-projects/uni/ntua-embedded-lab/Lab2/src/DRR/drr)
   n0: 195520 0x40131B: main (in /home/stefanos/Documents/programming-projects/uni/ntua-embedded-lab/Lab2/src/DRR/drr)
 n1: 60672 0x401439: get_next_packet (in /home/stefanos/Documents/programming-projects/uni/ntua-embedded-lab/Lab2/src/DRR/drr)
  n0: 60672 0x4012ED: main (in /home/stefanos/Documents/programming-projects/uni/ntua-embedded-lab/Lab2/src/DRR/drr)
 n1: 46200 0x402CE8: cdsl_dyn_array_init (in /home/stefanos/Documents/programming-projects/uni/ntua-embedded-lab/Lab2/src/DRR/drr)
  n1: 46200 0x40155E: find_node (in /home/stefanos/Documents/programming-projects/uni/ntua-embedded-lab/Lab2/src/DRR/drr)
   n0: 46200 0x401304: main (in /home/stefanos/Documents/programming-projects/uni/ntua-embedded-lab/Lab2/src/DRR/drr)
 n1: 12600 0x401525: find_node (in /home/stefanos/Documents/programming-projects/uni/ntua-embedded-lab/Lab2/src/DRR/drr)
  n0: 12600 0x401304: main (in /home/stefanos/Documents/programming-projects/uni/ntua-embedded-lab/Lab2/src/DRR/drr)
 n1: 12600 0x402B70: cdsl_deque_list_lock_based_pthread_enqueue (in /home/stefanos/Documents/programming-projects/uni/ntua-embedded-lab/Lab2/src/DRR/drr)
  n1: 12600 0x401586: find_node (in /home/stefanos/Documents/programming-projects/uni/ntua-embedded-lab/Lab2/src/DRR/drr)
   n0: 12600 0x401304: main (in /home/stefanos/Documents/programming-projects/uni/ntua-embedded-lab/Lab2/src/DRR/drr)
 n1: 6208 0x402D17: cdsl_dyn_array_init (in /home/stefanos/Documents/programming-projects/uni/ntua-embedded-lab/Lab2/src/DRR/drr)
  n1: 6208 0x40155E: find_node (in /home/stefanos/Documents/programming-projects/uni/ntua-embedded-lab/Lab2/src/DRR/drr)
   n0: 6208 0x401304: main (in /home/stefanos/Documents/programming-projects/uni/ntua-embedded-lab/Lab2/src/DRR/drr)
 n0: 264 in 3 places, all below massif's threshold (1.00%)
#-----------
snapshot=18
#-----------
time=101584193
mem_heap_B=338304
mem_heap_extra_B=92128
mem_stacks_B=0
heap_tree=detailed
n7: 338304 (heap allocation functions) malloc/new/new[], --alloc-fns, etc.
 n1: 197824 0x402E54: cdsl_dyn_array_enqueue (in /home/stefanos/Documents/programming-projects/uni/ntua-embedded-lab/Lab2/src/DRR/drr)
  n1: 197824 0x401613: insert_packet (in /home/stefanos/Documents/programming-projects/uni/ntua-embedded-lab/Lab2/src/DRR/drr)
   n0: 197824 0x40131B: main (in /home/stefanos/Documents/programming-projects/uni/ntua-embedded-lab/Lab2/src/DRR/drr)
 n1: 60072 0x401439: get_next_packet (in /home/stefanos/Documents/programming-projects/uni/ntua-embedded-lab/Lab2/src/DRR/drr)
  n0: 60072 0x4012ED: main (in /home/stefanos/Documents/programming-projects/uni/ntua-embedded-lab/Lab2/src/DRR/drr)
 n1: 47696 0x402CE8: cdsl_dyn_array_init (in /home/stefanos/Documents/programming-projects/uni/ntua-embedded-lab/Lab2/src/DRR/drr)
  n1: 47696 0x40155E: find_node (in /home/stefanos/Documents/programming-projects/uni/ntua-embedded-lab/Lab2/src/DRR/drr)
   n0: 47696 0x401304: main (in /home/stefanos/Documents/programming-projects/uni/ntua-embedded-lab/Lab2/src/DRR/drr)
 n1: 13008 0x401525: find_node (in /home/stefanos/Documents/programming-projects/uni/ntua-embedded-lab/Lab2/src/DRR/drr)
  n0: 13008 0x401304: main (in /home/stefanos/Documents/programming-projects/uni/ntua-embedded-lab/Lab2/src/DRR/drr)
 n1: 13008 0x402B70: cdsl_deque_list_lock_based_pthread_enqueue (in /home/stefanos/Documents/programming-projects/uni/ntua-embedded-lab/Lab2/src/DRR/drr)
  n1: 13008 0x401586: find_node (in /home/stefanos/Documents/programming-projects/uni/ntua-embedded-lab/Lab2/src/DRR/drr)
   n0: 13008 0x401304: main (in /home/stefanos/Documents/programming-projects/uni/ntua-embedded-lab/Lab2/src/DRR/drr)
 n1: 6432 0x402D17: cdsl_dyn_array_init (in /home/stefanos/Documents/programming-projects/uni/ntua-embedded-lab/Lab2/src/DRR/drr)
  n1: 6432 0x40155E: find_node (in /home/stefanos/Documents/programming-projects/uni/ntua-embedded-lab/Lab2/src/DRR/drr)
   n0: 6432 0x401304: main (in /home/stefanos/Documents/programming-projects/uni/ntua-embedded-lab/Lab2/src/DRR/drr)
 n0: 264 in 3 places, all below massif's threshold (1.00%)
#-----------
snapshot=19
#-----------
time=106456348
mem_heap_B=370448
mem_heap_extra_B=97376
mem_stacks_B=0
heap_tree=detailed
n7: 370448 (heap allocation functions) malloc/new/new[], --alloc-fns, etc.
 n1: 221056 0x402E54: cdsl_dyn_array_enqueue (in /home/stefanos/Documents/programming-projects/uni/ntua-embedded-lab/Lab2/src/DRR/drr)
  n1: 221056 0x401613: insert_packet (in /home/stefanos/Documents/programming-projects/uni/ntua-embedded-lab/Lab2/src/DRR/drr)
   n0: 221056 0x40131B: main (in /home/stefanos/Documents/programming-projects/uni/ntua-embedded-lab/Lab2/src/DRR/drr)
 n1: 62472 0x401439: get_next_packet (in /home/stefanos/Documents/programming-projects/uni/ntua-embedded-lab/Lab2/src/DRR/drr)
  n0: 62472 0x4012ED: main (in /home/stefanos/Documents/programming-projects/uni/ntua-embedded-lab/Lab2/src/DRR/drr)
 n1: 51744 0x402CE8: cdsl_dyn_array_init (in /home/stefanos/Documents/programming-projects/uni/ntua-embedded-lab/Lab2/src/DRR/drr)
  n1: 51744 0x40155E: find_node (in /home/stefanos/Documents/programming-projects/uni/ntua-embedded-lab/Lab2/src/DRR/drr)
   n0: 51744 0x401304: main (in /home/stefanos/Documents/programming-projects/uni/ntua-embedded-lab/Lab2/src/DRR/drr)
 n1: 14112 0x401525: find_node (in /home/stefanos/Documents/programming-projects/uni/ntua-embedded-lab/Lab2/src/DRR/drr)
  n0: 14112 0x401304: main (in /home/stefanos/Documents/programming-projects/uni/ntua-embedded-lab/Lab2/src/DRR/drr)
 n1: 14112 0x402B70: cdsl_deque_list_lock_based_pthread_enqueue (in /home/stefanos/Documents/programming-projects/uni/ntua-embedded-lab/Lab2/src/DRR/drr)
  n1: 14112 0x401586: find_node (in /home/stefanos/Documents/programming-projects/uni/ntua-embedded-lab/Lab2/src/DRR/drr)
   n0: 14112 0x401304: main (in /home/stefanos/Documents/programming-projects/uni/ntua-embedded-lab/Lab2/src/DRR/drr)
 n1: 6688 0x402D17: cdsl_dyn_array_init (in /home/stefanos/Documents/programming-projects/uni/ntua-embedded-lab/Lab2/src/DRR/drr)
  n1: 6688 0x40155E: find_node (in /home/stefanos/Documents/programming-projects/uni/ntua-embedded-lab/Lab2/src/DRR/drr)
   n0: 6688 0x401304: main (in /home/stefanos/Documents/programming-projects/uni/ntua-embedded-lab/Lab2/src/DRR/drr)
 n0: 264 in 3 places, all below massif's threshold (1.00%)
#-----------
snapshot=20
#-----------
time=113967652
mem_heap_B=420152
mem_heap_extra_B=114368
mem_stacks_B=0
heap_tree=empty
#-----------
snapshot=21
#-----------
time=119681581
mem_heap_B=437940
mem_heap_extra_B=119732
mem_stacks_B=0
heap_tree=detailed
n7: 437940 (heap allocation functions) malloc/new/new[], --alloc-fns, etc.
 n1: 260480 0x402E54: cdsl_dyn_array_enqueue (in /home/stefanos/Documents/programming-projects/uni/ntua-embedded-lab/Lab2/src/DRR/drr)
  n1: 260480 0x401613: insert_packet (in /home/stefanos/Documents/programming-projects/uni/ntua-embedded-lab/Lab2/src/DRR/drr)
   n0: 260480 0x40131B: main (in /home/stefanos/Documents/programming-projects/uni/ntua-embedded-lab/Lab2/src/DRR/drr)
 n1: 80676 0x401439: get_next_packet (in /home/stefanos/Documents/programming-projects/uni/ntua-embedded-lab/Lab2/src/DRR/drr)
  n0: 80676 0x4012ED: main (in /home/stefanos/Documents/programming-projects/uni/ntua-embedded-lab/Lab2/src/DRR/drr)
 n1: 57816 0x402CE8: cdsl_dyn_array_init (in /home/stefanos/Documents/programming-projects/uni/ntua-embedded-lab/Lab2/src/DRR/drr)
  n1: 57816 0x40155E: find_node (in /home/stefanos/Documents/programming-projects/uni/ntua-embedded-lab/Lab2/src/DRR/drr)
   n0: 57816 0x401304: main (in /home/stefanos/Documents/programming-projects/uni/ntua-embedded-lab/Lab2/src/DRR/drr)
 n1: 15768 0x401525: find_node (in /home/stefanos/Documents/programming-projects/uni/ntua-embedded-lab/Lab2/src/DRR/drr)
  n0: 15768 0x401304: main (in /home/stefanos/Documents/programming-projects/uni/ntua-embedded-lab/Lab2/src/DRR/drr)
 n1: 15768 0x402B70: cdsl_deque_list_lock_based_pthread_enqueue (in /home/stefanos/Documents/programming-projects/uni/ntua-embedded-lab/Lab2/src/DRR/drr)
  n1: 15768 0x401586: find_node (in /home/stefanos/Documents/programming-projects/uni/ntua-embedded-lab/Lab2/src/DRR/drr)
   n0: 15768 0x401304: main (in /home/stefanos/Documents/programming-projects/uni/ntua-embedded-lab/Lab2/src/DRR/drr)
 n1: 7168 0x402D17: cdsl_dyn_array_init (in /home/stefanos/Documents/programming-projects/uni/ntua-embedded-lab/Lab2/src/DRR/drr)
  n1: 7168 0x40155E: find_node (in /home/stefanos/Documents/programming-projects/uni/ntua-embedded-lab/Lab2/src/DRR/drr)
   n0: 7168 0x401304: main (in /home/stefanos/Documents/programming-projects/uni/ntua-embedded-lab/Lab2/src/DRR/drr)
 n0: 264 in 3 places, all below massif's threshold (1.00%)
#-----------
snapshot=22
#-----------
time=122593044
mem_heap_B=435800
mem_heap_extra_B=121664
mem_stacks_B=0
heap_tree=empty
#-----------
snapshot=23
#-----------
time=128399137
mem_heap_B=441744
mem_heap_extra_B=120216
mem_stacks_B=0
heap_tree=empty
#-----------
snapshot=24
#-----------
time=132517614
mem_heap_B=494688
mem_heap_extra_B=131792
mem_stacks_B=0
heap_tree=detailed
n7: 494688 (heap allocation functions) malloc/new/new[], --alloc-fns, etc.
 n1: 287936 0x402E54: cdsl_dyn_array_enqueue (in /home/stefanos/Documents/programming-projects/uni/ntua-embedded-lab/Lab2/src/DRR/drr)
  n1: 287936 0x401613: insert_packet (in /home/stefanos/Documents/programming-projects/uni/ntua-embedded-lab/Lab2/src/DRR/drr)
   n0: 287936 0x40131B: main (in /home/stefanos/Documents/programming-projects/uni/ntua-embedded-lab/Lab2/src/DRR/drr)
 n1: 81528 0x401439: get_next_packet (in /home/stefanos/Documents/programming-projects/uni/ntua-embedded-lab/Lab2/src/DRR/drr)
  n0: 81528 0x4012ED: main (in /home/stefanos/Documents/programming-projects/uni/ntua-embedded-lab/Lab2/src/DRR/drr)
 n1: 74624 0x402CE8: cdsl_dyn_array_init (in /home/stefanos/Documents/programming-projects/uni/ntua-embedded-lab/Lab2/src/DRR/drr)
  n1: 74624 0x40155E: find_node (in /home/stefanos/Documents/programming-projects/uni/ntua-embedded-lab/Lab2/src/DRR/drr)
   n0: 74624 0x401304: main (in /home/stefanos/Documents/programming-projects/uni/ntua-embedded-lab/Lab2/src/DRR/drr)
 n1: 20352 0x401525: find_node (in /home/stefanos/Documents/programming-projects/uni/ntua-embedded-lab/Lab2/src/DRR/drr)
  n0: 20352 0x401304: main (in /home/stefanos/Documents/programming-projects/uni/ntua-embedded-lab/Lab2/src/DRR/drr)
 n1: 20352 0x402B70: cdsl_deque_list_lock_based_pthread_enqueue (in /home/stefanos/Documents/programming-projects/uni/ntua-embedded-lab/Lab2/src/DRR/drr)
  n1: 20352 0x401586: find_node (in /home/stefanos/Documents/programming-projects/uni/ntua-embedded-lab/Lab2/src/DRR/drr)
   n0: 20352 0x401304: main (in /home/stefanos/Documents/programming-projects/uni/ntua-embedded-lab/Lab2/src/DRR/drr)
 n1: 9632 0x402D17: cdsl_dyn_array_init (in /home/stefanos/Documents/programming-projects/uni/ntua-embedded-lab/Lab2/src/DRR/drr)
  n1: 9632 0x40155E: find_node (in /home/stefanos/Documents/programming-projects/uni/ntua-embedded-lab/Lab2/src/DRR/drr)
   n0: 9632 0x401304: main (in /home/stefanos/Documents/programming-projects/uni/ntua-embedded-lab/Lab2/src/DRR/drr)
 n0: 264 in 3 places, all below massif's threshold (1.00%)
#-----------
snapshot=25
#-----------
time=139566772
mem_heap_B=585528
mem_heap_extra_B=178672
mem_stacks_B=0
heap_tree=detailed
n7: 585528 (heap allocation functions) malloc/new/new[], --alloc-fns, etc.
 n1: 326976 0x402E54: cdsl_dyn_array_enqueue (in /home/stefanos/Documents/programming-projects/uni/ntua-embedded-lab/Lab2/src/DRR/drr)
  n1: 326976 0x401613: insert_packet (in /home/stefanos/Documents/programming-projects/uni/ntua-embedded-lab/Lab2/src/DRR/drr)
   n0: 326976 0x40131B: main (in /home/stefanos/Documents/programming-projects/uni/ntua-embedded-lab/Lab2/src/DRR/drr)
 n1: 125136 0x401439: get_next_packet (in /home/stefanos/Documents/programming-projects/uni/ntua-embedded-lab/Lab2/src/DRR/drr)
  n0: 125136 0x4012ED: main (in /home/stefanos/Documents/programming-projects/uni/ntua-embedded-lab/Lab2/src/DRR/drr)
 n1: 79552 0x402CE8: cdsl_dyn_array_init (in /home/stefanos/Documents/programming-projects/uni/ntua-embedded-lab/Lab2/src/DRR/drr)
  n1: 79552 0x40155E: find_node (in /home/stefanos/Documents/programming-projects/uni/ntua-embedded-lab/Lab2/src/DRR/drr)
   n0: 79552 0x401304: main (in /home/stefanos/Documents/programming-projects/uni/ntua-embedded-lab/Lab2/src/DRR/drr)
 n1: 21696 0x401525: find_node (in /home/stefanos/Documents/programming-projects/uni/ntua-embedded-lab/Lab2/src/DRR/drr)
  n0: 21696 0x401304: main (in /home/stefanos/Documents/programming-projects/uni/ntua-embedded-lab/Lab2/src/DRR/drr)
 n1: 21696 0x402B70: cdsl_deque_list_lock_based_pthread_enqueue (in /home/stefanos/Documents/programming-projects/uni/ntua-embedded-lab/Lab2/src/DRR/drr)
  n1: 21696 0x401586: find_node (in /home/stefanos/Documents/programming-projects/uni/ntua-embedded-lab/Lab2/src/DRR/drr)
   n0: 21696 0x401304: main (in /home/stefanos/Documents/programming-projects/uni/ntua-embedded-lab/Lab2/src/DRR/drr)
 n1: 10208 0x402D17: cdsl_dyn_array_init (in /home/stefanos/Documents/programming-projects/uni/ntua-embedded-lab/Lab2/src/DRR/drr)
  n1: 10208 0x40155E: find_node (in /home/stefanos/Documents/programming-projects/uni/ntua-embedded-lab/Lab2/src/DRR/drr)
   n0: 10208 0x401304: main (in /home/stefanos/Documents/programming-projects/uni/ntua-embedded-lab/Lab2/src/DRR/drr)
 n0: 264 in 3 places, all below massif's threshold (1.00%)
#-----------
snapshot=26
#-----------
time=142842996
mem_heap_B=600792
mem_heap_extra_B=185696
mem_stacks_B=0
heap_tree=empty
#-----------
snapshot=27
#-----------
time=147366777
mem_heap_B=638800
mem_heap_extra_B=199112
mem_stacks_B=0
heap_tree=empty
#-----------
snapshot=28
#-----------
time=153959401
mem_heap_B=658548
mem_heap_extra_B=210684
mem_stacks_B=0
heap_tree=empty
#-----------
snapshot=29
#-----------
time=157851888
mem_heap_B=660456
mem_heap_extra_B=212592
mem_stacks_B=0
heap_tree=empty
#-----------
snapshot=30
#-----------
time=161808864
mem_heap_B=660024
mem_heap_extra_B=212160
mem_stacks_B=0
heap_tree=empty
#-----------
snapshot=31
#-----------
time=165667344
mem_heap_B=659592
mem_heap_extra_B=211728
mem_stacks_B=0
heap_tree=empty
#-----------
snapshot=32
#-----------
time=169633328
mem_heap_B=659136
mem_heap_extra_B=211272
mem_stacks_B=0
heap_tree=detailed
n7: 659136 (heap allocation functions) malloc/new/new[], --alloc-fns, etc.
 n1: 367936 0x402E54: cdsl_dyn_array_enqueue (in /home/stefanos/Documents/programming-projects/uni/ntua-embedded-lab/Lab2/src/DRR/drr)
  n1: 367936 0x401613: insert_packet (in /home/stefanos/Documents/programming-projects/uni/ntua-embedded-lab/Lab2/src/DRR/drr)
   n0: 367936 0x40131B: main (in /home/stefanos/Documents/programming-projects/uni/ntua-embedded-lab/Lab2/src/DRR/drr)
 n1: 157512 0x401439: get_next_packet (in /home/stefanos/Documents/programming-projects/uni/ntua-embedded-lab/Lab2/src/DRR/drr)
  n0: 157512 0x4012ED: main (in /home/stefanos/Documents/programming-projects/uni/ntua-embedded-lab/Lab2/src/DRR/drr)
 n1: 79728 0x402CE8: cdsl_dyn_array_init (in /home/stefanos/Documents/programming-projects/uni/ntua-embedded-lab/Lab2/src/DRR/drr)
  n1: 79728 0x40155E: find_node (in /home/stefanos/Documents/programming-projects/uni/ntua-embedded-lab/Lab2/src/DRR/drr)
   n0: 79728 0x401304: main (in /home/stefanos/Documents/programming-projects/uni/ntua-embedded-lab/Lab2/src/DRR/drr)
 n1: 21744 0x401525: find_node (in /home/stefanos/Documents/programming-projects/uni/ntua-embedded-lab/Lab2/src/DRR/drr)
  n0: 21744 0x401304: main (in /home/stefanos/Documents/programming-projects/uni/ntua-embedded-lab/Lab2/src/DRR/drr)
 n1: 21744 0x402B70: cdsl_deque_list_lock_based_pthread_enqueue (in /home/stefanos/Documents/programming-projects/uni/ntua-embedded-lab/Lab2/src/DRR/drr)
  n1: 21744 0x401586: find_node (in /home/stefanos/Documents/programming-projects/uni/ntua-embedded-lab/Lab2/src/DRR/drr)
   n0: 21744 0x401304: main (in /home/stefanos/Documents/programming-projects/uni/ntua-embedded-lab/Lab2/src/DRR/drr)
 n1: 10208 0x402D17: cdsl_dyn_array_init (in /home/stefanos/Documents/programming-projects/uni/ntua-embedded-lab/Lab2/src/DRR/drr)
  n1: 10208 0x40155E: find_node (in /home/stefanos/Documents/programming-projects/uni/ntua-embedded-lab/Lab2/src/DRR/drr)
   n0: 10208 0x401304: main (in /home/stefanos/Documents/programming-projects/uni/ntua-embedded-lab/Lab2/src/DRR/drr)
 n0: 264 in 3 places, all below massif's threshold (1.00%)
#-----------
snapshot=33
#-----------
time=175475088
mem_heap_B=658440
mem_heap_extra_B=210560
mem_stacks_B=0
heap_tree=empty
#-----------
snapshot=34
#-----------
time=181343166
mem_heap_B=657708
mem_heap_extra_B=209828
mem_stacks_B=0
heap_tree=empty
#-----------
snapshot=35
#-----------
time=187195838
mem_heap_B=656940
mem_heap_extra_B=209060
mem_stacks_B=0
heap_tree=empty
#-----------
snapshot=36
#-----------
time=192990898
mem_heap_B=656160
mem_heap_extra_B=208280
mem_stacks_B=0
heap_tree=empty
#-----------
snapshot=37
#-----------
time=196854349
mem_heap_B=655608
mem_heap_extra_B=207728
mem_stacks_B=0
heap_tree=empty
#-----------
snapshot=38
#-----------
time=202671274
mem_heap_B=654708
mem_heap_extra_B=206828
mem_stacks_B=0
heap_tree=empty
#-----------
snapshot=39
#-----------
time=206524109
mem_heap_B=654072
mem_heap_extra_B=206192
mem_stacks_B=0
heap_tree=empty
#-----------
snapshot=40
#-----------
time=210434908
mem_heap_B=653472
mem_heap_extra_B=205592
mem_stacks_B=0
heap_tree=empty
#-----------
snapshot=41
#-----------
time=214348912
mem_heap_B=652740
mem_heap_extra_B=204860
mem_stacks_B=0
heap_tree=empty
#-----------
snapshot=42
#-----------
time=220153512
mem_heap_B=651540
mem_heap_extra_B=203660
mem_stacks_B=0
heap_tree=empty
#-----------
snapshot=43
#-----------
time=225919985
mem_heap_B=650244
mem_heap_extra_B=202364
mem_stacks_B=0
heap_tree=empty
#-----------
snapshot=44
#-----------
time=229776446
mem_heap_B=649236
mem_heap_extra_B=201340
mem_stacks_B=0
heap_tree=empty
#-----------
snapshot=45
#-----------
time=233636955
mem_heap_B=648168
mem_heap_extra_B=200272
mem_stacks_B=0
heap_tree=empty
#-----------
snapshot=46
#-----------
time=239378685
mem_heap_B=646008
mem_heap_extra_B=198096
mem_stacks_B=0
heap_tree=empty
#-----------
snapshot=47
#-----------
time=243210727
mem_heap_B=644156
mem_heap_extra_B=196100
mem_stacks_B=0
heap_tree=empty
#-----------
snapshot=48
#-----------
time=247015618
mem_heap_B=639416
mem_heap_extra_B=191360
mem_stacks_B=0
heap_tree=detailed
n7: 639416 (heap allocation functions) malloc/new/new[], --alloc-fns, etc.
 n1: 368000 0x402E54: cdsl_dyn_array_enqueue (in /home/stefanos/Documents/programming-projects/uni/ntua-embedded-lab/Lab2/src/DRR/drr)
  n1: 368000 0x401613: insert_packet (in /home/stefanos/Documents/programming-projects/uni/ntua-embedded-lab/Lab2/src/DRR/drr)
   n0: 368000 0x40131B: main (in /home/stefanos/Documents/programming-projects/uni/ntua-embedded-lab/Lab2/src/DRR/drr)
 n1: 137592 0x401439: get_next_packet (in /home/stefanos/Documents/programming-projects/uni/ntua-embedded-lab/Lab2/src/DRR/drr)
  n0: 137592 0x4012ED: main (in /home/stefanos/Documents/programming-projects/uni/ntua-embedded-lab/Lab2/src/DRR/drr)
 n1: 79816 0x402CE8: cdsl_dyn_array_init (in /home/stefanos/Documents/programming-projects/uni/ntua-embedded-lab/Lab2/src/DRR/drr)
  n1: 79816 0x40155E: find_node (in /home/stefanos/Documents/programming-projects/uni/ntua-embedded-lab/Lab2/src/DRR/drr)
   n0: 79816 0x401304: main (in /home/stefanos/Documents/programming-projects/uni/ntua-embedded-lab/Lab2/src/DRR/drr)
 n1: 21768 0x401525: find_node (in /home/stefanos/Documents/programming-projects/uni/ntua-embedded-lab/Lab2/src/DRR/drr)
  n0: 21768 0x401304: main (in /home/stefanos/Documents/programming-projects/uni/ntua-embedded-lab/Lab2/src/DRR/drr)
 n1: 21768 0x402B70: cdsl_deque_list_lock_based_pthread_enqueue (in /home/stefanos/Documents/programming-projects/uni/ntua-embedded-lab/Lab2/src/DRR/drr)
  n1: 21768 0x401586: find_node (in /home/stefanos/Documents/programming-projects/uni/ntua-embedded-lab/Lab2/src/DRR/drr)
   n0: 21768 0x401304: main (in /home/stefanos/Documents/programming-projects/uni/ntua-embedded-lab/Lab2/src/DRR/drr)
 n1: 10208 0x402D17: cdsl_dyn_array_init (in /home/stefanos/Documents/programming-projects/uni/ntua-embedded-lab/Lab2/src/DRR/drr)
  n1: 10208 0x40155E: find_node (in /home/stefanos/Documents/programming-projects/uni/ntua-embedded-lab/Lab2/src/DRR/drr)
   n0: 10208 0x401304: main (in /home/stefanos/Documents/programming-projects/uni/ntua-embedded-lab/Lab2/src/DRR/drr)
 n0: 264 in 3 places, all below massif's threshold (1.00%)
#-----------
snapshot=49
#-----------
time=250730693
mem_heap_B=670964
mem_heap_extra_B=203324
mem_stacks_B=0
heap_tree=detailed
n7: 670964 (heap allocation functions) malloc/new/new[], --alloc-fns, etc.
 n1: 384512 0x402E54: cdsl_dyn_array_enqueue (in /home/stefanos/Documents/programming-projects/uni/ntua-embedded-lab/Lab2/src/DRR/drr)
  n1: 384512 0x401613: insert_packet (in /home/stefanos/Documents/programming-projects/uni/ntua-embedded-lab/Lab2/src/DRR/drr)
   n0: 384512 0x40131B: main (in /home/stefanos/Documents/programming-projects/uni/ntua-embedded-lab/Lab2/src/DRR/drr)
 n1: 147420 0x401439: get_next_packet (in /home/stefanos/Documents/programming-projects/uni/ntua-embedded-lab/Lab2/src/DRR/drr)
  n0: 147420 0x4012ED: main (in /home/stefanos/Documents/programming-projects/uni/ntua-embedded-lab/Lab2/src/DRR/drr)
 n1: 82896 0x402CE8: cdsl_dyn_array_init (in /home/stefanos/Documents/programming-projects/uni/ntua-embedded-lab/Lab2/src/DRR/drr)
  n1: 82896 0x40155E: find_node (in /home/stefanos/Documents/programming-projects/uni/ntua-embedded-lab/Lab2/src/DRR/drr)
   n0: 82896 0x401304: main (in /home/stefanos/Documents/programming-projects/uni/ntua-embedded-lab/Lab2/src/DRR/drr)
 n1: 22608 0x401525: find_node (in /home/stefanos/Documents/programming-projects/uni/ntua-embedded-lab/Lab2/src/DRR/drr)
  n0: 22608 0x401304: main (in /home/stefanos/Documents/programming-projects/uni/ntua-embedded-lab/Lab2/src/DRR/drr)
 n1: 22608 0x402B70: cdsl_deque_list_lock_based_pthread_enqueue (in /home/stefanos/Documents/programming-projects/uni/ntua-embedded-lab/Lab2/src/DRR/drr)
  n1: 22608 0x401586: find_node (in /home/stefanos/Documents/programming-projects/uni/ntua-embedded-lab/Lab2/src/DRR/drr)
   n0: 22608 0x401304: main (in /home/stefanos/Documents/programming-projects/uni/ntua-embedded-lab/Lab2/src/DRR/drr)
 n1: 10656 0x402D17: cdsl_dyn_array_init (in /home/stefanos/Documents/programming-projects/uni/ntua-embedded-lab/Lab2/src/DRR/drr)
  n1: 10656 0x40155E: find_node (in /home/stefanos/Documents/programming-projects/uni/ntua-embedded-lab/Lab2/src/DRR/drr)
   n0: 10656 0x401304: main (in /home/stefanos/Documents/programming-projects/uni/ntua-embedded-lab/Lab2/src/DRR/drr)
 n0: 264 in 3 places, all below massif's threshold (1.00%)
#-----------
snapshot=50
#-----------
time=251808174
mem_heap_B=692940
mem_heap_extra_B=208924
mem_stacks_B=0
heap_tree=detailed
n7: 692940 (heap allocation functions) malloc/new/new[], --alloc-fns, etc.
 n1: 400896 0x402E54: cdsl_dyn_array_enqueue (in /home/stefanos/Documents/programming-projects/uni/ntua-embedded-lab/Lab2/src/DRR/drr)
  n1: 400896 0x401613: insert_packet (in /home/stefanos/Documents/programming-projects/uni/ntua-embedded-lab/Lab2/src/DRR/drr)
   n0: 400896 0x40131B: main (in /home/stefanos/Documents/programming-projects/uni/ntua-embedded-lab/Lab2/src/DRR/drr)
 n1: 153012 0x401439: get_next_packet (in /home/stefanos/Documents/programming-projects/uni/ntua-embedded-lab/Lab2/src/DRR/drr)
  n0: 153012 0x4012ED: main (in /home/stefanos/Documents/programming-projects/uni/ntua-embedded-lab/Lab2/src/DRR/drr)
 n1: 82896 0x402CE8: cdsl_dyn_array_init (in /home/stefanos/Documents/programming-projects/uni/ntua-embedded-lab/Lab2/src/DRR/drr)
  n1: 82896 0x40155E: find_node (in /home/stefanos/Documents/programming-projects/uni/ntua-embedded-lab/Lab2/src/DRR/drr)
   n0: 82896 0x401304: main (in /home/stefanos/Documents/programming-projects/uni/ntua-embedded-lab/Lab2/src/DRR/drr)
 n1: 22608 0x401525: find_node (in /home/stefanos/Documents/programming-projects/uni/ntua-embedded-lab/Lab2/src/DRR/drr)
  n0: 22608 0x401304: main (in /home/stefanos/Documents/programming-projects/uni/ntua-embedded-lab/Lab2/src/DRR/drr)
 n1: 22608 0x402B70: cdsl_deque_list_lock_based_pthread_enqueue (in /home/stefanos/Documents/programming-projects/uni/ntua-embedded-lab/Lab2/src/DRR/drr)
  n1: 22608 0x401586: find_node (in /home/stefanos/Documents/programming-projects/uni/ntua-embedded-lab/Lab2/src/DRR/drr)
   n0: 22608 0x401304: main (in /home/stefanos/Documents/programming-projects/uni/ntua-embedded-lab/Lab2/src/DRR/drr)
 n1: 10656 0x402D17: cdsl_dyn_array_init (in /home/stefanos/Documents/programming-projects/uni/ntua-embedded-lab/Lab2/src/DRR/drr)
  n1: 10656 0x40155E: find_node (in /home/stefanos/Documents/programming-projects/uni/ntua-embedded-lab/Lab2/src/DRR/drr)
   n0: 10656 0x401304: main (in /home/stefanos/Documents/programming-projects/uni/ntua-embedded-lab/Lab2/src/DRR/drr)
 n0: 264 in 3 places, all below massif's threshold (1.00%)
#-----------
snapshot=51
#-----------
time=254733972
mem_heap_B=694352
mem_heap_extra_B=214424
mem_stacks_B=0
heap_tree=empty
#-----------
snapshot=52
#-----------
time=257669408
mem_heap_B=693356
mem_heap_extra_B=213412
mem_stacks_B=0
heap_tree=empty
#-----------
snapshot=53
#-----------
time=260590018
mem_heap_B=692192
mem_heap_extra_B=212216
mem_stacks_B=0
heap_tree=empty
#-----------
snapshot=54
#-----------
time=263515204
mem_heap_B=690716
mem_heap_extra_B=210740
mem_stacks_B=0
heap_tree=empty
#-----------
snapshot=55
#-----------
time=266429198
mem_heap_B=688820
mem_heap_extra_B=208812
mem_stacks_B=0
heap_tree=empty
#-----------
snapshot=56
#-----------
time=269344304
mem_heap_B=685496
mem_heap_extra_B=205488
mem_stacks_B=0
heap_tree=empty
#-----------
snapshot=57
#-----------
time=272255858
mem_heap_B=699940
mem_heap_extra_B=208140
mem_stacks_B=0
heap_tree=empty
#-----------
snapshot=58
#-----------
time=272564738
mem_heap_B=704520
mem_heap_extra_B=208840
mem_stacks_B=0
heap_tree=detailed
n7: 704520 (heap allocation functions) malloc/new/new[], --alloc-fns, etc.
 n1: 410688 0x402E54: cdsl_dyn_array_enqueue (in /home/stefanos/Documents/programming-projects/uni/ntua-embedded-lab/Lab2/src/DRR/drr)
  n1: 410688 0x401613: insert_packet (in /home/stefanos/Documents/programming-projects/uni/ntua-embedded-lab/Lab2/src/DRR/drr)
   n0: 410688 0x40131B: main (in /home/stefanos/Documents/programming-projects/uni/ntua-embedded-lab/Lab2/src/DRR/drr)
 n1: 151584 0x401439: get_next_packet (in /home/stefanos/Documents/programming-projects/uni/ntua-embedded-lab/Lab2/src/DRR/drr)
  n0: 151584 0x4012ED: main (in /home/stefanos/Documents/programming-projects/uni/ntua-embedded-lab/Lab2/src/DRR/drr)
 n1: 84832 0x402CE8: cdsl_dyn_array_init (in /home/stefanos/Documents/programming-projects/uni/ntua-embedded-lab/Lab2/src/DRR/drr)
  n1: 84832 0x40155E: find_node (in /home/stefanos/Documents/programming-projects/uni/ntua-embedded-lab/Lab2/src/DRR/drr)
   n0: 84832 0x401304: main (in /home/stefanos/Documents/programming-projects/uni/ntua-embedded-lab/Lab2/src/DRR/drr)
 n1: 23136 0x401525: find_node (in /home/stefanos/Documents/programming-projects/uni/ntua-embedded-lab/Lab2/src/DRR/drr)
  n0: 23136 0x401304: main (in /home/stefanos/Documents/programming-projects/uni/ntua-embedded-lab/Lab2/src/DRR/drr)
 n1: 23136 0x402B70: cdsl_deque_list_lock_based_pthread_enqueue (in /home/stefanos/Documents/programming-projects/uni/ntua-embedded-lab/Lab2/src/DRR/drr)
  n1: 23136 0x401586: find_node (in /home/stefanos/Documents/programming-projects/uni/ntua-embedded-lab/Lab2/src/DRR/drr)
   n0: 23136 0x401304: main (in /home/stefanos/Documents/programming-projects/uni/ntua-embedded-lab/Lab2/src/DRR/drr)
 n1: 10880 0x402D17: cdsl_dyn_array_init (in /home/stefanos/Documents/programming-projects/uni/ntua-embedded-lab/Lab2/src/DRR/drr)
  n1: 10880 0x40155E: find_node (in /home/stefanos/Documents/programming-projects/uni/ntua-embedded-lab/Lab2/src/DRR/drr)
   n0: 10880 0x401304: main (in /home/stefanos/Documents/programming-projects/uni/ntua-embedded-lab/Lab2/src/DRR/drr)
 n0: 264 in 3 places, all below massif's threshold (1.00%)
#-----------
snapshot=59
#-----------
time=273842192
mem_heap_B=711436
mem_heap_extra_B=211180
mem_stacks_B=0
heap_tree=detailed
n7: 711436 (heap allocation functions) malloc/new/new[], --alloc-fns, etc.
 n1: 414144 0x402E54: cdsl_dyn_array_enqueue (in /home/stefanos/Documents/programming-projects/uni/ntua-embedded-lab/Lab2/src/DRR/drr)
  n1: 414144 0x401613: insert_packet (in /home/stefanos/Documents/programming-projects/uni/ntua-embedded-lab/Lab2/src/DRR/drr)
   n0: 414144 0x40131B: main (in /home/stefanos/Documents/programming-projects/uni/ntua-embedded-lab/Lab2/src/DRR/drr)
 n1: 153108 0x401439: get_next_packet (in /home/stefanos/Documents/programming-projects/uni/ntua-embedded-lab/Lab2/src/DRR/drr)
  n0: 153108 0x4012ED: main (in /home/stefanos/Documents/programming-projects/uni/ntua-embedded-lab/Lab2/src/DRR/drr)
 n1: 86064 0x402CE8: cdsl_dyn_array_init (in /home/stefanos/Documents/programming-projects/uni/ntua-embedded-lab/Lab2/src/DRR/drr)
  n1: 86064 0x40155E: find_node (in /home/stefanos/Documents/programming-projects/uni/ntua-embedded-lab/Lab2/src/DRR/drr)
   n0: 86064 0x401304: main (in /home/stefanos/Documents/programming-projects/uni/ntua-embedded-lab/Lab2/src/DRR/drr)
 n1: 23472 0x401525: find_node (in /home/stefanos/Documents/programming-projects/uni/ntua-embedded-lab/Lab2/src/DRR/drr)
  n0: 23472 0x401304: main (in /home/stefanos/Documents/programming-projects/uni/ntua-embedded-lab/Lab2/src/DRR/drr)
 n1: 23472 0x402B70: cdsl_deque_list_lock_based_pthread_enqueue (in /home/stefanos/Documents/programming-projects/uni/ntua-embedded-lab/Lab2/src/DRR/drr)
  n1: 23472 0x401586: find_node (in /home/stefanos/Documents/programming-projects/uni/ntua-embedded-lab/Lab2/src/DRR/drr)
   n0: 23472 0x401304: main (in /home/stefanos/Documents/programming-projects/uni/ntua-embedded-lab/Lab2/src/DRR/drr)
 n1: 10912 0x402D17: cdsl_dyn_array_init (in /home/stefanos/Documents/programming-projects/uni/ntua-embedded-lab/Lab2/src/DRR/drr)
  n1: 10912 0x40155E: find_node (in /home/stefanos/Documents/programming-projects/uni/ntua-embedded-lab/Lab2/src/DRR/drr)
   n0: 10912 0x401304: main (in /home/stefanos/Documents/programming-projects/uni/ntua-embedded-lab/Lab2/src/DRR/drr)
 n0: 264 in 3 places, all below massif's threshold (1.00%)
#-----------
snapshot=60
#-----------
time=273964319
mem_heap_B=718816
mem_heap_extra_B=213392
mem_stacks_B=0
heap_tree=detailed
n7: 718816 (heap allocation functions) malloc/new/new[], --alloc-fns, etc.
 n1: 418176 0x402E54: cdsl_dyn_array_enqueue (in /home/stefanos/Documents/programming-projects/uni/ntua-embedded-lab/Lab2/src/DRR/drr)
  n1: 418176 0x401613: insert_packet (in /home/stefanos/Documents/programming-projects/uni/ntua-embedded-lab/Lab2/src/DRR/drr)
   n0: 418176 0x40131B: main (in /home/stefanos/Documents/programming-projects/uni/ntua-embedded-lab/Lab2/src/DRR/drr)
 n1: 154560 0x401439: get_next_packet (in /home/stefanos/Documents/programming-projects/uni/ntua-embedded-lab/Lab2/src/DRR/drr)
  n0: 154560 0x4012ED: main (in /home/stefanos/Documents/programming-projects/uni/ntua-embedded-lab/Lab2/src/DRR/drr)
 n1: 87208 0x402CE8: cdsl_dyn_array_init (in /home/stefanos/Documents/programming-projects/uni/ntua-embedded-lab/Lab2/src/DRR/drr)
  n1: 87208 0x40155E: find_node (in /home/stefanos/Documents/programming-projects/uni/ntua-embedded-lab/Lab2/src/DRR/drr)
   n0: 87208 0x401304: main (in /home/stefanos/Documents/programming-projects/uni/ntua-embedded-lab/Lab2/src/DRR/drr)
 n1: 23784 0x401525: find_node (in /home/stefanos/Documents/programming-projects/uni/ntua-embedded-lab/Lab2/src/DRR/drr)
  n0: 23784 0x401304: main (in /home/stefanos/Documents/programming-projects/uni/ntua-embedded-lab/Lab2/src/DRR/drr)
 n1: 23784 0x402B70: cdsl_deque_list_lock_based_pthread_enqueue (in /home/stefanos/Documents/programming-projects/uni/ntua-embedded-lab/Lab2/src/DRR/drr)
  n1: 23784 0x401586: find_node (in /home/stefanos/Documents/programming-projects/uni/ntua-embedded-lab/Lab2/src/DRR/drr)
   n0: 23784 0x401304: main (in /home/stefanos/Documents/programming-projects/uni/ntua-embedded-lab/Lab2/src/DRR/drr)
 n1: 11040 0x402D17: cdsl_dyn_array_init (in /home/stefanos/Documents/programming-projects/uni/ntua-embedded-lab/Lab2/src/DRR/drr)
  n1: 11040 0x40155E: find_node (in /home/stefanos/Documents/programming-projects/uni/ntua-embedded-lab/Lab2/src/DRR/drr)
   n0: 11040 0x401304: main (in /home/stefanos/Documents/programming-projects/uni/ntua-embedded-lab/Lab2/src/DRR/drr)
 n0: 264 in 3 places, all below massif's threshold (1.00%)
#-----------
snapshot=61
#-----------
time=274088933
mem_heap_B=732640
mem_heap_extra_B=218016
mem_stacks_B=0
heap_tree=detailed
n7: 732640 (heap allocation functions) malloc/new/new[], --alloc-fns, etc.
 n1: 427392 0x402E54: cdsl_dyn_array_enqueue (in /home/stefanos/Documents/programming-projects/uni/ntua-embedded-lab/Lab2/src/DRR/drr)
  n1: 427392 0x401613: insert_packet (in /home/stefanos/Documents/programming-projects/uni/ntua-embedded-lab/Lab2/src/DRR/drr)
   n0: 427392 0x40131B: main (in /home/stefanos/Documents/programming-projects/uni/ntua-embedded-lab/Lab2/src/DRR/drr)
 n1: 159168 0x401439: get_next_packet (in /home/stefanos/Documents/programming-projects/uni/ntua-embedded-lab/Lab2/src/DRR/drr)
  n0: 159168 0x4012ED: main (in /home/stefanos/Documents/programming-projects/uni/ntua-embedded-lab/Lab2/src/DRR/drr)
 n1: 87208 0x402CE8: cdsl_dyn_array_init (in /home/stefanos/Documents/programming-projects/uni/ntua-embedded-lab/Lab2/src/DRR/drr)
  n1: 87208 0x40155E: find_node (in /home/stefanos/Documents/programming-projects/uni/ntua-embedded-lab/Lab2/src/DRR/drr)
   n0: 87208 0x401304: main (in /home/stefanos/Documents/programming-projects/uni/ntua-embedded-lab/Lab2/src/DRR/drr)
 n1: 23784 0x401525: find_node (in /home/stefanos/Documents/programming-projects/uni/ntua-embedded-lab/Lab2/src/DRR/drr)
  n0: 23784 0x401304: main (in /home/stefanos/Documents/programming-projects/uni/ntua-embedded-lab/Lab2/src/DRR/drr)
 n1: 23784 0x402B70: cdsl_deque_list_lock_based_pthread_enqueue (in /home/stefanos/Documents/programming-projects/uni/ntua-embedded-lab/Lab2/src/DRR/drr)
  n1: 23784 0x401586: find_node (in /home/stefanos/Documents/programming-projects/uni/ntua-embedded-lab/Lab2/src/DRR/drr)
   n0: 23784 0x401304: main (in /home/stefanos/Documents/programming-projects/uni/ntua-embedded-lab/Lab2/src/DRR/drr)
 n1: 11040 0x402D17: cdsl_dyn_array_init (in /home/stefanos/Documents/programming-projects/uni/ntua-embedded-lab/Lab2/src/DRR/drr)
  n1: 11040 0x40155E: find_node (in /home/stefanos/Documents/programming-projects/uni/ntua-embedded-lab/Lab2/src/DRR/drr)
   n0: 11040 0x401304: main (in /home/stefanos/Documents/programming-projects/uni/ntua-embedded-lab/Lab2/src/DRR/drr)
 n0: 264 in 3 places, all below massif's threshold (1.00%)
#-----------
snapshot=62
#-----------
time=274506698
mem_heap_B=739060
mem_heap_extra_B=222324
mem_stacks_B=0
heap_tree=detailed
n7: 739060 (heap allocation functions) malloc/new/new[], --alloc-fns, etc.
 n1: 429440 0x402E54: cdsl_dyn_array_enqueue (in /home/stefanos/Documents/programming-projects/uni/ntua-embedded-lab/Lab2/src/DRR/drr)
  n1: 429440 0x401613: insert_packet (in /home/stefanos/Documents/programming-projects/uni/ntua-embedded-lab/Lab2/src/DRR/drr)
   n0: 429440 0x40131B: main (in /home/stefanos/Documents/programming-projects/uni/ntua-embedded-lab/Lab2/src/DRR/drr)
 n1: 163404 0x401439: get_next_packet (in /home/stefanos/Documents/programming-projects/uni/ntua-embedded-lab/Lab2/src/DRR/drr)
  n0: 163404 0x4012ED: main (in /home/stefanos/Documents/programming-projects/uni/ntua-embedded-lab/Lab2/src/DRR/drr)
 n1: 87296 0x402CE8: cdsl_dyn_array_init (in /home/stefanos/Documents/programming-projects/uni/ntua-embedded-lab/Lab2/src/DRR/drr)
  n1: 87296 0x40155E: find_node (in /home/stefanos/Documents/programming-projects/uni/ntua-embedded-lab/Lab2/src/DRR/drr)
   n0: 87296 0x401304: main (in /home/stefanos/Documents/programming-projects/uni/ntua-embedded-lab/Lab2/src/DRR/drr)
 n1: 23808 0x401525: find_node (in /home/stefanos/Documents/programming-projects/uni/ntua-embedded-lab/Lab2/src/DRR/drr)
  n0: 23808 0x401304: main (in /home/stefanos/Documents/programming-projects/uni/ntua-embedded-lab/Lab2/src/DRR/drr)
 n1: 23808 0x402B70: cdsl_deque_list_lock_based_pthread_enqueue (in /home/stefanos/Documents/programming-projects/uni/ntua-embedded-lab/Lab2/src/DRR/drr)
  n1: 23808 0x401586: find_node (in /home/stefanos/Documents/programming-projects/uni/ntua-embedded-lab/Lab2/src/DRR/drr)
   n0: 23808 0x401304: main (in /home/stefanos/Documents/programming-projects/uni/ntua-embedded-lab/Lab2/src/DRR/drr)
 n1: 11040 0x402D17: cdsl_dyn_array_init (in /home/stefanos/Documents/programming-projects/uni/ntua-embedded-lab/Lab2/src/DRR/drr)
  n1: 11040 0x40155E: find_node (in /home/stefanos/Documents/programming-projects/uni/ntua-embedded-lab/Lab2/src/DRR/drr)
   n0: 11040 0x401304: main (in /home/stefanos/Documents/programming-projects/uni/ntua-embedded-lab/Lab2/src/DRR/drr)
 n0: 264 in 3 places, all below massif's threshold (1.00%)
#-----------
snapshot=63
#-----------
time=274589741
mem_heap_B=748276
mem_heap_extra_B=225412
mem_stacks_B=0
heap_tree=detailed
n7: 748276 (heap allocation functions) malloc/new/new[], --alloc-fns, etc.
 n1: 435584 0x402E54: cdsl_dyn_array_enqueue (in /home/stefanos/Documents/programming-projects/uni/ntua-embedded-lab/Lab2/src/DRR/drr)
  n1: 435584 0x401613: insert_packet (in /home/stefanos/Documents/programming-projects/uni/ntua-embedded-lab/Lab2/src/DRR/drr)
   n0: 435584 0x40131B: main (in /home/stefanos/Documents/programming-projects/uni/ntua-embedded-lab/Lab2/src/DRR/drr)
 n1: 166476 0x401439: get_next_packet (in /home/stefanos/Documents/programming-projects/uni/ntua-embedded-lab/Lab2/src/DRR/drr)
  n0: 166476 0x4012ED: main (in /home/stefanos/Documents/programming-projects/uni/ntua-embedded-lab/Lab2/src/DRR/drr)
 n1: 87296 0x402CE8: cdsl_dyn_array_init (in /home/stefanos/Documents/programming-projects/uni/ntua-embedded-lab/Lab2/src/DRR/drr)
  n1: 87296 0x40155E: find_node (in /home/stefanos/Documents/programming-projects/uni/ntua-embedded-lab/Lab2/src/DRR/drr)
   n0: 87296 0x401304: main (in /home/stefanos/Documents/programming-projects/uni/ntua-embedded-lab/Lab2/src/DRR/drr)
 n1: 23808 0x401525: find_node (in /home/stefanos/Documents/programming-projects/uni/ntua-embedded-lab/Lab2/src/DRR/drr)
  n0: 23808 0x401304: main (in /home/stefanos/Documents/programming-projects/uni/ntua-embedded-lab/Lab2/src/DRR/drr)
 n1: 23808 0x402B70: cdsl_deque_list_lock_based_pthread_enqueue (in /home/stefanos/Documents/programming-projects/uni/ntua-embedded-lab/Lab2/src/DRR/drr)
  n1: 23808 0x401586: find_node (in /home/stefanos/Documents/programming-projects/uni/ntua-embedded-lab/Lab2/src/DRR/drr)
   n0: 23808 0x401304: main (in /home/stefanos/Documents/programming-projects/uni/ntua-embedded-lab/Lab2/src/DRR/drr)
 n1: 11040 0x402D17: cdsl_dyn_array_init (in /home/stefanos/Documents/programming-projects/uni/ntua-embedded-lab/Lab2/src/DRR/drr)
  n1: 11040 0x40155E: find_node (in /home/stefanos/Documents/programming-projects/uni/ntua-embedded-lab/Lab2/src/DRR/drr)
   n0: 11040 0x401304: main (in /home/stefanos/Documents/programming-projects/uni/ntua-embedded-lab/Lab2/src/DRR/drr)
 n0: 264 in 3 places, all below massif's threshold (1.00%)
#-----------
snapshot=64
#-----------
time=277512709
mem_heap_B=749052
mem_heap_extra_B=230260
mem_stacks_B=0
heap_tree=empty
#-----------
snapshot=65
#-----------
time=280428994
mem_heap_B=747672
mem_heap_extra_B=228880
mem_stacks_B=0
heap_tree=empty
#-----------
snapshot=66
#-----------
time=283357459
mem_heap_B=746256
mem_heap_extra_B=227448
mem_stacks_B=0
heap_tree=empty
#-----------
snapshot=67
#-----------
time=286271079
mem_heap_B=743928
mem_heap_extra_B=225120
mem_stacks_B=0
heap_tree=empty
#-----------
snapshot=68
#-----------
time=289182711
mem_heap_B=757548
mem_heap_extra_B=225396
mem_stacks_B=0
heap_tree=empty
#-----------
snapshot=69
#-----------
time=289188814
mem_heap_B=758380
mem_heap_extra_B=225612
mem_stacks_B=0
heap_tree=detailed
n7: 758380 (heap allocation functions) malloc/new/new[], --alloc-fns, etc.
 n1: 439808 0x402E54: cdsl_dyn_array_enqueue (in /home/stefanos/Documents/programming-projects/uni/ntua-embedded-lab/Lab2/src/DRR/drr)
  n1: 439808 0x401613: insert_packet (in /home/stefanos/Documents/programming-projects/uni/ntua-embedded-lab/Lab2/src/DRR/drr)
   n0: 439808 0x40131B: main (in /home/stefanos/Documents/programming-projects/uni/ntua-embedded-lab/Lab2/src/DRR/drr)
 n1: 163116 0x401439: get_next_packet (in /home/stefanos/Documents/programming-projects/uni/ntua-embedded-lab/Lab2/src/DRR/drr)
  n0: 163116 0x4012ED: main (in /home/stefanos/Documents/programming-projects/uni/ntua-embedded-lab/Lab2/src/DRR/drr)
 n1: 92840 0x402CE8: cdsl_dyn_array_init (in /home/stefanos/Documents/programming-projects/uni/ntua-embedded-lab/Lab2/src/DRR/drr)
  n1: 92840 0x40155E: find_node (in /home/stefanos/Documents/programming-projects/uni/ntua-embedded-lab/Lab2/src/DRR/drr)
   n0: 92840 0x401304: main (in /home/stefanos/Documents/programming-projects/uni/ntua-embedded-lab/Lab2/src/DRR/drr)
 n1: 25320 0x401525: find_node (in /home/stefanos/Documents/programming-projects/uni/ntua-embedded-lab/Lab2/src/DRR/drr)
  n0: 25320 0x401304: main (in /home/stefanos/Documents/programming-projects/uni/ntua-embedded-lab/Lab2/src/DRR/drr)
 n1: 25320 0x402B70: cdsl_deque_list_lock_based_pthread_enqueue (in /home/stefanos/Documents/programming-projects/uni/ntua-embedded-lab/Lab2/src/DRR/drr)
  n1: 25320 0x401586: find_node (in /home/stefanos/Documents/programming-projects/uni/ntua-embedded-lab/Lab2/src/DRR/drr)
   n0: 25320 0x401304: main (in /home/stefanos/Documents/programming-projects/uni/ntua-embedded-lab/Lab2/src/DRR/drr)
 n1: 11712 0x402D17: cdsl_dyn_array_init (in /home/stefanos/Documents/programming-projects/uni/ntua-embedded-lab/Lab2/src/DRR/drr)
  n1: 11712 0x40155E: find_node (in /home/stefanos/Documents/programming-projects/uni/ntua-embedded-lab/Lab2/src/DRR/drr)
   n0: 11712 0x401304: main (in /home/stefanos/Documents/programming-projects/uni/ntua-embedded-lab/Lab2/src/DRR/drr)
 n0: 264 in 3 places, all below massif's threshold (1.00%)
#-----------
snapshot=70
#-----------
time=290223730
mem_heap_B=768088
mem_heap_extra_B=227032
mem_stacks_B=0
heap_tree=detailed
n7: 768088 (heap allocation functions) malloc/new/new[], --alloc-fns, etc.
 n1: 446656 0x402E54: cdsl_dyn_array_enqueue (in /home/stefanos/Documents/programming-projects/uni/ntua-embedded-lab/Lab2/src/DRR/drr)
  n1: 446656 0x401613: insert_packet (in /home/stefanos/Documents/programming-projects/uni/ntua-embedded-lab/Lab2/src/DRR/drr)
   n0: 446656 0x40131B: main (in /home/stefanos/Documents/programming-projects/uni/ntua-embedded-lab/Lab2/src/DRR/drr)
 n1: 163296 0x401439: get_next_packet (in /home/stefanos/Documents/programming-projects/uni/ntua-embedded-lab/Lab2/src/DRR/drr)
  n0: 163296 0x4012ED: main (in /home/stefanos/Documents/programming-projects/uni/ntua-embedded-lab/Lab2/src/DRR/drr)
 n1: 94512 0x402CE8: cdsl_dyn_array_init (in /home/stefanos/Documents/programming-projects/uni/ntua-embedded-lab/Lab2/src/DRR/drr)
  n1: 94512 0x40155E: find_node (in /home/stefanos/Documents/programming-projects/uni/ntua-embedded-lab/Lab2/src/DRR/drr)
   n0: 94512 0x401304: main (in /home/stefanos/Documents/programming-projects/uni/ntua-embedded-lab/Lab2/src/DRR/drr)
 n1: 25776 0x401525: find_node (in /home/stefanos/Documents/programming-projects/uni/ntua-embedded-lab/Lab2/src/DRR/drr)
  n0: 25776 0x401304: main (in /home/stefanos/Documents/programming-projects/uni/ntua-embedded-lab/Lab2/src/DRR/drr)
 n1: 25776 0x402B70: cdsl_deque_list_lock_based_pthread_enqueue (in /home/stefanos/Documents/programming-projects/uni/ntua-embedded-lab/Lab2/src/DRR/drr)
  n1: 25776 0x401586: find_node (in /home/stefanos/Documents/programming-projects/uni/ntua-embedded-lab/Lab2/src/DRR/drr)
   n0: 25776 0x401304: main (in /home/stefanos/Documents/programming-projects/uni/ntua-embedded-lab/Lab2/src/DRR/drr)
 n1: 11808 0x402D17: cdsl_dyn_array_init (in /home/stefanos/Documents/programming-projects/uni/ntua-embedded-lab/Lab2/src/DRR/drr)
  n1: 11808 0x40155E: find_node (in /home/stefanos/Documents/programming-projects/uni/ntua-embedded-lab/Lab2/src/DRR/drr)
   n0: 11808 0x401304: main (in /home/stefanos/Documents/programming-projects/uni/ntua-embedded-lab/Lab2/src/DRR/drr)
 n0: 264 in 3 places, all below massif's threshold (1.00%)
#-----------
snapshot=71
#-----------
time=290937843
mem_heap_B=778560
mem_heap_extra_B=229568
mem_stacks_B=0
heap_tree=detailed
n7: 778560 (heap allocation functions) malloc/new/new[], --alloc-fns, etc.
 n1: 452608 0x402E54: cdsl_dyn_array_enqueue (in /home/stefanos/Documents/programming-projects/uni/ntua-embedded-lab/Lab2/src/DRR/drr)
  n1: 452608 0x401613: insert_packet (in /home/stefanos/Documents/programming-projects/uni/ntua-embedded-lab/Lab2/src/DRR/drr)
   n0: 452608 0x40131B: main (in /home/stefanos/Documents/programming-projects/uni/ntua-embedded-lab/Lab2/src/DRR/drr)
 n1: 164328 0x401439: get_next_packet (in /home/stefanos/Documents/programming-projects/uni/ntua-embedded-lab/Lab2/src/DRR/drr)
  n0: 164328 0x4012ED: main (in /home/stefanos/Documents/programming-projects/uni/ntua-embedded-lab/Lab2/src/DRR/drr)
 n1: 96624 0x402CE8: cdsl_dyn_array_init (in /home/stefanos/Documents/programming-projects/uni/ntua-embedded-lab/Lab2/src/DRR/drr)
  n1: 96624 0x40155E: find_node (in /home/stefanos/Documents/programming-projects/uni/ntua-embedded-lab/Lab2/src/DRR/drr)
   n0: 96624 0x401304: main (in /home/stefanos/Documents/programming-projects/uni/ntua-embedded-lab/Lab2/src/DRR/drr)
 n1: 26352 0x401525: find_node (in /home/stefanos/Documents/programming-projects/uni/ntua-embedded-lab/Lab2/src/DRR/drr)
  n0: 26352 0x401304: main (in /home/stefanos/Documents/programming-projects/uni/ntua-embedded-lab/Lab2/src/DRR/drr)
 n1: 26352 0x402B70: cdsl_deque_list_lock_based_pthread_enqueue (in /home/stefanos/Documents/programming-projects/uni/ntua-embedded-lab/Lab2/src/DRR/drr)
  n1: 26352 0x401586: find_node (in /home/stefanos/Documents/programming-projects/uni/ntua-embedded-lab/Lab2/src/DRR/drr)
   n0: 26352 0x401304: main (in /home/stefanos/Documents/programming-projects/uni/ntua-embedded-lab/Lab2/src/DRR/drr)
 n1: 12032 0x402D17: cdsl_dyn_array_init (in /home/stefanos/Documents/programming-projects/uni/ntua-embedded-lab/Lab2/src/DRR/drr)
  n1: 12032 0x40155E: find_node (in /home/stefanos/Documents/programming-projects/uni/ntua-embedded-lab/Lab2/src/DRR/drr)
   n0: 12032 0x401304: main (in /home/stefanos/Documents/programming-projects/uni/ntua-embedded-lab/Lab2/src/DRR/drr)
 n0: 264 in 3 places, all below massif's threshold (1.00%)
#-----------
snapshot=72
#-----------
time=291804808
mem_heap_B=787508
mem_heap_extra_B=230964
mem_stacks_B=0
heap_tree=detailed
n7: 787508 (heap allocation functions) malloc/new/new[], --alloc-fns, etc.
 n1: 457088 0x402E54: cdsl_dyn_array_enqueue (in /home/stefanos/Documents/programming-projects/uni/ntua-embedded-lab/Lab2/src/DRR/drr)
  n1: 457088 0x401613: insert_packet (in /home/stefanos/Documents/programming-projects/uni/ntua-embedded-lab/Lab2/src/DRR/drr)
   n0: 457088 0x40131B: main (in /home/stefanos/Documents/programming-projects/uni/ntua-embedded-lab/Lab2/src/DRR/drr)
 n1: 163716 0x401439: get_next_packet (in /home/stefanos/Documents/programming-projects/uni/ntua-embedded-lab/Lab2/src/DRR/drr)
  n0: 163716 0x4012ED: main (in /home/stefanos/Documents/programming-projects/uni/ntua-embedded-lab/Lab2/src/DRR/drr)
 n1: 99704 0x402CE8: cdsl_dyn_array_init (in /home/stefanos/Documents/programming-projects/uni/ntua-embedded-lab/Lab2/src/DRR/drr)
  n1: 99704 0x40155E: find_node (in /home/stefanos/Documents/programming-projects/uni/ntua-embedded-lab/Lab2/src/DRR/drr)
   n0: 99704 0x401304: main (in /home/stefanos/Documents/programming-projects/uni/ntua-embedded-lab/Lab2/src/DRR/drr)
 n1: 27192 0x401525: find_node (in /home/stefanos/Documents/programming-projects/uni/ntua-embedded-lab/Lab2/src/DRR/drr)
  n0: 27192 0x401304: main (in /home/stefanos/Documents/programming-projects/uni/ntua-embedded-lab/Lab2/src/DRR/drr)
 n1: 27192 0x402B70: cdsl_deque_list_lock_based_pthread_enqueue (in /home/stefanos/Documents/programming-projects/uni/ntua-embedded-lab/Lab2/src/DRR/drr)
  n1: 27192 0x401586: find_node (in /home/stefanos/Documents/programming-projects/uni/ntua-embedded-lab/Lab2/src/DRR/drr)
   n0: 27192 0x401304: main (in /home/stefanos/Documents/programming-projects/uni/ntua-embedded-lab/Lab2/src/DRR/drr)
 n1: 12352 0x402D17: cdsl_dyn_array_init (in /home/stefanos/Documents/programming-projects/uni/ntua-embedded-lab/Lab2/src/DRR/drr)
  n1: 12352 0x40155E: find_node (in /home/stefanos/Documents/programming-projects/uni/ntua-embedded-lab/Lab2/src/DRR/drr)
   n0: 12352 0x401304: main (in /home/stefanos/Documents/programming-projects/uni/ntua-embedded-lab/Lab2/src/DRR/drr)
 n0: 264 in 3 places, all below massif's threshold (1.00%)
#-----------
snapshot=73
#-----------
time=292174090
mem_heap_B=795956
mem_heap_extra_B=232804
mem_stacks_B=0
heap_tree=detailed
n7: 795956 (heap allocation functions) malloc/new/new[], --alloc-fns, etc.
 n1: 460992 0x402E54: cdsl_dyn_array_enqueue (in /home/stefanos/Documents/programming-projects/uni/ntua-embedded-lab/Lab2/src/DRR/drr)
  n1: 460992 0x401613: insert_packet (in /home/stefanos/Documents/programming-projects/uni/ntua-embedded-lab/Lab2/src/DRR/drr)
   n0: 460992 0x40131B: main (in /home/stefanos/Documents/programming-projects/uni/ntua-embedded-lab/Lab2/src/DRR/drr)
 n1: 163932 0x401439: get_next_packet (in /home/stefanos/Documents/programming-projects/uni/ntua-embedded-lab/Lab2/src/DRR/drr)
  n0: 163932 0x4012ED: main (in /home/stefanos/Documents/programming-projects/uni/ntua-embedded-lab/Lab2/src/DRR/drr)
 n1: 102256 0x402CE8: cdsl_dyn_array_init (in /home/stefanos/Documents/programming-projects/uni/ntua-embedded-lab/Lab2/src/DRR/drr)
  n1: 102256 0x40155E: find_node (in /home/stefanos/Documents/programming-projects/uni/ntua-embedded-lab/Lab2/src/DRR/drr)
   n0: 102256 0x401304: main (in /home/stefanos/Documents/programming-projects/uni/ntua-embedded-lab/Lab2/src/DRR/drr)
 n1: 27888 0x401525: find_node (in /home/stefanos/Documents/programming-projects/uni/ntua-embedded-lab/Lab2/src/DRR/drr)
  n0: 27888 0x401304: main (in /home/stefanos/Documents/programming-projects/uni/ntua-embedded-lab/Lab2/src/DRR/drr)
 n1: 27888 0x402B70: cdsl_deque_list_lock_based_pthread_enqueue (in /home/stefanos/Documents/programming-projects/uni/ntua-embedded-lab/Lab2/src/DRR/drr)
  n1: 27888 0x401586: find_node (in /home/stefanos/Documents/programming-projects/uni/ntua-embedded-lab/Lab2/src/DRR/drr)
   n0: 27888 0x401304: main (in /home/stefanos/Documents/programming-projects/uni/ntua-embedded-lab/Lab2/src/DRR/drr)
 n1: 12736 0x402D17: cdsl_dyn_array_init (in /home/stefanos/Documents/programming-projects/uni/ntua-embedded-lab/Lab2/src/DRR/drr)
  n1: 12736 0x40155E: find_node (in /home/stefanos/Documents/programming-projects/uni/ntua-embedded-lab/Lab2/src/DRR/drr)
   n0: 12736 0x401304: main (in /home/stefanos/Documents/programming-projects/uni/ntua-embedded-lab/Lab2/src/DRR/drr)
 n0: 264 in 3 places, all below massif's threshold (1.00%)
#-----------
snapshot=74
#-----------
time=292528307
mem_heap_B=804360
mem_heap_extra_B=234744
mem_stacks_B=0
heap_tree=detailed
n7: 804360 (heap allocation functions) malloc/new/new[], --alloc-fns, etc.
 n1: 464256 0x402E54: cdsl_dyn_array_enqueue (in /home/stefanos/Documents/programming-projects/uni/ntua-embedded-lab/Lab2/src/DRR/drr)
  n1: 464256 0x401613: insert_packet (in /home/stefanos/Documents/programming-projects/uni/ntua-embedded-lab/Lab2/src/DRR/drr)
   n0: 464256 0x40131B: main (in /home/stefanos/Documents/programming-projects/uni/ntua-embedded-lab/Lab2/src/DRR/drr)
 n1: 163968 0x401439: get_next_packet (in /home/stefanos/Documents/programming-projects/uni/ntua-embedded-lab/Lab2/src/DRR/drr)
  n0: 163968 0x4012ED: main (in /home/stefanos/Documents/programming-projects/uni/ntua-embedded-lab/Lab2/src/DRR/drr)
 n1: 105248 0x402CE8: cdsl_dyn_array_init (in /home/stefanos/Documents/programming-projects/uni/ntua-embedded-lab/Lab2/src/DRR/drr)
  n1: 105248 0x40155E: find_node (in /home/stefanos/Documents/programming-projects/uni/ntua-embedded-lab/Lab2/src/DRR/drr)
   n0: 105248 0x401304: main (in /home/stefanos/Documents/programming-projects/uni/ntua-embedded-lab/Lab2/src/DRR/drr)
 n1: 28704 0x401525: find_node (in /home/stefanos/Documents/programming-projects/uni/ntua-embedded-lab/Lab2/src/DRR/drr)
  n0: 28704 0x401304: main (in /home/stefanos/Documents/programming-projects/uni/ntua-embedded-lab/Lab2/src/DRR/drr)
 n1: 28704 0x402B70: cdsl_deque_list_lock_based_pthread_enqueue (in /home/stefanos/Documents/programming-projects/uni/ntua-embedded-lab/Lab2/src/DRR/drr)
  n1: 28704 0x401586: find_node (in /home/stefanos/Documents/programming-projects/uni/ntua-embedded-lab/Lab2/src/DRR/drr)
   n0: 28704 0x401304: main (in /home/stefanos/Documents/programming-projects/uni/ntua-embedded-lab/Lab2/src/DRR/drr)
 n1: 13216 0x402D17: cdsl_dyn_array_init (in /home/stefanos/Documents/programming-projects/uni/ntua-embedded-lab/Lab2/src/DRR/drr)
  n1: 13216 0x40155E: find_node (in /home/stefanos/Documents/programming-projects/uni/ntua-embedded-lab/Lab2/src/DRR/drr)
   n0: 13216 0x401304: main (in /home/stefanos/Documents/programming-projects/uni/ntua-embedded-lab/Lab2/src/DRR/drr)
 n0: 264 in 3 places, all below massif's threshold (1.00%)
#-----------
snapshot=75
#-----------
time=292723049
mem_heap_B=812856
mem_heap_extra_B=236904
mem_stacks_B=0
heap_tree=detailed
n7: 812856 (heap allocation functions) malloc/new/new[], --alloc-fns, etc.
 n1: 467200 0x402E54: cdsl_dyn_array_enqueue (in /home/stefanos/Documents/programming-projects/uni/ntua-embedded-lab/Lab2/src/DRR/drr)
  n1: 467200 0x401613: insert_packet (in /home/stefanos/Documents/programming-projects/uni/ntua-embedded-lab/Lab2/src/DRR/drr)
   n0: 467200 0x40131B: main (in /home/stefanos/Documents/programming-projects/uni/ntua-embedded-lab/Lab2/src/DRR/drr)
 n1: 164112 0x401439: get_next_packet (in /home/stefanos/Documents/programming-projects/uni/ntua-embedded-lab/Lab2/src/DRR/drr)
  n0: 164112 0x4012ED: main (in /home/stefanos/Documents/programming-projects/uni/ntua-embedded-lab/Lab2/src/DRR/drr)
 n1: 108416 0x402CE8: cdsl_dyn_array_init (in /home/stefanos/Documents/programming-projects/uni/ntua-embedded-lab/Lab2/src/DRR/drr)
  n1: 108416 0x40155E: find_node (in /home/stefanos/Documents/programming-projects/uni/ntua-embedded-lab/Lab2/src/DRR/drr)
   n0: 108416 0x401304: main (in /home/stefanos/Documents/programming-projects/uni/ntua-embedded-lab/Lab2/src/DRR/drr)
 n1: 29568 0x401525: find_node (in /home/stefanos/Documents/programming-projects/uni/ntua-embedded-lab/Lab2/src/DRR/drr)
  n0: 29568 0x401304: main (in /home/stefanos/Documents/programming-projects/uni/ntua-embedded-lab/Lab2/src/DRR/drr)
 n1: 29568 0x402B70: cdsl_deque_list_lock_based_pthread_enqueue (in /home/stefanos/Documents/programming-projects/uni/ntua-embedded-lab/Lab2/src/DRR/drr)
  n1: 29568 0x401586: find_node (in /home/stefanos/Documents/programming-projects/uni/ntua-embedded-lab/Lab2/src/DRR/drr)
   n0: 29568 0x401304: main (in /home/stefanos/Documents/programming-projects/uni/ntua-embedded-lab/Lab2/src/DRR/drr)
 n1: 13728 0x402D17: cdsl_dyn_array_init (in /home/stefanos/Documents/programming-projects/uni/ntua-embedded-lab/Lab2/src/DRR/drr)
  n1: 13728 0x40155E: find_node (in /home/stefanos/Documents/programming-projects/uni/ntua-embedded-lab/Lab2/src/DRR/drr)
   n0: 13728 0x401304: main (in /home/stefanos/Documents/programming-projects/uni/ntua-embedded-lab/Lab2/src/DRR/drr)
 n0: 264 in 3 places, all below massif's threshold (1.00%)
#-----------
snapshot=76
#-----------
time=292973231
mem_heap_B=821380
mem_heap_extra_B=238916
mem_stacks_B=0
heap_tree=detailed
n7: 821380 (heap allocation functions) malloc/new/new[], --alloc-fns, etc.
 n1: 470656 0x402E54: cdsl_dyn_array_enqueue (in /home/stefanos/Documents/programming-projects/uni/ntua-embedded-lab/Lab2/src/DRR/drr)
  n1: 470656 0x401613: insert_packet (in /home/stefanos/Documents/programming-projects/uni/ntua-embedded-lab/Lab2/src/DRR/drr)
   n0: 470656 0x40131B: main (in /home/stefanos/Documents/programming-projects/uni/ntua-embedded-lab/Lab2/src/DRR/drr)
 n1: 164244 0x401439: get_next_packet (in /home/stefanos/Documents/programming-projects/uni/ntua-embedded-lab/Lab2/src/DRR/drr)
  n0: 164244 0x4012ED: main (in /home/stefanos/Documents/programming-projects/uni/ntua-embedded-lab/Lab2/src/DRR/drr)
 n1: 111320 0x402CE8: cdsl_dyn_array_init (in /home/stefanos/Documents/programming-projects/uni/ntua-embedded-lab/Lab2/src/DRR/drr)
  n1: 111320 0x40155E: find_node (in /home/stefanos/Documents/programming-projects/uni/ntua-embedded-lab/Lab2/src/DRR/drr)
   n0: 111320 0x401304: main (in /home/stefanos/Documents/programming-projects/uni/ntua-embedded-lab/Lab2/src/DRR/drr)
 n1: 30360 0x401525: find_node (in /home/stefanos/Documents/programming-projects/uni/ntua-embedded-lab/Lab2/src/DRR/drr)
  n0: 30360 0x401304: main (in /home/stefanos/Documents/programming-projects/uni/ntua-embedded-lab/Lab2/src/DRR/drr)
 n1: 30360 0x402B70: cdsl_deque_list_lock_based_pthread_enqueue (in /home/stefanos/Documents/programming-projects/uni/ntua-embedded-lab/Lab2/src/DRR/drr)
  n1: 30360 0x401586: find_node (in /home/stefanos/Documents/programming-projects/uni/ntua-embedded-lab/Lab2/src/DRR/drr)
   n0: 30360 0x401304: main (in /home/stefanos/Documents/programming-projects/uni/ntua-embedded-lab/Lab2/src/DRR/drr)
 n1: 14176 0x402D17: cdsl_dyn_array_init (in /home/stefanos/Documents/programming-projects/uni/ntua-embedded-lab/Lab2/src/DRR/drr)
  n1: 14176 0x40155E: find_node (in /home/stefanos/Documents/programming-projects/uni/ntua-embedded-lab/Lab2/src/DRR/drr)
   n0: 14176 0x401304: main (in /home/stefanos/Documents/programming-projects/uni/ntua-embedded-lab/Lab2/src/DRR/drr)
 n0: 264 in 3 places, all below massif's threshold (1.00%)
#-----------
snapshot=77
#-----------
time=293277630
mem_heap_B=830196
mem_heap_extra_B=240876
mem_stacks_B=0
heap_tree=detailed
n7: 830196 (heap allocation functions) malloc/new/new[], --alloc-fns, etc.
 n1: 474048 0x402E54: cdsl_dyn_array_enqueue (in /home/stefanos/Documents/programming-projects/uni/ntua-embedded-lab/Lab2/src/DRR/drr)
  n1: 474048 0x401613: insert_packet (in /home/stefanos/Documents/programming-projects/uni/ntua-embedded-lab/Lab2/src/DRR/drr)
   n0: 474048 0x40131B: main (in /home/stefanos/Documents/programming-projects/uni/ntua-embedded-lab/Lab2/src/DRR/drr)
 n1: 164196 0x401439: get_next_packet (in /home/stefanos/Documents/programming-projects/uni/ntua-embedded-lab/Lab2/src/DRR/drr)
  n0: 164196 0x4012ED: main (in /home/stefanos/Documents/programming-projects/uni/ntua-embedded-lab/Lab2/src/DRR/drr)
 n1: 114488 0x402CE8: cdsl_dyn_array_init (in /home/stefanos/Documents/programming-projects/uni/ntua-embedded-lab/Lab2/src/DRR/drr)
  n1: 114488 0x40155E: find_node (in /home/stefanos/Documents/programming-projects/uni/ntua-embedded-lab/Lab2/src/DRR/drr)
   n0: 114488 0x401304: main (in /home/stefanos/Documents/programming-projects/uni/ntua-embedded-lab/Lab2/src/DRR/drr)
 n1: 31224 0x401525: find_node (in /home/stefanos/Documents/programming-projects/uni/ntua-embedded-lab/Lab2/src/DRR/drr)
  n0: 31224 0x401304: main (in /home/stefanos/Documents/programming-projects/uni/ntua-embedded-lab/Lab2/src/DRR/drr)
 n1: 31224 0x402B70: cdsl_deque_list_lock_based_pthread_enqueue (in /home/stefanos/Documents/programming-projects/uni/ntua-embedded-lab/Lab2/src/DRR/drr)
  n1: 31224 0x401586: find_node (in /home/stefanos/Documents/programming-projects/uni/ntua-embedded-lab/Lab2/src/DRR/drr)
   n0: 31224 0x401304: main (in /home/stefanos/Documents/programming-projects/uni/ntua-embedded-lab/Lab2/src/DRR/drr)
 n1: 14752 0x402D17: cdsl_dyn_array_init (in /home/stefanos/Documents/programming-projects/uni/ntua-embedded-lab/Lab2/src/DRR/drr)
  n1: 14752 0x40155E: find_node (in /home/stefanos/Documents/programming-projects/uni/ntua-embedded-lab/Lab2/src/DRR/drr)
   n0: 14752 0x401304: main (in /home/stefanos/Documents/programming-projects/uni/ntua-embedded-lab/Lab2/src/DRR/drr)
 n0: 264 in 3 places, all below massif's threshold (1.00%)
#-----------
snapshot=78
#-----------
time=293519543
mem_heap_B=838892
mem_heap_extra_B=243012
mem_stacks_B=0
heap_tree=detailed
n7: 838892 (heap allocation functions) malloc/new/new[], --alloc-fns, etc.
 n1: 476992 0x402E54: cdsl_dyn_array_enqueue (in /home/stefanos/Documents/programming-projects/uni/ntua-embedded-lab/Lab2/src/DRR/drr)
  n1: 476992 0x401613: insert_packet (in /home/stefanos/Documents/programming-projects/uni/ntua-embedded-lab/Lab2/src/DRR/drr)
   n0: 476992 0x40131B: main (in /home/stefanos/Documents/programming-projects/uni/ntua-embedded-lab/Lab2/src/DRR/drr)
 n1: 164244 0x401439: get_next_packet (in /home/stefanos/Documents/programming-projects/uni/ntua-embedded-lab/Lab2/src/DRR/drr)
  n0: 164244 0x4012ED: main (in /home/stefanos/Documents/programming-projects/uni/ntua-embedded-lab/Lab2/src/DRR/drr)
 n1: 117744 0x402CE8: cdsl_dyn_array_init (in /home/stefanos/Documents/programming-projects/uni/ntua-embedded-lab/Lab2/src/DRR/drr)
  n1: 117744 0x40155E: find_node (in /home/stefanos/Documents/programming-projects/uni/ntua-embedded-lab/Lab2/src/DRR/drr)
   n0: 117744 0x401304: main (in /home/stefanos/Documents/programming-projects/uni/ntua-embedded-lab/Lab2/src/DRR/drr)
 n1: 32112 0x401525: find_node (in /home/stefanos/Documents/programming-projects/uni/ntua-embedded-lab/Lab2/src/DRR/drr)
  n0: 32112 0x401304: main (in /home/stefanos/Documents/programming-projects/uni/ntua-embedded-lab/Lab2/src/DRR/drr)
 n1: 32112 0x402B70: cdsl_deque_list_lock_based_pthread_enqueue (in /home/stefanos/Documents/programming-projects/uni/ntua-embedded-lab/Lab2/src/DRR/drr)
  n1: 32112 0x401586: find_node (in /home/stefanos/Documents/programming-projects/uni/ntua-embedded-lab/Lab2/src/DRR/drr)
   n0: 32112 0x401304: main (in /home/stefanos/Documents/programming-projects/uni/ntua-embedded-lab/Lab2/src/DRR/drr)
 n1: 15424 0x402D17: cdsl_dyn_array_init (in /home/stefanos/Documents/programming-projects/uni/ntua-embedded-lab/Lab2/src/DRR/drr)
  n1: 15424 0x40155E: find_node (in /home/stefanos/Documents/programming-projects/uni/ntua-embedded-lab/Lab2/src/DRR/drr)
   n0: 15424 0x401304: main (in /home/stefanos/Documents/programming-projects/uni/ntua-embedded-lab/Lab2/src/DRR/drr)
 n0: 264 in 3 places, all below massif's threshold (1.00%)
#-----------
snapshot=79
#-----------
time=293693676
mem_heap_B=848284
mem_heap_extra_B=245644
mem_stacks_B=0
heap_tree=detailed
n7: 848284 (heap allocation functions) malloc/new/new[], --alloc-fns, etc.
 n1: 480768 0x402E54: cdsl_dyn_array_enqueue (in /home/stefanos/Documents/programming-projects/uni/ntua-embedded-lab/Lab2/src/DRR/drr)
  n1: 480768 0x401613: insert_packet (in /home/stefanos/Documents/programming-projects/uni/ntua-embedded-lab/Lab2/src/DRR/drr)
   n0: 480768 0x40131B: main (in /home/stefanos/Documents/programming-projects/uni/ntua-embedded-lab/Lab2/src/DRR/drr)
 n1: 164988 0x401439: get_next_packet (in /home/stefanos/Documents/programming-projects/uni/ntua-embedded-lab/Lab2/src/DRR/drr)
  n0: 164988 0x4012ED: main (in /home/stefanos/Documents/programming-projects/uni/ntua-embedded-lab/Lab2/src/DRR/drr)
 n1: 120648 0x402CE8: cdsl_dyn_array_init (in /home/stefanos/Documents/programming-projects/uni/ntua-embedded-lab/Lab2/src/DRR/drr)
  n1: 120648 0x40155E: find_node (in /home/stefanos/Documents/programming-projects/uni/ntua-embedded-lab/Lab2/src/DRR/drr)
   n0: 120648 0x401304: main (in /home/stefanos/Documents/programming-projects/uni/ntua-embedded-lab/Lab2/src/DRR/drr)
 n1: 32904 0x401525: find_node (in /home/stefanos/Documents/programming-projects/uni/ntua-embedded-lab/Lab2/src/DRR/drr)
  n0: 32904 0x401304: main (in /home/stefanos/Documents/programming-projects/uni/ntua-embedded-lab/Lab2/src/DRR/drr)
 n1: 32904 0x402B70: cdsl_deque_list_lock_based_pthread_enqueue (in /home/stefanos/Documents/programming-projects/uni/ntua-embedded-lab/Lab2/src/DRR/drr)
  n1: 32904 0x401586: find_node (in /home/stefanos/Documents/programming-projects/uni/ntua-embedded-lab/Lab2/src/DRR/drr)
   n0: 32904 0x401304: main (in /home/stefanos/Documents/programming-projects/uni/ntua-embedded-lab/Lab2/src/DRR/drr)
 n1: 15808 0x402D17: cdsl_dyn_array_init (in /home/stefanos/Documents/programming-projects/uni/ntua-embedded-lab/Lab2/src/DRR/drr)
  n1: 15808 0x40155E: find_node (in /home/stefanos/Documents/programming-projects/uni/ntua-embedded-lab/Lab2/src/DRR/drr)
   n0: 15808 0x401304: main (in /home/stefanos/Documents/programming-projects/uni/ntua-embedded-lab/Lab2/src/DRR/drr)
 n0: 264 in 3 places, all below massif's threshold (1.00%)
#-----------
snapshot=80
#-----------
time=294370400
mem_heap_B=861716
mem_heap_extra_B=249252
mem_stacks_B=0
heap_tree=detailed
n7: 861716 (heap allocation functions) malloc/new/new[], --alloc-fns, etc.
 n1: 489024 0x402E54: cdsl_dyn_array_enqueue (in /home/stefanos/Documents/programming-projects/uni/ntua-embedded-lab/Lab2/src/DRR/drr)
  n1: 489024 0x401613: insert_packet (in /home/stefanos/Documents/programming-projects/uni/ntua-embedded-lab/Lab2/src/DRR/drr)
   n0: 489024 0x40131B: main (in /home/stefanos/Documents/programming-projects/uni/ntua-embedded-lab/Lab2/src/DRR/drr)
 n1: 167556 0x401439: get_next_packet (in /home/stefanos/Documents/programming-projects/uni/ntua-embedded-lab/Lab2/src/DRR/drr)
  n0: 167556 0x4012ED: main (in /home/stefanos/Documents/programming-projects/uni/ntua-embedded-lab/Lab2/src/DRR/drr)
 n1: 122232 0x402CE8: cdsl_dyn_array_init (in /home/stefanos/Documents/programming-projects/uni/ntua-embedded-lab/Lab2/src/DRR/drr)
  n1: 122232 0x40155E: find_node (in /home/stefanos/Documents/programming-projects/uni/ntua-embedded-lab/Lab2/src/DRR/drr)
   n0: 122232 0x401304: main (in /home/stefanos/Documents/programming-projects/uni/ntua-embedded-lab/Lab2/src/DRR/drr)
 n1: 33336 0x401525: find_node (in /home/stefanos/Documents/programming-projects/uni/ntua-embedded-lab/Lab2/src/DRR/drr)
  n0: 33336 0x401304: main (in /home/stefanos/Documents/programming-projects/uni/ntua-embedded-lab/Lab2/src/DRR/drr)
 n1: 33336 0x402B70: cdsl_deque_list_lock_based_pthread_enqueue (in /home/stefanos/Documents/programming-projects/uni/ntua-embedded-lab/Lab2/src/DRR/drr)
  n1: 33336 0x401586: find_node (in /home/stefanos/Documents/programming-projects/uni/ntua-embedded-lab/Lab2/src/DRR/drr)
   n0: 33336 0x401304: main (in /home/stefanos/Documents/programming-projects/uni/ntua-embedded-lab/Lab2/src/DRR/drr)
 n1: 15968 0x402D17: cdsl_dyn_array_init (in /home/stefanos/Documents/programming-projects/uni/ntua-embedded-lab/Lab2/src/DRR/drr)
  n1: 15968 0x40155E: find_node (in /home/stefanos/Documents/programming-projects/uni/ntua-embedded-lab/Lab2/src/DRR/drr)
   n0: 15968 0x401304: main (in /home/stefanos/Documents/programming-projects/uni/ntua-embedded-lab/Lab2/src/DRR/drr)
 n0: 264 in 3 places, all below massif's threshold (1.00%)
#-----------
snapshot=81
#-----------
time=294647914
mem_heap_B=869920
mem_heap_extra_B=253328
mem_stacks_B=0
heap_tree=detailed
n7: 869920 (heap allocation functions) malloc/new/new[], --alloc-fns, etc.
 n1: 493120 0x402E54: cdsl_dyn_array_enqueue (in /home/stefanos/Documents/programming-projects/uni/ntua-embedded-lab/Lab2/src/DRR/drr)
  n1: 493120 0x401613: insert_packet (in /home/stefanos/Documents/programming-projects/uni/ntua-embedded-lab/Lab2/src/DRR/drr)
   n0: 493120 0x40131B: main (in /home/stefanos/Documents/programming-projects/uni/ntua-embedded-lab/Lab2/src/DRR/drr)
 n1: 171528 0x401439: get_next_packet (in /home/stefanos/Documents/programming-projects/uni/ntua-embedded-lab/Lab2/src/DRR/drr)
  n0: 171528 0x4012ED: main (in /home/stefanos/Documents/programming-projects/uni/ntua-embedded-lab/Lab2/src/DRR/drr)
 n1: 122320 0x402CE8: cdsl_dyn_array_init (in /home/stefanos/Documents/programming-projects/uni/ntua-embedded-lab/Lab2/src/DRR/drr)
  n1: 122320 0x40155E: find_node (in /home/stefanos/Documents/programming-projects/uni/ntua-embedded-lab/Lab2/src/DRR/drr)
   n0: 122320 0x401304: main (in /home/stefanos/Documents/programming-projects/uni/ntua-embedded-lab/Lab2/src/DRR/drr)
 n1: 33360 0x401525: find_node (in /home/stefanos/Documents/programming-projects/uni/ntua-embedded-lab/Lab2/src/DRR/drr)
  n0: 33360 0x401304: main (in /home/stefanos/Documents/programming-projects/uni/ntua-embedded-lab/Lab2/src/DRR/drr)
 n1: 33360 0x402B70: cdsl_deque_list_lock_based_pthread_enqueue (in /home/stefanos/Documents/programming-projects/uni/ntua-embedded-lab/Lab2/src/DRR/drr)
  n1: 33360 0x401586: find_node (in /home/stefanos/Documents/programming-projects/uni/ntua-embedded-lab/Lab2/src/DRR/drr)
   n0: 33360 0x401304: main (in /home/stefanos/Documents/programming-projects/uni/ntua-embedded-lab/Lab2/src/DRR/drr)
 n1: 15968 0x402D17: cdsl_dyn_array_init (in /home/stefanos/Documents/programming-projects/uni/ntua-embedded-lab/Lab2/src/DRR/drr)
  n1: 15968 0x40155E: find_node (in /home/stefanos/Documents/programming-projects/uni/ntua-embedded-lab/Lab2/src/DRR/drr)
   n0: 15968 0x401304: main (in /home/stefanos/Documents/programming-projects/uni/ntua-embedded-lab/Lab2/src/DRR/drr)
 n0: 264 in 3 places, all below massif's threshold (1.00%)
#-----------
snapshot=82
#-----------
time=297559639
mem_heap_B=871136
mem_heap_extra_B=251800
mem_stacks_B=0
heap_tree=empty
#-----------
snapshot=83
#-----------
time=297906209
mem_heap_B=880880
mem_heap_extra_B=253888
mem_stacks_B=0
heap_tree=detailed
n7: 880880 (heap allocation functions) malloc/new/new[], --alloc-fns, etc.
 n1: 497536 0x402E54: cdsl_dyn_array_enqueue (in /home/stefanos/Documents/programming-projects/uni/ntua-embedded-lab/Lab2/src/DRR/drr)
  n1: 497536 0x401613: insert_packet (in /home/stefanos/Documents/programming-projects/uni/ntua-embedded-lab/Lab2/src/DRR/drr)
   n0: 497536 0x40131B: main (in /home/stefanos/Documents/programming-projects/uni/ntua-embedded-lab/Lab2/src/DRR/drr)
 n1: 168648 0x401439: get_next_packet (in /home/stefanos/Documents/programming-projects/uni/ntua-embedded-lab/Lab2/src/DRR/drr)
  n0: 168648 0x4012ED: main (in /home/stefanos/Documents/programming-projects/uni/ntua-embedded-lab/Lab2/src/DRR/drr)
 n1: 127776 0x402CE8: cdsl_dyn_array_init (in /home/stefanos/Documents/programming-projects/uni/ntua-embedded-lab/Lab2/src/DRR/drr)
  n1: 127776 0x40155E: find_node (in /home/stefanos/Documents/programming-projects/uni/ntua-embedded-lab/Lab2/src/DRR/drr)
   n0: 127776 0x401304: main (in /home/stefanos/Documents/programming-projects/uni/ntua-embedded-lab/Lab2/src/DRR/drr)
 n1: 34848 0x401525: find_node (in /home/stefanos/Documents/programming-projects/uni/ntua-embedded-lab/Lab2/src/DRR/drr)
  n0: 34848 0x401304: main (in /home/stefanos/Documents/programming-projects/uni/ntua-embedded-lab/Lab2/src/DRR/drr)
 n1: 34848 0x402B70: cdsl_deque_list_lock_based_pthread_enqueue (in /home/stefanos/Documents/programming-projects/uni/ntua-embedded-lab/Lab2/src/DRR/drr)
  n1: 34848 0x401586: find_node (in /home/stefanos/Documents/programming-projects/uni/ntua-embedded-lab/Lab2/src/DRR/drr)
   n0: 34848 0x401304: main (in /home/stefanos/Documents/programming-projects/uni/ntua-embedded-lab/Lab2/src/DRR/drr)
 n1: 16960 0x402D17: cdsl_dyn_array_init (in /home/stefanos/Documents/programming-projects/uni/ntua-embedded-lab/Lab2/src/DRR/drr)
  n1: 16960 0x40155E: find_node (in /home/stefanos/Documents/programming-projects/uni/ntua-embedded-lab/Lab2/src/DRR/drr)
   n0: 16960 0x401304: main (in /home/stefanos/Documents/programming-projects/uni/ntua-embedded-lab/Lab2/src/DRR/drr)
 n0: 264 in 3 places, all below massif's threshold (1.00%)
#-----------
snapshot=84
#-----------
time=298199804
mem_heap_B=890304
mem_heap_extra_B=255976
mem_stacks_B=0
heap_tree=detailed
n7: 890304 (heap allocation functions) malloc/new/new[], --alloc-fns, etc.
 n1: 501120 0x402E54: cdsl_dyn_array_enqueue (in /home/stefanos/Documents/programming-projects/uni/ntua-embedded-lab/Lab2/src/DRR/drr)
  n1: 501120 0x401613: insert_packet (in /home/stefanos/Documents/programming-projects/uni/ntua-embedded-lab/Lab2/src/DRR/drr)
   n0: 501120 0x40131B: main (in /home/stefanos/Documents/programming-projects/uni/ntua-embedded-lab/Lab2/src/DRR/drr)
 n1: 168504 0x401439: get_next_packet (in /home/stefanos/Documents/programming-projects/uni/ntua-embedded-lab/Lab2/src/DRR/drr)
  n0: 168504 0x4012ED: main (in /home/stefanos/Documents/programming-projects/uni/ntua-embedded-lab/Lab2/src/DRR/drr)
 n1: 131296 0x402CE8: cdsl_dyn_array_init (in /home/stefanos/Documents/programming-projects/uni/ntua-embedded-lab/Lab2/src/DRR/drr)
  n1: 131296 0x40155E: find_node (in /home/stefanos/Documents/programming-projects/uni/ntua-embedded-lab/Lab2/src/DRR/drr)
   n0: 131296 0x401304: main (in /home/stefanos/Documents/programming-projects/uni/ntua-embedded-lab/Lab2/src/DRR/drr)
 n1: 35808 0x401525: find_node (in /home/stefanos/Documents/programming-projects/uni/ntua-embedded-lab/Lab2/src/DRR/drr)
  n0: 35808 0x401304: main (in /home/stefanos/Documents/programming-projects/uni/ntua-embedded-lab/Lab2/src/DRR/drr)
 n1: 35808 0x402B70: cdsl_deque_list_lock_based_pthread_enqueue (in /home/stefanos/Documents/programming-projects/uni/ntua-embedded-lab/Lab2/src/DRR/drr)
  n1: 35808 0x401586: find_node (in /home/stefanos/Documents/programming-projects/uni/ntua-embedded-lab/Lab2/src/DRR/drr)
   n0: 35808 0x401304: main (in /home/stefanos/Documents/programming-projects/uni/ntua-embedded-lab/Lab2/src/DRR/drr)
 n1: 17504 0x402D17: cdsl_dyn_array_init (in /home/stefanos/Documents/programming-projects/uni/ntua-embedded-lab/Lab2/src/DRR/drr)
  n1: 17504 0x40155E: find_node (in /home/stefanos/Documents/programming-projects/uni/ntua-embedded-lab/Lab2/src/DRR/drr)
   n0: 17504 0x401304: main (in /home/stefanos/Documents/programming-projects/uni/ntua-embedded-lab/Lab2/src/DRR/drr)
 n0: 264 in 3 places, all below massif's threshold (1.00%)
#-----------
snapshot=85
#-----------
time=298345965
mem_heap_B=898656
mem_heap_extra_B=259288
mem_stacks_B=0
heap_tree=detailed
n7: 898656 (heap allocation functions) malloc/new/new[], --alloc-fns, etc.
 n1: 504640 0x402E54: cdsl_dyn_array_enqueue (in /home/stefanos/Documents/programming-projects/uni/ntua-embedded-lab/Lab2/src/DRR/drr)
  n1: 504640 0x401613: insert_packet (in /home/stefanos/Documents/programming-projects/uni/ntua-embedded-lab/Lab2/src/DRR/drr)
   n0: 504640 0x40131B: main (in /home/stefanos/Documents/programming-projects/uni/ntua-embedded-lab/Lab2/src/DRR/drr)
 n1: 170832 0x401439: get_next_packet (in /home/stefanos/Documents/programming-projects/uni/ntua-embedded-lab/Lab2/src/DRR/drr)
  n0: 170832 0x4012ED: main (in /home/stefanos/Documents/programming-projects/uni/ntua-embedded-lab/Lab2/src/DRR/drr)
 n1: 132792 0x402CE8: cdsl_dyn_array_init (in /home/stefanos/Documents/programming-projects/uni/ntua-embedded-lab/Lab2/src/DRR/drr)
  n1: 132792 0x40155E: find_node (in /home/stefanos/Documents/programming-projects/uni/ntua-embedded-lab/Lab2/src/DRR/drr)
   n0: 132792 0x401304: main (in /home/stefanos/Documents/programming-projects/uni/ntua-embedded-lab/Lab2/src/DRR/drr)
 n1: 36216 0x401525: find_node (in /home/stefanos/Documents/programming-projects/uni/ntua-embedded-lab/Lab2/src/DRR/drr)
  n0: 36216 0x401304: main (in /home/stefanos/Documents/programming-projects/uni/ntua-embedded-lab/Lab2/src/DRR/drr)
 n1: 36216 0x402B70: cdsl_deque_list_lock_based_pthread_enqueue (in /home/stefanos/Documents/programming-projects/uni/ntua-embedded-lab/Lab2/src/DRR/drr)
  n1: 36216 0x401586: find_node (in /home/stefanos/Documents/programming-projects/uni/ntua-embedded-lab/Lab2/src/DRR/drr)
   n0: 36216 0x401304: main (in /home/stefanos/Documents/programming-projects/uni/ntua-embedded-lab/Lab2/src/DRR/drr)
 n1: 17696 0x402D17: cdsl_dyn_array_init (in /home/stefanos/Documents/programming-projects/uni/ntua-embedded-lab/Lab2/src/DRR/drr)
  n1: 17696 0x40155E: find_node (in /home/stefanos/Documents/programming-projects/uni/ntua-embedded-lab/Lab2/src/DRR/drr)
   n0: 17696 0x401304: main (in /home/stefanos/Documents/programming-projects/uni/ntua-embedded-lab/Lab2/src/DRR/drr)
 n0: 264 in 3 places, all below massif's threshold (1.00%)
#-----------
snapshot=86
#-----------
time=299116202
mem_heap_B=909572
mem_heap_extra_B=260212
mem_stacks_B=0
heap_tree=detailed
n7: 909572 (heap allocation functions) malloc/new/new[], --alloc-fns, etc.
 n1: 509952 0x402E54: cdsl_dyn_array_enqueue (in /home/stefanos/Documents/programming-projects/uni/ntua-embedded-lab/Lab2/src/DRR/drr)
  n1: 509952 0x401613: insert_packet (in /home/stefanos/Documents/programming-projects/uni/ntua-embedded-lab/Lab2/src/DRR/drr)
   n0: 509952 0x40131B: main (in /home/stefanos/Documents/programming-projects/uni/ntua-embedded-lab/Lab2/src/DRR/drr)
 n1: 168852 0x401439: get_next_packet (in /home/stefanos/Documents/programming-projects/uni/ntua-embedded-lab/Lab2/src/DRR/drr)
  n0: 168852 0x4012ED: main (in /home/stefanos/Documents/programming-projects/uni/ntua-embedded-lab/Lab2/src/DRR/drr)
 n1: 137368 0x402CE8: cdsl_dyn_array_init (in /home/stefanos/Documents/programming-projects/uni/ntua-embedded-lab/Lab2/src/DRR/drr)
  n1: 137368 0x40155E: find_node (in /home/stefanos/Documents/programming-projects/uni/ntua-embedded-lab/Lab2/src/DRR/drr)
   n0: 137368 0x401304: main (in /home/stefanos/Documents/programming-projects/uni/ntua-embedded-lab/Lab2/src/DRR/drr)
 n1: 37464 0x401525: find_node (in /home/stefanos/Documents/programming-projects/uni/ntua-embedded-lab/Lab2/src/DRR/drr)
  n0: 37464 0x401304: main (in /home/stefanos/Documents/programming-projects/uni/ntua-embedded-lab/Lab2/src/DRR/drr)
 n1: 37464 0x402B70: cdsl_deque_list_lock_based_pthread_enqueue (in /home/stefanos/Documents/programming-projects/uni/ntua-embedded-lab/Lab2/src/DRR/drr)
  n1: 37464 0x401586: find_node (in /home/stefanos/Documents/programming-projects/uni/ntua-embedded-lab/Lab2/src/DRR/drr)
   n0: 37464 0x401304: main (in /home/stefanos/Documents/programming-projects/uni/ntua-embedded-lab/Lab2/src/DRR/drr)
 n1: 18208 0x402D17: cdsl_dyn_array_init (in /home/stefanos/Documents/programming-projects/uni/ntua-embedded-lab/Lab2/src/DRR/drr)
  n1: 18208 0x40155E: find_node (in /home/stefanos/Documents/programming-projects/uni/ntua-embedded-lab/Lab2/src/DRR/drr)
   n0: 18208 0x401304: main (in /home/stefanos/Documents/programming-projects/uni/ntua-embedded-lab/Lab2/src/DRR/drr)
 n0: 264 in 3 places, all below massif's threshold (1.00%)
#-----------
snapshot=87
#-----------
time=299432590
mem_heap_B=919344
mem_heap_extra_B=263424
mem_stacks_B=0
heap_tree=peak
n7: 919344 (heap allocation functions) malloc/new/new[], --alloc-fns, etc.
 n1: 515328 0x402E54: cdsl_dyn_array_enqueue (in /home/stefanos/Documents/programming-projects/uni/ntua-embedded-lab/Lab2/src/DRR/drr)
  n1: 515328 0x401613: insert_packet (in /home/stefanos/Documents/programming-projects/uni/ntua-embedded-lab/Lab2/src/DRR/drr)
   n0: 515328 0x40131B: main (in /home/stefanos/Documents/programming-projects/uni/ntua-embedded-lab/Lab2/src/DRR/drr)
 n1: 171216 0x401439: get_next_packet (in /home/stefanos/Documents/programming-projects/uni/ntua-embedded-lab/Lab2/src/DRR/drr)
  n0: 171216 0x4012ED: main (in /home/stefanos/Documents/programming-projects/uni/ntua-embedded-lab/Lab2/src/DRR/drr)
 n1: 138600 0x402CE8: cdsl_dyn_array_init (in /home/stefanos/Documents/programming-projects/uni/ntua-embedded-lab/Lab2/src/DRR/drr)
  n1: 138600 0x40155E: find_node (in /home/stefanos/Documents/programming-projects/uni/ntua-embedded-lab/Lab2/src/DRR/drr)
   n0: 138600 0x401304: main (in /home/stefanos/Documents/programming-projects/uni/ntua-embedded-lab/Lab2/src/DRR/drr)
 n1: 37800 0x401525: find_node (in /home/stefanos/Documents/programming-projects/uni/ntua-embedded-lab/Lab2/src/DRR/drr)
  n0: 37800 0x401304: main (in /home/stefanos/Documents/programming-projects/uni/ntua-embedded-lab/Lab2/src/DRR/drr)
 n1: 37800 0x402B70: cdsl_deque_list_lock_based_pthread_enqueue (in /home/stefanos/Documents/programming-projects/uni/ntua-embedded-lab/Lab2/src/DRR/drr)
  n1: 37800 0x401586: find_node (in /home/stefanos/Documents/programming-projects/uni/ntua-embedded-lab/Lab2/src/DRR/drr)
   n0: 37800 0x401304: main (in /home/stefanos/Documents/programming-projects/uni/ntua-embedded-lab/Lab2/src/DRR/drr)
 n1: 18336 0x402D17: cdsl_dyn_array_init (in /home/stefanos/Documents/programming-projects/uni/ntua-embedded-lab/Lab2/src/DRR/drr)
  n1: 18336 0x40155E: find_node (in /home/stefanos/Documents/programming-projects/uni/ntua-embedded-lab/Lab2/src/DRR/drr)
   n0: 18336 0x401304: main (in /home/stefanos/Documents/programming-projects/uni/ntua-embedded-lab/Lab2/src/DRR/drr)
 n0: 264 in 3 places, all below massif's threshold (1.00%)
