desc: --massif-out-file=massif_DLL_CL_SLL_PK.out
cmd: ./drr
time_unit: i
#-----------
snapshot=0
#-----------
time=0
mem_heap_B=0
mem_heap_extra_B=0
mem_stacks_B=0
heap_tree=empty
#-----------
snapshot=1
#-----------
time=883164
mem_heap_B=25696
mem_heap_extra_B=6608
mem_stacks_B=0
heap_tree=empty
#-----------
snapshot=2
#-----------
time=1713054
mem_heap_B=50388
mem_heap_extra_B=16860
mem_stacks_B=0
heap_tree=empty
#-----------
snapshot=3
#-----------
time=2704753
mem_heap_B=72612
mem_heap_extra_B=34716
mem_stacks_B=0
heap_tree=empty
#-----------
snapshot=4
#-----------
time=3332428
mem_heap_B=67032
mem_heap_extra_B=30464
mem_stacks_B=0
heap_tree=empty
#-----------
snapshot=5
#-----------
time=3990034
mem_heap_B=110640
mem_heap_extra_B=61952
mem_stacks_B=0
heap_tree=detailed
n6: 110640 (heap allocation functions) malloc/new/new[], --alloc-fns, etc.
 n1: 38904 0x401489: get_next_packet (in /home/stefanos/Documents/programming-projects/uni/ntua-embedded-lab/Lab2/src/DRR/drr)
  n0: 38904 0x40133D: main (in /home/stefanos/Documents/programming-projects/uni/ntua-embedded-lab/Lab2/src/DRR/drr)
 n2: 32832 0x401982: cdsl_queue_list_lock_based_pthread_enqueue (in /home/stefanos/Documents/programming-projects/uni/ntua-embedded-lab/Lab2/src/DRR/drr)
  n1: 32640 0x401663: insert_packet (in /home/stefanos/Documents/programming-projects/uni/ntua-embedded-lab/Lab2/src/DRR/drr)
   n0: 32640 0x40136B: main (in /home/stefanos/Documents/programming-projects/uni/ntua-embedded-lab/Lab2/src/DRR/drr)
  n0: 192 in 1 place, below massif's threshold (1.00%)
 n1: 30912 0x40185B: cdsl_queue_list_lock_based_pthread_init (in /home/stefanos/Documents/programming-projects/uni/ntua-embedded-lab/Lab2/src/DRR/drr)
  n1: 30912 0x401963: cdsl_sll_init (in /home/stefanos/Documents/programming-projects/uni/ntua-embedded-lab/Lab2/src/DRR/drr)
   n1: 30912 0x4015AE: find_node (in /home/stefanos/Documents/programming-projects/uni/ntua-embedded-lab/Lab2/src/DRR/drr)
    n0: 30912 0x401354: main (in /home/stefanos/Documents/programming-projects/uni/ntua-embedded-lab/Lab2/src/DRR/drr)
 n1: 3864 0x401575: find_node (in /home/stefanos/Documents/programming-projects/uni/ntua-embedded-lab/Lab2/src/DRR/drr)
  n0: 3864 0x401354: main (in /home/stefanos/Documents/programming-projects/uni/ntua-embedded-lab/Lab2/src/DRR/drr)
 n1: 3864 0x404115: cdsl_deque_list_lock_based_pthread_enqueue (in /home/stefanos/Documents/programming-projects/uni/ntua-embedded-lab/Lab2/src/DRR/drr)
  n1: 3864 0x4015D6: find_node (in /home/stefanos/Documents/programming-projects/uni/ntua-embedded-lab/Lab2/src/DRR/drr)
   n0: 3864 0x401354: main (in /home/stefanos/Documents/programming-projects/uni/ntua-embedded-lab/Lab2/src/DRR/drr)
 n0: 264 in 4 places, all below massif's threshold (1.00%)
#-----------
snapshot=6
#-----------
time=4424199
mem_heap_B=84384
mem_heap_extra_B=45344
mem_stacks_B=0
heap_tree=empty
#-----------
snapshot=7
#-----------
time=5072588
mem_heap_B=75448
mem_heap_extra_B=34752
mem_stacks_B=0
heap_tree=empty
#-----------
snapshot=8
#-----------
time=5894037
mem_heap_B=94004
mem_heap_extra_B=38308
mem_stacks_B=0
heap_tree=empty
#-----------
snapshot=9
#-----------
time=6434055
mem_heap_B=108408
mem_heap_extra_B=41424
mem_stacks_B=0
heap_tree=empty
#-----------
snapshot=10
#-----------
time=7459752
mem_heap_B=139268
mem_heap_extra_B=60900
mem_stacks_B=0
heap_tree=detailed
n6: 139268 (heap allocation functions) malloc/new/new[], --alloc-fns, etc.
 n1: 66048 0x40185B: cdsl_queue_list_lock_based_pthread_init (in /home/stefanos/Documents/programming-projects/uni/ntua-embedded-lab/Lab2/src/DRR/drr)
  n1: 66048 0x401963: cdsl_sll_init (in /home/stefanos/Documents/programming-projects/uni/ntua-embedded-lab/Lab2/src/DRR/drr)
   n1: 66048 0x4015AE: find_node (in /home/stefanos/Documents/programming-projects/uni/ntua-embedded-lab/Lab2/src/DRR/drr)
    n0: 66048 0x401354: main (in /home/stefanos/Documents/programming-projects/uni/ntua-embedded-lab/Lab2/src/DRR/drr)
 n1: 37452 0x401489: get_next_packet (in /home/stefanos/Documents/programming-projects/uni/ntua-embedded-lab/Lab2/src/DRR/drr)
  n0: 37452 0x40133D: main (in /home/stefanos/Documents/programming-projects/uni/ntua-embedded-lab/Lab2/src/DRR/drr)
 n2: 18992 0x401982: cdsl_queue_list_lock_based_pthread_enqueue (in /home/stefanos/Documents/programming-projects/uni/ntua-embedded-lab/Lab2/src/DRR/drr)
  n1: 18608 0x401663: insert_packet (in /home/stefanos/Documents/programming-projects/uni/ntua-embedded-lab/Lab2/src/DRR/drr)
   n0: 18608 0x40136B: main (in /home/stefanos/Documents/programming-projects/uni/ntua-embedded-lab/Lab2/src/DRR/drr)
  n0: 384 in 1 place, below massif's threshold (1.00%)
 n1: 8256 0x401575: find_node (in /home/stefanos/Documents/programming-projects/uni/ntua-embedded-lab/Lab2/src/DRR/drr)
  n0: 8256 0x401354: main (in /home/stefanos/Documents/programming-projects/uni/ntua-embedded-lab/Lab2/src/DRR/drr)
 n1: 8256 0x404115: cdsl_deque_list_lock_based_pthread_enqueue (in /home/stefanos/Documents/programming-projects/uni/ntua-embedded-lab/Lab2/src/DRR/drr)
  n1: 8256 0x4015D6: find_node (in /home/stefanos/Documents/programming-projects/uni/ntua-embedded-lab/Lab2/src/DRR/drr)
   n0: 8256 0x401354: main (in /home/stefanos/Documents/programming-projects/uni/ntua-embedded-lab/Lab2/src/DRR/drr)
 n0: 264 in 4 places, all below massif's threshold (1.00%)
#-----------
snapshot=11
#-----------
time=8128357
mem_heap_B=128072
mem_heap_extra_B=49040
mem_stacks_B=0
heap_tree=empty
#-----------
snapshot=12
#-----------
time=8713379
mem_heap_B=138876
mem_heap_extra_B=56164
mem_stacks_B=0
heap_tree=empty
#-----------
snapshot=13
#-----------
time=9328736
mem_heap_B=142428
mem_heap_extra_B=56828
mem_stacks_B=0
heap_tree=empty
#-----------
snapshot=14
#-----------
time=10256332
mem_heap_B=170064
mem_heap_extra_B=65240
mem_stacks_B=0
heap_tree=empty
#-----------
snapshot=15
#-----------
time=11259950
mem_heap_B=186608
mem_heap_extra_B=75632
mem_stacks_B=0
heap_tree=empty
#-----------
snapshot=16
#-----------
time=12024931
mem_heap_B=206976
mem_heap_extra_B=91424
mem_stacks_B=0
heap_tree=empty
#-----------
snapshot=17
#-----------
time=12653266
mem_heap_B=191232
mem_heap_extra_B=79496
mem_stacks_B=0
heap_tree=empty
#-----------
snapshot=18
#-----------
time=13155928
mem_heap_B=205232
mem_heap_extra_B=90408
mem_stacks_B=0
heap_tree=empty
#-----------
snapshot=19
#-----------
time=14035030
mem_heap_B=197716
mem_heap_extra_B=82420
mem_stacks_B=0
heap_tree=empty
#-----------
snapshot=20
#-----------
time=15039556
mem_heap_B=211564
mem_heap_extra_B=89508
mem_stacks_B=0
heap_tree=empty
#-----------
snapshot=21
#-----------
time=15918765
mem_heap_B=222068
mem_heap_extra_B=91764
mem_stacks_B=0
heap_tree=empty
#-----------
snapshot=22
#-----------
time=16421416
mem_heap_B=230112
mem_heap_extra_B=93808
mem_stacks_B=0
heap_tree=empty
#-----------
snapshot=23
#-----------
time=17386967
mem_heap_B=240684
mem_heap_extra_B=103236
mem_stacks_B=0
heap_tree=empty
#-----------
snapshot=24
#-----------
time=18166100
mem_heap_B=250016
mem_heap_extra_B=111560
mem_stacks_B=0
heap_tree=empty
#-----------
snapshot=25
#-----------
time=18836254
mem_heap_B=253360
mem_heap_extra_B=111304
mem_stacks_B=0
heap_tree=empty
#-----------
snapshot=26
#-----------
time=19338957
mem_heap_B=269284
mem_heap_extra_B=114772
mem_stacks_B=0
heap_tree=empty
#-----------
snapshot=27
#-----------
time=20036664
mem_heap_B=287028
mem_heap_extra_B=119028
mem_stacks_B=0
heap_tree=detailed
n6: 287028 (heap allocation functions) malloc/new/new[], --alloc-fns, etc.
 n1: 154560 0x40185B: cdsl_queue_list_lock_based_pthread_init (in /home/stefanos/Documents/programming-projects/uni/ntua-embedded-lab/Lab2/src/DRR/drr)
  n1: 154560 0x401963: cdsl_sll_init (in /home/stefanos/Documents/programming-projects/uni/ntua-embedded-lab/Lab2/src/DRR/drr)
   n1: 154560 0x4015AE: find_node (in /home/stefanos/Documents/programming-projects/uni/ntua-embedded-lab/Lab2/src/DRR/drr)
    n0: 154560 0x401354: main (in /home/stefanos/Documents/programming-projects/uni/ntua-embedded-lab/Lab2/src/DRR/drr)
 n1: 79548 0x401489: get_next_packet (in /home/stefanos/Documents/programming-projects/uni/ntua-embedded-lab/Lab2/src/DRR/drr)
  n0: 79548 0x40133D: main (in /home/stefanos/Documents/programming-projects/uni/ntua-embedded-lab/Lab2/src/DRR/drr)
 n1: 19320 0x401575: find_node (in /home/stefanos/Documents/programming-projects/uni/ntua-embedded-lab/Lab2/src/DRR/drr)
  n0: 19320 0x401354: main (in /home/stefanos/Documents/programming-projects/uni/ntua-embedded-lab/Lab2/src/DRR/drr)
 n1: 19320 0x404115: cdsl_deque_list_lock_based_pthread_enqueue (in /home/stefanos/Documents/programming-projects/uni/ntua-embedded-lab/Lab2/src/DRR/drr)
  n1: 19320 0x4015D6: find_node (in /home/stefanos/Documents/programming-projects/uni/ntua-embedded-lab/Lab2/src/DRR/drr)
   n0: 19320 0x401354: main (in /home/stefanos/Documents/programming-projects/uni/ntua-embedded-lab/Lab2/src/DRR/drr)
 n2: 14000 0x401982: cdsl_queue_list_lock_based_pthread_enqueue (in /home/stefanos/Documents/programming-projects/uni/ntua-embedded-lab/Lab2/src/DRR/drr)
  n1: 13136 0x401663: insert_packet (in /home/stefanos/Documents/programming-projects/uni/ntua-embedded-lab/Lab2/src/DRR/drr)
   n0: 13136 0x40136B: main (in /home/stefanos/Documents/programming-projects/uni/ntua-embedded-lab/Lab2/src/DRR/drr)
  n0: 864 in 1 place, below massif's threshold (1.00%)
 n0: 280 in 4 places, all below massif's threshold (1.00%)
#-----------
snapshot=28
#-----------
time=20922479
mem_heap_B=298404
mem_heap_extra_B=122436
mem_stacks_B=0
heap_tree=empty
#-----------
snapshot=29
#-----------
time=21585543
mem_heap_B=330336
mem_heap_extra_B=137440
mem_stacks_B=0
heap_tree=empty
#-----------
snapshot=30
#-----------
time=22007373
mem_heap_B=360448
mem_heap_extra_B=159120
mem_stacks_B=0
heap_tree=empty
#-----------
snapshot=31
#-----------
time=22806377
mem_heap_B=412568
mem_heap_extra_B=196688
mem_stacks_B=0
heap_tree=detailed
n6: 412568 (heap allocation functions) malloc/new/new[], --alloc-fns, etc.
 n1: 173568 0x40185B: cdsl_queue_list_lock_based_pthread_init (in /home/stefanos/Documents/programming-projects/uni/ntua-embedded-lab/Lab2/src/DRR/drr)
  n1: 173568 0x401963: cdsl_sll_init (in /home/stefanos/Documents/programming-projects/uni/ntua-embedded-lab/Lab2/src/DRR/drr)
   n1: 173568 0x4015AE: find_node (in /home/stefanos/Documents/programming-projects/uni/ntua-embedded-lab/Lab2/src/DRR/drr)
    n0: 173568 0x401354: main (in /home/stefanos/Documents/programming-projects/uni/ntua-embedded-lab/Lab2/src/DRR/drr)
 n1: 125136 0x401489: get_next_packet (in /home/stefanos/Documents/programming-projects/uni/ntua-embedded-lab/Lab2/src/DRR/drr)
  n0: 125136 0x40133D: main (in /home/stefanos/Documents/programming-projects/uni/ntua-embedded-lab/Lab2/src/DRR/drr)
 n2: 70208 0x401982: cdsl_queue_list_lock_based_pthread_enqueue (in /home/stefanos/Documents/programming-projects/uni/ntua-embedded-lab/Lab2/src/DRR/drr)
  n1: 69248 0x401663: insert_packet (in /home/stefanos/Documents/programming-projects/uni/ntua-embedded-lab/Lab2/src/DRR/drr)
   n0: 69248 0x40136B: main (in /home/stefanos/Documents/programming-projects/uni/ntua-embedded-lab/Lab2/src/DRR/drr)
  n0: 960 in 1 place, below massif's threshold (1.00%)
 n1: 21696 0x401575: find_node (in /home/stefanos/Documents/programming-projects/uni/ntua-embedded-lab/Lab2/src/DRR/drr)
  n0: 21696 0x401354: main (in /home/stefanos/Documents/programming-projects/uni/ntua-embedded-lab/Lab2/src/DRR/drr)
 n1: 21696 0x404115: cdsl_deque_list_lock_based_pthread_enqueue (in /home/stefanos/Documents/programming-projects/uni/ntua-embedded-lab/Lab2/src/DRR/drr)
  n1: 21696 0x4015D6: find_node (in /home/stefanos/Documents/programming-projects/uni/ntua-embedded-lab/Lab2/src/DRR/drr)
   n0: 21696 0x401354: main (in /home/stefanos/Documents/programming-projects/uni/ntua-embedded-lab/Lab2/src/DRR/drr)
 n0: 264 in 4 places, all below massif's threshold (1.00%)
#-----------
snapshot=32
#-----------
time=23390155
mem_heap_B=445564
mem_heap_extra_B=220260
mem_stacks_B=0
heap_tree=empty
#-----------
snapshot=33
#-----------
time=24207921
mem_heap_B=486656
mem_heap_extra_B=250640
mem_stacks_B=0
heap_tree=detailed
n6: 486656 (heap allocation functions) malloc/new/new[], --alloc-fns, etc.
 n1: 173952 0x40185B: cdsl_queue_list_lock_based_pthread_init (in /home/stefanos/Documents/programming-projects/uni/ntua-embedded-lab/Lab2/src/DRR/drr)
  n1: 173952 0x401963: cdsl_sll_init (in /home/stefanos/Documents/programming-projects/uni/ntua-embedded-lab/Lab2/src/DRR/drr)
   n1: 173952 0x4015AE: find_node (in /home/stefanos/Documents/programming-projects/uni/ntua-embedded-lab/Lab2/src/DRR/drr)
    n0: 173952 0x401354: main (in /home/stefanos/Documents/programming-projects/uni/ntua-embedded-lab/Lab2/src/DRR/drr)
 n1: 159240 0x401489: get_next_packet (in /home/stefanos/Documents/programming-projects/uni/ntua-embedded-lab/Lab2/src/DRR/drr)
  n0: 159240 0x40133D: main (in /home/stefanos/Documents/programming-projects/uni/ntua-embedded-lab/Lab2/src/DRR/drr)
 n2: 109712 0x401982: cdsl_queue_list_lock_based_pthread_enqueue (in /home/stefanos/Documents/programming-projects/uni/ntua-embedded-lab/Lab2/src/DRR/drr)
  n1: 108752 0x401663: insert_packet (in /home/stefanos/Documents/programming-projects/uni/ntua-embedded-lab/Lab2/src/DRR/drr)
   n0: 108752 0x40136B: main (in /home/stefanos/Documents/programming-projects/uni/ntua-embedded-lab/Lab2/src/DRR/drr)
  n0: 960 in 1 place, below massif's threshold (1.00%)
 n1: 21744 0x401575: find_node (in /home/stefanos/Documents/programming-projects/uni/ntua-embedded-lab/Lab2/src/DRR/drr)
  n0: 21744 0x401354: main (in /home/stefanos/Documents/programming-projects/uni/ntua-embedded-lab/Lab2/src/DRR/drr)
 n1: 21744 0x404115: cdsl_deque_list_lock_based_pthread_enqueue (in /home/stefanos/Documents/programming-projects/uni/ntua-embedded-lab/Lab2/src/DRR/drr)
  n1: 21744 0x4015D6: find_node (in /home/stefanos/Documents/programming-projects/uni/ntua-embedded-lab/Lab2/src/DRR/drr)
   n0: 21744 0x401354: main (in /home/stefanos/Documents/programming-projects/uni/ntua-embedded-lab/Lab2/src/DRR/drr)
 n0: 264 in 4 places, all below massif's threshold (1.00%)
#-----------
snapshot=34
#-----------
time=24822076
mem_heap_B=449088
mem_heap_extra_B=228904
mem_stacks_B=0
heap_tree=empty
#-----------
snapshot=35
#-----------
time=25743252
mem_heap_B=393516
mem_heap_extra_B=196052
mem_stacks_B=0
heap_tree=empty
#-----------
snapshot=36
#-----------
time=26357760
mem_heap_B=368220
mem_heap_extra_B=178740
mem_stacks_B=0
heap_tree=empty
#-----------
snapshot=37
#-----------
time=27280177
mem_heap_B=400400
mem_heap_extra_B=197984
mem_stacks_B=0
heap_tree=detailed
n6: 400400 (heap allocation functions) malloc/new/new[], --alloc-fns, etc.
 n1: 180864 0x40185B: cdsl_queue_list_lock_based_pthread_init (in /home/stefanos/Documents/programming-projects/uni/ntua-embedded-lab/Lab2/src/DRR/drr)
  n1: 180864 0x401963: cdsl_sll_init (in /home/stefanos/Documents/programming-projects/uni/ntua-embedded-lab/Lab2/src/DRR/drr)
   n1: 180864 0x4015AE: find_node (in /home/stefanos/Documents/programming-projects/uni/ntua-embedded-lab/Lab2/src/DRR/drr)
    n0: 180864 0x401354: main (in /home/stefanos/Documents/programming-projects/uni/ntua-embedded-lab/Lab2/src/DRR/drr)
 n1: 145944 0x401489: get_next_packet (in /home/stefanos/Documents/programming-projects/uni/ntua-embedded-lab/Lab2/src/DRR/drr)
  n0: 145944 0x40133D: main (in /home/stefanos/Documents/programming-projects/uni/ntua-embedded-lab/Lab2/src/DRR/drr)
 n2: 28112 0x401982: cdsl_queue_list_lock_based_pthread_enqueue (in /home/stefanos/Documents/programming-projects/uni/ntua-embedded-lab/Lab2/src/DRR/drr)
  n1: 27120 0x401663: insert_packet (in /home/stefanos/Documents/programming-projects/uni/ntua-embedded-lab/Lab2/src/DRR/drr)
   n0: 27120 0x40136B: main (in /home/stefanos/Documents/programming-projects/uni/ntua-embedded-lab/Lab2/src/DRR/drr)
  n0: 992 in 1 place, below massif's threshold (1.00%)
 n1: 22608 0x401575: find_node (in /home/stefanos/Documents/programming-projects/uni/ntua-embedded-lab/Lab2/src/DRR/drr)
  n0: 22608 0x401354: main (in /home/stefanos/Documents/programming-projects/uni/ntua-embedded-lab/Lab2/src/DRR/drr)
 n1: 22608 0x404115: cdsl_deque_list_lock_based_pthread_enqueue (in /home/stefanos/Documents/programming-projects/uni/ntua-embedded-lab/Lab2/src/DRR/drr)
  n1: 22608 0x4015D6: find_node (in /home/stefanos/Documents/programming-projects/uni/ntua-embedded-lab/Lab2/src/DRR/drr)
   n0: 22608 0x401354: main (in /home/stefanos/Documents/programming-projects/uni/ntua-embedded-lab/Lab2/src/DRR/drr)
 n0: 264 in 4 places, all below massif's threshold (1.00%)
#-----------
snapshot=38
#-----------
time=27894362
mem_heap_B=421752
mem_heap_extra_B=214192
mem_stacks_B=0
heap_tree=empty
#-----------
snapshot=39
#-----------
time=28508575
mem_heap_B=389072
mem_heap_extra_B=191488
mem_stacks_B=0
heap_tree=empty
#-----------
snapshot=40
#-----------
time=29134308
mem_heap_B=396596
mem_heap_extra_B=196540
mem_stacks_B=0
heap_tree=empty
#-----------
snapshot=41
#-----------
time=29748660
mem_heap_B=407288
mem_heap_extra_B=201248
mem_stacks_B=0
heap_tree=empty
#-----------
snapshot=42
#-----------
time=30670105
mem_heap_B=435420
mem_heap_extra_B=222492
mem_stacks_B=0
heap_tree=empty
#-----------
snapshot=43
#-----------
time=31284224
mem_heap_B=426380
mem_heap_extra_B=210940
mem_stacks_B=0
heap_tree=empty
#-----------
snapshot=44
#-----------
time=32205394
mem_heap_B=439516
mem_heap_extra_B=215612
mem_stacks_B=0
heap_tree=empty
#-----------
snapshot=45
#-----------
time=32819587
mem_heap_B=450396
mem_heap_extra_B=217708
mem_stacks_B=0
heap_tree=empty
#-----------
snapshot=46
#-----------
time=33433768
mem_heap_B=468916
mem_heap_extra_B=221564
mem_stacks_B=0
heap_tree=detailed
n6: 468916 (heap allocation functions) malloc/new/new[], --alloc-fns, etc.
 n1: 228288 0x40185B: cdsl_queue_list_lock_based_pthread_init (in /home/stefanos/Documents/programming-projects/uni/ntua-embedded-lab/Lab2/src/DRR/drr)
  n1: 228288 0x401963: cdsl_sll_init (in /home/stefanos/Documents/programming-projects/uni/ntua-embedded-lab/Lab2/src/DRR/drr)
   n1: 228288 0x4015AE: find_node (in /home/stefanos/Documents/programming-projects/uni/ntua-embedded-lab/Lab2/src/DRR/drr)
    n0: 228288 0x401354: main (in /home/stefanos/Documents/programming-projects/uni/ntua-embedded-lab/Lab2/src/DRR/drr)
 n1: 164076 0x401489: get_next_packet (in /home/stefanos/Documents/programming-projects/uni/ntua-embedded-lab/Lab2/src/DRR/drr)
  n0: 164076 0x40133D: main (in /home/stefanos/Documents/programming-projects/uni/ntua-embedded-lab/Lab2/src/DRR/drr)
 n1: 28536 0x401575: find_node (in /home/stefanos/Documents/programming-projects/uni/ntua-embedded-lab/Lab2/src/DRR/drr)
  n0: 28536 0x401354: main (in /home/stefanos/Documents/programming-projects/uni/ntua-embedded-lab/Lab2/src/DRR/drr)
 n1: 28536 0x404115: cdsl_deque_list_lock_based_pthread_enqueue (in /home/stefanos/Documents/programming-projects/uni/ntua-embedded-lab/Lab2/src/DRR/drr)
  n1: 28536 0x4015D6: find_node (in /home/stefanos/Documents/programming-projects/uni/ntua-embedded-lab/Lab2/src/DRR/drr)
   n0: 28536 0x401354: main (in /home/stefanos/Documents/programming-projects/uni/ntua-embedded-lab/Lab2/src/DRR/drr)
 n2: 19200 0x401982: cdsl_queue_list_lock_based_pthread_enqueue (in /home/stefanos/Documents/programming-projects/uni/ntua-embedded-lab/Lab2/src/DRR/drr)
  n1: 17968 0x401663: insert_packet (in /home/stefanos/Documents/programming-projects/uni/ntua-embedded-lab/Lab2/src/DRR/drr)
   n0: 17968 0x40136B: main (in /home/stefanos/Documents/programming-projects/uni/ntua-embedded-lab/Lab2/src/DRR/drr)
  n0: 1232 in 1 place, below massif's threshold (1.00%)
 n0: 280 in 4 places, all below massif's threshold (1.00%)
#-----------
snapshot=47
#-----------
time=34355094
mem_heap_B=504336
mem_heap_extra_B=228592
mem_stacks_B=0
heap_tree=empty
#-----------
snapshot=48
#-----------
time=35156147
mem_heap_B=540888
mem_heap_extra_B=246040
mem_stacks_B=0
heap_tree=detailed
n6: 540888 (heap allocation functions) malloc/new/new[], --alloc-fns, etc.
 n1: 266880 0x40185B: cdsl_queue_list_lock_based_pthread_init (in /home/stefanos/Documents/programming-projects/uni/ntua-embedded-lab/Lab2/src/DRR/drr)
  n1: 266880 0x401963: cdsl_sll_init (in /home/stefanos/Documents/programming-projects/uni/ntua-embedded-lab/Lab2/src/DRR/drr)
   n1: 266880 0x4015AE: find_node (in /home/stefanos/Documents/programming-projects/uni/ntua-embedded-lab/Lab2/src/DRR/drr)
    n0: 266880 0x401354: main (in /home/stefanos/Documents/programming-projects/uni/ntua-embedded-lab/Lab2/src/DRR/drr)
 n1: 173184 0x401489: get_next_packet (in /home/stefanos/Documents/programming-projects/uni/ntua-embedded-lab/Lab2/src/DRR/drr)
  n0: 173184 0x40133D: main (in /home/stefanos/Documents/programming-projects/uni/ntua-embedded-lab/Lab2/src/DRR/drr)
 n2: 33824 0x401982: cdsl_queue_list_lock_based_pthread_enqueue (in /home/stefanos/Documents/programming-projects/uni/ntua-embedded-lab/Lab2/src/DRR/drr)
  n1: 32464 0x401663: insert_packet (in /home/stefanos/Documents/programming-projects/uni/ntua-embedded-lab/Lab2/src/DRR/drr)
   n0: 32464 0x40136B: main (in /home/stefanos/Documents/programming-projects/uni/ntua-embedded-lab/Lab2/src/DRR/drr)
  n0: 1360 in 1 place, below massif's threshold (1.00%)
 n1: 33360 0x401575: find_node (in /home/stefanos/Documents/programming-projects/uni/ntua-embedded-lab/Lab2/src/DRR/drr)
  n0: 33360 0x401354: main (in /home/stefanos/Documents/programming-projects/uni/ntua-embedded-lab/Lab2/src/DRR/drr)
 n1: 33360 0x404115: cdsl_deque_list_lock_based_pthread_enqueue (in /home/stefanos/Documents/programming-projects/uni/ntua-embedded-lab/Lab2/src/DRR/drr)
  n1: 33360 0x4015D6: find_node (in /home/stefanos/Documents/programming-projects/uni/ntua-embedded-lab/Lab2/src/DRR/drr)
   n0: 33360 0x401354: main (in /home/stefanos/Documents/programming-projects/uni/ntua-embedded-lab/Lab2/src/DRR/drr)
 n0: 280 in 4 places, all below massif's threshold (1.00%)
#-----------
snapshot=49
#-----------
time=36077466
mem_heap_B=547184
mem_heap_extra_B=239808
mem_stacks_B=0
heap_tree=empty
#-----------
snapshot=50
#-----------
time=36284497
mem_heap_B=554244
mem_heap_extra_B=241348
mem_stacks_B=0
heap_tree=detailed
n6: 554244 (heap allocation functions) malloc/new/new[], --alloc-fns, etc.
 n1: 288768 0x40185B: cdsl_queue_list_lock_based_pthread_init (in /home/stefanos/Documents/programming-projects/uni/ntua-embedded-lab/Lab2/src/DRR/drr)
  n1: 288768 0x401963: cdsl_sll_init (in /home/stefanos/Documents/programming-projects/uni/ntua-embedded-lab/Lab2/src/DRR/drr)
   n1: 288768 0x4015AE: find_node (in /home/stefanos/Documents/programming-projects/uni/ntua-embedded-lab/Lab2/src/DRR/drr)
    n0: 288768 0x401354: main (in /home/stefanos/Documents/programming-projects/uni/ntua-embedded-lab/Lab2/src/DRR/drr)
 n1: 168684 0x401489: get_next_packet (in /home/stefanos/Documents/programming-projects/uni/ntua-embedded-lab/Lab2/src/DRR/drr)
  n0: 168684 0x40133D: main (in /home/stefanos/Documents/programming-projects/uni/ntua-embedded-lab/Lab2/src/DRR/drr)
 n1: 36096 0x401575: find_node (in /home/stefanos/Documents/programming-projects/uni/ntua-embedded-lab/Lab2/src/DRR/drr)
  n0: 36096 0x401354: main (in /home/stefanos/Documents/programming-projects/uni/ntua-embedded-lab/Lab2/src/DRR/drr)
 n1: 36096 0x404115: cdsl_deque_list_lock_based_pthread_enqueue (in /home/stefanos/Documents/programming-projects/uni/ntua-embedded-lab/Lab2/src/DRR/drr)
  n1: 36096 0x4015D6: find_node (in /home/stefanos/Documents/programming-projects/uni/ntua-embedded-lab/Lab2/src/DRR/drr)
   n0: 36096 0x401354: main (in /home/stefanos/Documents/programming-projects/uni/ntua-embedded-lab/Lab2/src/DRR/drr)
 n2: 24320 0x401982: cdsl_queue_list_lock_based_pthread_enqueue (in /home/stefanos/Documents/programming-projects/uni/ntua-embedded-lab/Lab2/src/DRR/drr)
  n1: 22416 0x401663: insert_packet (in /home/stefanos/Documents/programming-projects/uni/ntua-embedded-lab/Lab2/src/DRR/drr)
   n0: 22416 0x40136B: main (in /home/stefanos/Documents/programming-projects/uni/ntua-embedded-lab/Lab2/src/DRR/drr)
  n0: 1904 in 1 place, below massif's threshold (1.00%)
 n0: 280 in 4 places, all below massif's threshold (1.00%)
#-----------
snapshot=51
#-----------
time=36375217
mem_heap_B=560536
mem_heap_extra_B=245168
mem_stacks_B=0
heap_tree=detailed
n6: 560536 (heap allocation functions) malloc/new/new[], --alloc-fns, etc.
 n1: 289728 0x40185B: cdsl_queue_list_lock_based_pthread_init (in /home/stefanos/Documents/programming-projects/uni/ntua-embedded-lab/Lab2/src/DRR/drr)
  n1: 289728 0x401963: cdsl_sll_init (in /home/stefanos/Documents/programming-projects/uni/ntua-embedded-lab/Lab2/src/DRR/drr)
   n1: 289728 0x4015AE: find_node (in /home/stefanos/Documents/programming-projects/uni/ntua-embedded-lab/Lab2/src/DRR/drr)
    n0: 289728 0x401354: main (in /home/stefanos/Documents/programming-projects/uni/ntua-embedded-lab/Lab2/src/DRR/drr)
 n1: 170832 0x401489: get_next_packet (in /home/stefanos/Documents/programming-projects/uni/ntua-embedded-lab/Lab2/src/DRR/drr)
  n0: 170832 0x40133D: main (in /home/stefanos/Documents/programming-projects/uni/ntua-embedded-lab/Lab2/src/DRR/drr)
 n1: 36216 0x401575: find_node (in /home/stefanos/Documents/programming-projects/uni/ntua-embedded-lab/Lab2/src/DRR/drr)
  n0: 36216 0x401354: main (in /home/stefanos/Documents/programming-projects/uni/ntua-embedded-lab/Lab2/src/DRR/drr)
 n1: 36216 0x404115: cdsl_deque_list_lock_based_pthread_enqueue (in /home/stefanos/Documents/programming-projects/uni/ntua-embedded-lab/Lab2/src/DRR/drr)
  n1: 36216 0x4015D6: find_node (in /home/stefanos/Documents/programming-projects/uni/ntua-embedded-lab/Lab2/src/DRR/drr)
   n0: 36216 0x401354: main (in /home/stefanos/Documents/programming-projects/uni/ntua-embedded-lab/Lab2/src/DRR/drr)
 n2: 27264 0x401982: cdsl_queue_list_lock_based_pthread_enqueue (in /home/stefanos/Documents/programming-projects/uni/ntua-embedded-lab/Lab2/src/DRR/drr)
  n1: 25360 0x401663: insert_packet (in /home/stefanos/Documents/programming-projects/uni/ntua-embedded-lab/Lab2/src/DRR/drr)
   n0: 25360 0x40136B: main (in /home/stefanos/Documents/programming-projects/uni/ntua-embedded-lab/Lab2/src/DRR/drr)
  n0: 1904 in 1 place, below massif's threshold (1.00%)
 n0: 280 in 4 places, all below massif's threshold (1.00%)
#-----------
snapshot=52
#-----------
time=36797408
mem_heap_B=567776
mem_heap_extra_B=244056
mem_stacks_B=0
heap_tree=empty
#-----------
snapshot=53
#-----------
time=36848263
mem_heap_B=570752
mem_heap_extra_B=245504
mem_stacks_B=0
heap_tree=detailed
n6: 570752 (heap allocation functions) malloc/new/new[], --alloc-fns, etc.
 n1: 299712 0x40185B: cdsl_queue_list_lock_based_pthread_init (in /home/stefanos/Documents/programming-projects/uni/ntua-embedded-lab/Lab2/src/DRR/drr)
  n1: 299712 0x401963: cdsl_sll_init (in /home/stefanos/Documents/programming-projects/uni/ntua-embedded-lab/Lab2/src/DRR/drr)
   n1: 299712 0x4015AE: find_node (in /home/stefanos/Documents/programming-projects/uni/ntua-embedded-lab/Lab2/src/DRR/drr)
    n0: 299712 0x401354: main (in /home/stefanos/Documents/programming-projects/uni/ntua-embedded-lab/Lab2/src/DRR/drr)
 n1: 169608 0x401489: get_next_packet (in /home/stefanos/Documents/programming-projects/uni/ntua-embedded-lab/Lab2/src/DRR/drr)
  n0: 169608 0x40133D: main (in /home/stefanos/Documents/programming-projects/uni/ntua-embedded-lab/Lab2/src/DRR/drr)
 n1: 37464 0x401575: find_node (in /home/stefanos/Documents/programming-projects/uni/ntua-embedded-lab/Lab2/src/DRR/drr)
  n0: 37464 0x401354: main (in /home/stefanos/Documents/programming-projects/uni/ntua-embedded-lab/Lab2/src/DRR/drr)
 n1: 37464 0x404115: cdsl_deque_list_lock_based_pthread_enqueue (in /home/stefanos/Documents/programming-projects/uni/ntua-embedded-lab/Lab2/src/DRR/drr)
  n1: 37464 0x4015D6: find_node (in /home/stefanos/Documents/programming-projects/uni/ntua-embedded-lab/Lab2/src/DRR/drr)
   n0: 37464 0x401354: main (in /home/stefanos/Documents/programming-projects/uni/ntua-embedded-lab/Lab2/src/DRR/drr)
 n2: 26224 0x401982: cdsl_queue_list_lock_based_pthread_enqueue (in /home/stefanos/Documents/programming-projects/uni/ntua-embedded-lab/Lab2/src/DRR/drr)
  n1: 24272 0x401663: insert_packet (in /home/stefanos/Documents/programming-projects/uni/ntua-embedded-lab/Lab2/src/DRR/drr)
   n0: 24272 0x40136B: main (in /home/stefanos/Documents/programming-projects/uni/ntua-embedded-lab/Lab2/src/DRR/drr)
  n0: 1952 in 1 place, below massif's threshold (1.00%)
 n0: 280 in 4 places, all below massif's threshold (1.00%)
#-----------
snapshot=54
#-----------
time=37079561
mem_heap_B=579904
mem_heap_extra_B=250256
mem_stacks_B=0
heap_tree=detailed
n6: 579904 (heap allocation functions) malloc/new/new[], --alloc-fns, etc.
 n1: 302400 0x40185B: cdsl_queue_list_lock_based_pthread_init (in /home/stefanos/Documents/programming-projects/uni/ntua-embedded-lab/Lab2/src/DRR/drr)
  n1: 302400 0x401963: cdsl_sll_init (in /home/stefanos/Documents/programming-projects/uni/ntua-embedded-lab/Lab2/src/DRR/drr)
   n1: 302400 0x4015AE: find_node (in /home/stefanos/Documents/programming-projects/uni/ntua-embedded-lab/Lab2/src/DRR/drr)
    n0: 302400 0x401354: main (in /home/stefanos/Documents/programming-projects/uni/ntua-embedded-lab/Lab2/src/DRR/drr)
 n1: 172200 0x401489: get_next_packet (in /home/stefanos/Documents/programming-projects/uni/ntua-embedded-lab/Lab2/src/DRR/drr)
  n0: 172200 0x40133D: main (in /home/stefanos/Documents/programming-projects/uni/ntua-embedded-lab/Lab2/src/DRR/drr)
 n1: 37800 0x401575: find_node (in /home/stefanos/Documents/programming-projects/uni/ntua-embedded-lab/Lab2/src/DRR/drr)
  n0: 37800 0x401354: main (in /home/stefanos/Documents/programming-projects/uni/ntua-embedded-lab/Lab2/src/DRR/drr)
 n1: 37800 0x404115: cdsl_deque_list_lock_based_pthread_enqueue (in /home/stefanos/Documents/programming-projects/uni/ntua-embedded-lab/Lab2/src/DRR/drr)
  n1: 37800 0x4015D6: find_node (in /home/stefanos/Documents/programming-projects/uni/ntua-embedded-lab/Lab2/src/DRR/drr)
   n0: 37800 0x401354: main (in /home/stefanos/Documents/programming-projects/uni/ntua-embedded-lab/Lab2/src/DRR/drr)
 n2: 29424 0x401982: cdsl_queue_list_lock_based_pthread_enqueue (in /home/stefanos/Documents/programming-projects/uni/ntua-embedded-lab/Lab2/src/DRR/drr)
  n1: 27456 0x401663: insert_packet (in /home/stefanos/Documents/programming-projects/uni/ntua-embedded-lab/Lab2/src/DRR/drr)
   n0: 27456 0x40136B: main (in /home/stefanos/Documents/programming-projects/uni/ntua-embedded-lab/Lab2/src/DRR/drr)
  n0: 1968 in 1 place, below massif's threshold (1.00%)
 n0: 280 in 4 places, all below massif's threshold (1.00%)
#-----------
snapshot=55
#-----------
time=37207929
mem_heap_B=587176
mem_heap_extra_B=255536
mem_stacks_B=0
heap_tree=peak
n6: 587176 (heap allocation functions) malloc/new/new[], --alloc-fns, etc.
 n1: 302400 0x40185B: cdsl_queue_list_lock_based_pthread_init (in /home/stefanos/Documents/programming-projects/uni/ntua-embedded-lab/Lab2/src/DRR/drr)
  n1: 302400 0x401963: cdsl_sll_init (in /home/stefanos/Documents/programming-projects/uni/ntua-embedded-lab/Lab2/src/DRR/drr)
   n1: 302400 0x4015AE: find_node (in /home/stefanos/Documents/programming-projects/uni/ntua-embedded-lab/Lab2/src/DRR/drr)
    n0: 302400 0x401354: main (in /home/stefanos/Documents/programming-projects/uni/ntua-embedded-lab/Lab2/src/DRR/drr)
 n1: 175488 0x401489: get_next_packet (in /home/stefanos/Documents/programming-projects/uni/ntua-embedded-lab/Lab2/src/DRR/drr)
  n0: 175488 0x40133D: main (in /home/stefanos/Documents/programming-projects/uni/ntua-embedded-lab/Lab2/src/DRR/drr)
 n1: 37800 0x401575: find_node (in /home/stefanos/Documents/programming-projects/uni/ntua-embedded-lab/Lab2/src/DRR/drr)
  n0: 37800 0x401354: main (in /home/stefanos/Documents/programming-projects/uni/ntua-embedded-lab/Lab2/src/DRR/drr)
 n1: 37800 0x404115: cdsl_deque_list_lock_based_pthread_enqueue (in /home/stefanos/Documents/programming-projects/uni/ntua-embedded-lab/Lab2/src/DRR/drr)
  n1: 37800 0x4015D6: find_node (in /home/stefanos/Documents/programming-projects/uni/ntua-embedded-lab/Lab2/src/DRR/drr)
   n0: 37800 0x401354: main (in /home/stefanos/Documents/programming-projects/uni/ntua-embedded-lab/Lab2/src/DRR/drr)
 n2: 33424 0x401982: cdsl_queue_list_lock_based_pthread_enqueue (in /home/stefanos/Documents/programming-projects/uni/ntua-embedded-lab/Lab2/src/DRR/drr)
  n1: 31472 0x401663: insert_packet (in /home/stefanos/Documents/programming-projects/uni/ntua-embedded-lab/Lab2/src/DRR/drr)
   n0: 31472 0x40136B: main (in /home/stefanos/Documents/programming-projects/uni/ntua-embedded-lab/Lab2/src/DRR/drr)
  n0: 1952 in 1 place, below massif's threshold (1.00%)
 n0: 264 in 4 places, all below massif's threshold (1.00%)
