desc: --massif-out-file=massif_DYN_ARR_CL_SLL_PK.out
cmd: ./drr
time_unit: i
#-----------
snapshot=0
#-----------
time=0
mem_heap_B=0
mem_heap_extra_B=0
mem_stacks_B=0
heap_tree=empty
#-----------
snapshot=1
#-----------
time=953011
mem_heap_B=24268
mem_heap_extra_B=5732
mem_stacks_B=0
heap_tree=empty
#-----------
snapshot=2
#-----------
time=1457357
mem_heap_B=33684
mem_heap_extra_B=7668
mem_stacks_B=0
heap_tree=detailed
n5: 33684 (heap allocation functions) malloc/new/new[], --alloc-fns, etc.
 n1: 24576 0x401838: cdsl_queue_list_lock_based_pthread_init (in /home/stefanos/Documents/programming-projects/uni/ntua-embedded-lab/Lab2/src/DRR/drr)
  n1: 24576 0x401940: cdsl_sll_init (in /home/stefanos/Documents/programming-projects/uni/ntua-embedded-lab/Lab2/src/DRR/drr)
   n1: 24576 0x40159C: find_node (in /home/stefanos/Documents/programming-projects/uni/ntua-embedded-lab/Lab2/src/DRR/drr)
    n0: 24576 0x401354: main (in /home/stefanos/Documents/programming-projects/uni/ntua-embedded-lab/Lab2/src/DRR/drr)
 n1: 3072 0x401563: find_node (in /home/stefanos/Documents/programming-projects/uni/ntua-embedded-lab/Lab2/src/DRR/drr)
  n0: 3072 0x401354: main (in /home/stefanos/Documents/programming-projects/uni/ntua-embedded-lab/Lab2/src/DRR/drr)
 n1: 2964 0x401480: get_next_packet (in /home/stefanos/Documents/programming-projects/uni/ntua-embedded-lab/Lab2/src/DRR/drr)
  n0: 2964 0x40133D: main (in /home/stefanos/Documents/programming-projects/uni/ntua-embedded-lab/Lab2/src/DRR/drr)
 n2: 2912 0x40195F: cdsl_queue_list_lock_based_pthread_enqueue (in /home/stefanos/Documents/programming-projects/uni/ntua-embedded-lab/Lab2/src/DRR/drr)
  n1: 2720 0x401651: insert_packet (in /home/stefanos/Documents/programming-projects/uni/ntua-embedded-lab/Lab2/src/DRR/drr)
   n0: 2720 0x40136B: main (in /home/stefanos/Documents/programming-projects/uni/ntua-embedded-lab/Lab2/src/DRR/drr)
  n0: 192 in 1 place, below massif's threshold (1.00%)
 n0: 160 in 4 places, all below massif's threshold (1.00%)
#-----------
snapshot=3
#-----------
time=2278716
mem_heap_B=83108
mem_heap_extra_B=40628
mem_stacks_B=0
heap_tree=empty
#-----------
snapshot=4
#-----------
time=3047779
mem_heap_B=50324
mem_heap_extra_B=20468
mem_stacks_B=0
heap_tree=empty
#-----------
snapshot=5
#-----------
time=3822367
mem_heap_B=89008
mem_heap_extra_B=46672
mem_stacks_B=0
heap_tree=empty
#-----------
snapshot=6
#-----------
time=4755527
mem_heap_B=72664
mem_heap_extra_B=37008
mem_stacks_B=0
heap_tree=empty
#-----------
snapshot=7
#-----------
time=5791386
mem_heap_B=79756
mem_heap_extra_B=32924
mem_stacks_B=0
heap_tree=empty
#-----------
snapshot=8
#-----------
time=6658772
mem_heap_B=104660
mem_heap_extra_B=38956
mem_stacks_B=0
heap_tree=detailed
n5: 104660 (heap allocation functions) malloc/new/new[], --alloc-fns, etc.
 n1: 62016 0x401838: cdsl_queue_list_lock_based_pthread_init (in /home/stefanos/Documents/programming-projects/uni/ntua-embedded-lab/Lab2/src/DRR/drr)
  n1: 62016 0x401940: cdsl_sll_init (in /home/stefanos/Documents/programming-projects/uni/ntua-embedded-lab/Lab2/src/DRR/drr)
   n1: 62016 0x40159C: find_node (in /home/stefanos/Documents/programming-projects/uni/ntua-embedded-lab/Lab2/src/DRR/drr)
    n0: 62016 0x401354: main (in /home/stefanos/Documents/programming-projects/uni/ntua-embedded-lab/Lab2/src/DRR/drr)
 n1: 27228 0x401480: get_next_packet (in /home/stefanos/Documents/programming-projects/uni/ntua-embedded-lab/Lab2/src/DRR/drr)
  n0: 27228 0x40133D: main (in /home/stefanos/Documents/programming-projects/uni/ntua-embedded-lab/Lab2/src/DRR/drr)
 n1: 7752 0x401563: find_node (in /home/stefanos/Documents/programming-projects/uni/ntua-embedded-lab/Lab2/src/DRR/drr)
  n0: 7752 0x401354: main (in /home/stefanos/Documents/programming-projects/uni/ntua-embedded-lab/Lab2/src/DRR/drr)
 n2: 7520 0x40195F: cdsl_queue_list_lock_based_pthread_enqueue (in /home/stefanos/Documents/programming-projects/uni/ntua-embedded-lab/Lab2/src/DRR/drr)
  n1: 7136 0x401651: insert_packet (in /home/stefanos/Documents/programming-projects/uni/ntua-embedded-lab/Lab2/src/DRR/drr)
   n0: 7136 0x40136B: main (in /home/stefanos/Documents/programming-projects/uni/ntua-embedded-lab/Lab2/src/DRR/drr)
  n0: 384 in 1 place, below massif's threshold (1.00%)
 n0: 144 in 4 places, all below massif's threshold (1.00%)
#-----------
snapshot=9
#-----------
time=7798640
mem_heap_B=120568
mem_heap_extra_B=48056
mem_stacks_B=0
heap_tree=empty
#-----------
snapshot=10
#-----------
time=8481689
mem_heap_B=131556
mem_heap_extra_B=52036
mem_stacks_B=0
heap_tree=empty
#-----------
snapshot=11
#-----------
time=9573669
mem_heap_B=130480
mem_heap_extra_B=49184
mem_stacks_B=0
heap_tree=empty
#-----------
snapshot=12
#-----------
time=10357959
mem_heap_B=150260
mem_heap_extra_B=51916
mem_stacks_B=0
heap_tree=detailed
n5: 150260 (heap allocation functions) malloc/new/new[], --alloc-fns, etc.
 n1: 94272 0x401838: cdsl_queue_list_lock_based_pthread_init (in /home/stefanos/Documents/programming-projects/uni/ntua-embedded-lab/Lab2/src/DRR/drr)
  n1: 94272 0x401940: cdsl_sll_init (in /home/stefanos/Documents/programming-projects/uni/ntua-embedded-lab/Lab2/src/DRR/drr)
   n1: 94272 0x40159C: find_node (in /home/stefanos/Documents/programming-projects/uni/ntua-embedded-lab/Lab2/src/DRR/drr)
    n0: 94272 0x401354: main (in /home/stefanos/Documents/programming-projects/uni/ntua-embedded-lab/Lab2/src/DRR/drr)
 n1: 35580 0x401480: get_next_packet (in /home/stefanos/Documents/programming-projects/uni/ntua-embedded-lab/Lab2/src/DRR/drr)
  n0: 35580 0x40133D: main (in /home/stefanos/Documents/programming-projects/uni/ntua-embedded-lab/Lab2/src/DRR/drr)
 n1: 11784 0x401563: find_node (in /home/stefanos/Documents/programming-projects/uni/ntua-embedded-lab/Lab2/src/DRR/drr)
  n0: 11784 0x401354: main (in /home/stefanos/Documents/programming-projects/uni/ntua-embedded-lab/Lab2/src/DRR/drr)
 n2: 8464 0x40195F: cdsl_queue_list_lock_based_pthread_enqueue (in /home/stefanos/Documents/programming-projects/uni/ntua-embedded-lab/Lab2/src/DRR/drr)
  n1: 7936 0x401651: insert_packet (in /home/stefanos/Documents/programming-projects/uni/ntua-embedded-lab/Lab2/src/DRR/drr)
   n0: 7936 0x40136B: main (in /home/stefanos/Documents/programming-projects/uni/ntua-embedded-lab/Lab2/src/DRR/drr)
  n0: 528 in 1 place, below massif's threshold (1.00%)
 n0: 160 in 4 places, all below massif's threshold (1.00%)
#-----------
snapshot=13
#-----------
time=10971682
mem_heap_B=160404
mem_heap_extra_B=60252
mem_stacks_B=0
heap_tree=empty
#-----------
snapshot=14
#-----------
time=12022654
mem_heap_B=210704
mem_heap_extra_B=93640
mem_stacks_B=0
heap_tree=detailed
n5: 210704 (heap allocation functions) malloc/new/new[], --alloc-fns, etc.
 n1: 98304 0x401838: cdsl_queue_list_lock_based_pthread_init (in /home/stefanos/Documents/programming-projects/uni/ntua-embedded-lab/Lab2/src/DRR/drr)
  n1: 98304 0x401940: cdsl_sll_init (in /home/stefanos/Documents/programming-projects/uni/ntua-embedded-lab/Lab2/src/DRR/drr)
   n1: 98304 0x40159C: find_node (in /home/stefanos/Documents/programming-projects/uni/ntua-embedded-lab/Lab2/src/DRR/drr)
    n0: 98304 0x401354: main (in /home/stefanos/Documents/programming-projects/uni/ntua-embedded-lab/Lab2/src/DRR/drr)
 n1: 62112 0x401480: get_next_packet (in /home/stefanos/Documents/programming-projects/uni/ntua-embedded-lab/Lab2/src/DRR/drr)
  n0: 62112 0x40133D: main (in /home/stefanos/Documents/programming-projects/uni/ntua-embedded-lab/Lab2/src/DRR/drr)
 n2: 37856 0x40195F: cdsl_queue_list_lock_based_pthread_enqueue (in /home/stefanos/Documents/programming-projects/uni/ntua-embedded-lab/Lab2/src/DRR/drr)
  n1: 37328 0x401651: insert_packet (in /home/stefanos/Documents/programming-projects/uni/ntua-embedded-lab/Lab2/src/DRR/drr)
   n0: 37328 0x40136B: main (in /home/stefanos/Documents/programming-projects/uni/ntua-embedded-lab/Lab2/src/DRR/drr)
  n0: 528 in 1 place, below massif's threshold (1.00%)
 n1: 12288 0x401563: find_node (in /home/stefanos/Documents/programming-projects/uni/ntua-embedded-lab/Lab2/src/DRR/drr)
  n0: 12288 0x401354: main (in /home/stefanos/Documents/programming-projects/uni/ntua-embedded-lab/Lab2/src/DRR/drr)
 n0: 144 in 4 places, all below massif's threshold (1.00%)
#-----------
snapshot=15
#-----------
time=12497294
mem_heap_B=180100
mem_heap_extra_B=74012
mem_stacks_B=0
heap_tree=empty
#-----------
snapshot=16
#-----------
time=13339458
mem_heap_B=198552
mem_heap_extra_B=85992
mem_stacks_B=0
heap_tree=empty
#-----------
snapshot=17
#-----------
time=14406877
mem_heap_B=186696
mem_heap_extra_B=75304
mem_stacks_B=0
heap_tree=detailed
n5: 186696 (heap allocation functions) malloc/new/new[], --alloc-fns, etc.
 n1: 106368 0x401838: cdsl_queue_list_lock_based_pthread_init (in /home/stefanos/Documents/programming-projects/uni/ntua-embedded-lab/Lab2/src/DRR/drr)
  n1: 106368 0x401940: cdsl_sll_init (in /home/stefanos/Documents/programming-projects/uni/ntua-embedded-lab/Lab2/src/DRR/drr)
   n1: 106368 0x40159C: find_node (in /home/stefanos/Documents/programming-projects/uni/ntua-embedded-lab/Lab2/src/DRR/drr)
    n0: 106368 0x401354: main (in /home/stefanos/Documents/programming-projects/uni/ntua-embedded-lab/Lab2/src/DRR/drr)
 n1: 56472 0x401480: get_next_packet (in /home/stefanos/Documents/programming-projects/uni/ntua-embedded-lab/Lab2/src/DRR/drr)
  n0: 56472 0x40133D: main (in /home/stefanos/Documents/programming-projects/uni/ntua-embedded-lab/Lab2/src/DRR/drr)
 n1: 13296 0x401563: find_node (in /home/stefanos/Documents/programming-projects/uni/ntua-embedded-lab/Lab2/src/DRR/drr)
  n0: 13296 0x401354: main (in /home/stefanos/Documents/programming-projects/uni/ntua-embedded-lab/Lab2/src/DRR/drr)
 n2: 10400 0x40195F: cdsl_queue_list_lock_based_pthread_enqueue (in /home/stefanos/Documents/programming-projects/uni/ntua-embedded-lab/Lab2/src/DRR/drr)
  n1: 9792 0x401651: insert_packet (in /home/stefanos/Documents/programming-projects/uni/ntua-embedded-lab/Lab2/src/DRR/drr)
   n0: 9792 0x40136B: main (in /home/stefanos/Documents/programming-projects/uni/ntua-embedded-lab/Lab2/src/DRR/drr)
  n0: 608 in 1 place, below massif's threshold (1.00%)
 n0: 160 in 4 places, all below massif's threshold (1.00%)
#-----------
snapshot=18
#-----------
time=15237154
mem_heap_B=192912
mem_heap_extra_B=77344
mem_stacks_B=0
heap_tree=empty
#-----------
snapshot=19
#-----------
time=16190324
mem_heap_B=203636
mem_heap_extra_B=80612
mem_stacks_B=0
heap_tree=empty
#-----------
snapshot=20
#-----------
time=16783659
mem_heap_B=214412
mem_heap_extra_B=83564
mem_stacks_B=0
heap_tree=detailed
n5: 214412 (heap allocation functions) malloc/new/new[], --alloc-fns, etc.
 n1: 125376 0x401838: cdsl_queue_list_lock_based_pthread_init (in /home/stefanos/Documents/programming-projects/uni/ntua-embedded-lab/Lab2/src/DRR/drr)
  n1: 125376 0x401940: cdsl_sll_init (in /home/stefanos/Documents/programming-projects/uni/ntua-embedded-lab/Lab2/src/DRR/drr)
   n1: 125376 0x40159C: find_node (in /home/stefanos/Documents/programming-projects/uni/ntua-embedded-lab/Lab2/src/DRR/drr)
    n0: 125376 0x401354: main (in /home/stefanos/Documents/programming-projects/uni/ntua-embedded-lab/Lab2/src/DRR/drr)
 n1: 61908 0x401480: get_next_packet (in /home/stefanos/Documents/programming-projects/uni/ntua-embedded-lab/Lab2/src/DRR/drr)
  n0: 61908 0x40133D: main (in /home/stefanos/Documents/programming-projects/uni/ntua-embedded-lab/Lab2/src/DRR/drr)
 n1: 15672 0x401563: find_node (in /home/stefanos/Documents/programming-projects/uni/ntua-embedded-lab/Lab2/src/DRR/drr)
  n0: 15672 0x401354: main (in /home/stefanos/Documents/programming-projects/uni/ntua-embedded-lab/Lab2/src/DRR/drr)
 n2: 11296 0x40195F: cdsl_queue_list_lock_based_pthread_enqueue (in /home/stefanos/Documents/programming-projects/uni/ntua-embedded-lab/Lab2/src/DRR/drr)
  n1: 10592 0x401651: insert_packet (in /home/stefanos/Documents/programming-projects/uni/ntua-embedded-lab/Lab2/src/DRR/drr)
   n0: 10592 0x40136B: main (in /home/stefanos/Documents/programming-projects/uni/ntua-embedded-lab/Lab2/src/DRR/drr)
  n0: 704 in 1 place, below massif's threshold (1.00%)
 n0: 160 in 4 places, all below massif's threshold (1.00%)
#-----------
snapshot=21
#-----------
time=17626107
mem_heap_B=227748
mem_heap_extra_B=94700
mem_stacks_B=0
heap_tree=empty
#-----------
snapshot=22
#-----------
time=18225186
mem_heap_B=255512
mem_heap_extra_B=114768
mem_stacks_B=0
heap_tree=detailed
n5: 255512 (heap allocation functions) malloc/new/new[], --alloc-fns, etc.
 n1: 125952 0x401838: cdsl_queue_list_lock_based_pthread_init (in /home/stefanos/Documents/programming-projects/uni/ntua-embedded-lab/Lab2/src/DRR/drr)
  n1: 125952 0x401940: cdsl_sll_init (in /home/stefanos/Documents/programming-projects/uni/ntua-embedded-lab/Lab2/src/DRR/drr)
   n1: 125952 0x40159C: find_node (in /home/stefanos/Documents/programming-projects/uni/ntua-embedded-lab/Lab2/src/DRR/drr)
    n0: 125952 0x401354: main (in /home/stefanos/Documents/programming-projects/uni/ntua-embedded-lab/Lab2/src/DRR/drr)
 n1: 83688 0x401480: get_next_packet (in /home/stefanos/Documents/programming-projects/uni/ntua-embedded-lab/Lab2/src/DRR/drr)
  n0: 83688 0x40133D: main (in /home/stefanos/Documents/programming-projects/uni/ntua-embedded-lab/Lab2/src/DRR/drr)
 n2: 29984 0x40195F: cdsl_queue_list_lock_based_pthread_enqueue (in /home/stefanos/Documents/programming-projects/uni/ntua-embedded-lab/Lab2/src/DRR/drr)
  n1: 29296 0x401651: insert_packet (in /home/stefanos/Documents/programming-projects/uni/ntua-embedded-lab/Lab2/src/DRR/drr)
   n0: 29296 0x40136B: main (in /home/stefanos/Documents/programming-projects/uni/ntua-embedded-lab/Lab2/src/DRR/drr)
  n0: 688 in 1 place, below massif's threshold (1.00%)
 n1: 15744 0x401563: find_node (in /home/stefanos/Documents/programming-projects/uni/ntua-embedded-lab/Lab2/src/DRR/drr)
  n0: 15744 0x401354: main (in /home/stefanos/Documents/programming-projects/uni/ntua-embedded-lab/Lab2/src/DRR/drr)
 n0: 144 in 4 places, all below massif's threshold (1.00%)
#-----------
snapshot=23
#-----------
time=18972799
mem_heap_B=236332
mem_heap_extra_B=100396
mem_stacks_B=0
heap_tree=empty
#-----------
snapshot=24
#-----------
time=19533434
mem_heap_B=241888
mem_heap_extra_B=101080
mem_stacks_B=0
heap_tree=empty
#-----------
snapshot=25
#-----------
time=20280987
mem_heap_B=260968
mem_heap_extra_B=103960
mem_stacks_B=0
heap_tree=empty
#-----------
snapshot=26
#-----------
time=21392427
mem_heap_B=278360
mem_heap_extra_B=108760
mem_stacks_B=0
heap_tree=empty
#-----------
snapshot=27
#-----------
time=22495236
mem_heap_B=339028
mem_heap_extra_B=145052
mem_stacks_B=0
heap_tree=detailed
n5: 339028 (heap allocation functions) malloc/new/new[], --alloc-fns, etc.
 n1: 173376 0x401838: cdsl_queue_list_lock_based_pthread_init (in /home/stefanos/Documents/programming-projects/uni/ntua-embedded-lab/Lab2/src/DRR/drr)
  n1: 173376 0x401940: cdsl_sll_init (in /home/stefanos/Documents/programming-projects/uni/ntua-embedded-lab/Lab2/src/DRR/drr)
   n1: 173376 0x40159C: find_node (in /home/stefanos/Documents/programming-projects/uni/ntua-embedded-lab/Lab2/src/DRR/drr)
    n0: 173376 0x401354: main (in /home/stefanos/Documents/programming-projects/uni/ntua-embedded-lab/Lab2/src/DRR/drr)
 n1: 102204 0x401480: get_next_packet (in /home/stefanos/Documents/programming-projects/uni/ntua-embedded-lab/Lab2/src/DRR/drr)
  n0: 102204 0x40133D: main (in /home/stefanos/Documents/programming-projects/uni/ntua-embedded-lab/Lab2/src/DRR/drr)
 n2: 41632 0x40195F: cdsl_queue_list_lock_based_pthread_enqueue (in /home/stefanos/Documents/programming-projects/uni/ntua-embedded-lab/Lab2/src/DRR/drr)
  n1: 40672 0x401651: insert_packet (in /home/stefanos/Documents/programming-projects/uni/ntua-embedded-lab/Lab2/src/DRR/drr)
   n0: 40672 0x40136B: main (in /home/stefanos/Documents/programming-projects/uni/ntua-embedded-lab/Lab2/src/DRR/drr)
  n0: 960 in 1 place, below massif's threshold (1.00%)
 n1: 21672 0x401563: find_node (in /home/stefanos/Documents/programming-projects/uni/ntua-embedded-lab/Lab2/src/DRR/drr)
  n0: 21672 0x401354: main (in /home/stefanos/Documents/programming-projects/uni/ntua-embedded-lab/Lab2/src/DRR/drr)
 n0: 144 in 4 places, all below massif's threshold (1.00%)
#-----------
snapshot=28
#-----------
time=23305993
mem_heap_B=390208
mem_heap_extra_B=181952
mem_stacks_B=0
heap_tree=detailed
n5: 390208 (heap allocation functions) malloc/new/new[], --alloc-fns, etc.
 n1: 173376 0x401838: cdsl_queue_list_lock_based_pthread_init (in /home/stefanos/Documents/programming-projects/uni/ntua-embedded-lab/Lab2/src/DRR/drr)
  n1: 173376 0x401940: cdsl_sll_init (in /home/stefanos/Documents/programming-projects/uni/ntua-embedded-lab/Lab2/src/DRR/drr)
   n1: 173376 0x40159C: find_node (in /home/stefanos/Documents/programming-projects/uni/ntua-embedded-lab/Lab2/src/DRR/drr)
    n0: 173376 0x401354: main (in /home/stefanos/Documents/programming-projects/uni/ntua-embedded-lab/Lab2/src/DRR/drr)
 n1: 124824 0x401480: get_next_packet (in /home/stefanos/Documents/programming-projects/uni/ntua-embedded-lab/Lab2/src/DRR/drr)
  n0: 124824 0x40133D: main (in /home/stefanos/Documents/programming-projects/uni/ntua-embedded-lab/Lab2/src/DRR/drr)
 n2: 70192 0x40195F: cdsl_queue_list_lock_based_pthread_enqueue (in /home/stefanos/Documents/programming-projects/uni/ntua-embedded-lab/Lab2/src/DRR/drr)
  n1: 69232 0x401651: insert_packet (in /home/stefanos/Documents/programming-projects/uni/ntua-embedded-lab/Lab2/src/DRR/drr)
   n0: 69232 0x40136B: main (in /home/stefanos/Documents/programming-projects/uni/ntua-embedded-lab/Lab2/src/DRR/drr)
  n0: 960 in 1 place, below massif's threshold (1.00%)
 n1: 21672 0x401563: find_node (in /home/stefanos/Documents/programming-projects/uni/ntua-embedded-lab/Lab2/src/DRR/drr)
  n0: 21672 0x401354: main (in /home/stefanos/Documents/programming-projects/uni/ntua-embedded-lab/Lab2/src/DRR/drr)
 n0: 144 in 4 places, all below massif's threshold (1.00%)
#-----------
snapshot=29
#-----------
time=24350837
mem_heap_B=446380
mem_heap_extra_B=222572
mem_stacks_B=0
heap_tree=detailed
n5: 446380 (heap allocation functions) malloc/new/new[], --alloc-fns, etc.
 n1: 173760 0x401838: cdsl_queue_list_lock_based_pthread_init (in /home/stefanos/Documents/programming-projects/uni/ntua-embedded-lab/Lab2/src/DRR/drr)
  n1: 173760 0x401940: cdsl_sll_init (in /home/stefanos/Documents/programming-projects/uni/ntua-embedded-lab/Lab2/src/DRR/drr)
   n1: 173760 0x40159C: find_node (in /home/stefanos/Documents/programming-projects/uni/ntua-embedded-lab/Lab2/src/DRR/drr)
    n0: 173760 0x401354: main (in /home/stefanos/Documents/programming-projects/uni/ntua-embedded-lab/Lab2/src/DRR/drr)
 n1: 150228 0x401480: get_next_packet (in /home/stefanos/Documents/programming-projects/uni/ntua-embedded-lab/Lab2/src/DRR/drr)
  n0: 150228 0x40133D: main (in /home/stefanos/Documents/programming-projects/uni/ntua-embedded-lab/Lab2/src/DRR/drr)
 n2: 100496 0x40195F: cdsl_queue_list_lock_based_pthread_enqueue (in /home/stefanos/Documents/programming-projects/uni/ntua-embedded-lab/Lab2/src/DRR/drr)
  n1: 99536 0x401651: insert_packet (in /home/stefanos/Documents/programming-projects/uni/ntua-embedded-lab/Lab2/src/DRR/drr)
   n0: 99536 0x40136B: main (in /home/stefanos/Documents/programming-projects/uni/ntua-embedded-lab/Lab2/src/DRR/drr)
  n0: 960 in 1 place, below massif's threshold (1.00%)
 n1: 21720 0x401563: find_node (in /home/stefanos/Documents/programming-projects/uni/ntua-embedded-lab/Lab2/src/DRR/drr)
  n0: 21720 0x401354: main (in /home/stefanos/Documents/programming-projects/uni/ntua-embedded-lab/Lab2/src/DRR/drr)
 n0: 176 in 5 places, all below massif's threshold (1.00%)
#-----------
snapshot=30
#-----------
time=25046091
mem_heap_B=447132
mem_heap_extra_B=225948
mem_stacks_B=0
heap_tree=empty
#-----------
snapshot=31
#-----------
time=25618804
mem_heap_B=413440
mem_heap_extra_B=206480
mem_stacks_B=0
heap_tree=empty
#-----------
snapshot=32
#-----------
time=26191712
mem_heap_B=379476
mem_heap_extra_B=186372
mem_stacks_B=0
heap_tree=empty
#-----------
snapshot=33
#-----------
time=26772583
mem_heap_B=344684
mem_heap_extra_B=163684
mem_stacks_B=0
heap_tree=empty
#-----------
snapshot=34
#-----------
time=27345466
mem_heap_B=352128
mem_heap_extra_B=164856
mem_stacks_B=0
heap_tree=empty
#-----------
snapshot=35
#-----------
time=28204765
mem_heap_B=394772
mem_heap_extra_B=195388
mem_stacks_B=0
heap_tree=empty
#-----------
snapshot=36
#-----------
time=28777660
mem_heap_B=383012
mem_heap_extra_B=188980
mem_stacks_B=0
heap_tree=empty
#-----------
snapshot=37
#-----------
time=29643201
mem_heap_B=377092
mem_heap_extra_B=183548
mem_stacks_B=0
heap_tree=empty
#-----------
snapshot=38
#-----------
time=30216128
mem_heap_B=378064
mem_heap_extra_B=184544
mem_stacks_B=0
heap_tree=empty
#-----------
snapshot=39
#-----------
time=31075492
mem_heap_B=425028
mem_heap_extra_B=215028
mem_stacks_B=0
heap_tree=empty
#-----------
snapshot=40
#-----------
time=31648203
mem_heap_B=394568
mem_heap_extra_B=195128
mem_stacks_B=0
heap_tree=empty
#-----------
snapshot=41
#-----------
time=32221011
mem_heap_B=408248
mem_heap_extra_B=196936
mem_stacks_B=0
heap_tree=empty
#-----------
snapshot=42
#-----------
time=32793758
mem_heap_B=412004
mem_heap_extra_B=197380
mem_stacks_B=0
heap_tree=empty
#-----------
snapshot=43
#-----------
time=33366680
mem_heap_B=419388
mem_heap_extra_B=199260
mem_stacks_B=0
heap_tree=detailed
n5: 419388 (heap allocation functions) malloc/new/new[], --alloc-fns, etc.
 n1: 211008 0x401838: cdsl_queue_list_lock_based_pthread_init (in /home/stefanos/Documents/programming-projects/uni/ntua-embedded-lab/Lab2/src/DRR/drr)
  n1: 211008 0x401940: cdsl_sll_init (in /home/stefanos/Documents/programming-projects/uni/ntua-embedded-lab/Lab2/src/DRR/drr)
   n1: 211008 0x40159C: find_node (in /home/stefanos/Documents/programming-projects/uni/ntua-embedded-lab/Lab2/src/DRR/drr)
    n0: 211008 0x401354: main (in /home/stefanos/Documents/programming-projects/uni/ntua-embedded-lab/Lab2/src/DRR/drr)
 n1: 163188 0x401480: get_next_packet (in /home/stefanos/Documents/programming-projects/uni/ntua-embedded-lab/Lab2/src/DRR/drr)
  n0: 163188 0x40133D: main (in /home/stefanos/Documents/programming-projects/uni/ntua-embedded-lab/Lab2/src/DRR/drr)
 n1: 26376 0x401563: find_node (in /home/stefanos/Documents/programming-projects/uni/ntua-embedded-lab/Lab2/src/DRR/drr)
  n0: 26376 0x401354: main (in /home/stefanos/Documents/programming-projects/uni/ntua-embedded-lab/Lab2/src/DRR/drr)
 n2: 18624 0x40195F: cdsl_queue_list_lock_based_pthread_enqueue (in /home/stefanos/Documents/programming-projects/uni/ntua-embedded-lab/Lab2/src/DRR/drr)
  n1: 17488 0x401651: insert_packet (in /home/stefanos/Documents/programming-projects/uni/ntua-embedded-lab/Lab2/src/DRR/drr)
   n0: 17488 0x40136B: main (in /home/stefanos/Documents/programming-projects/uni/ntua-embedded-lab/Lab2/src/DRR/drr)
  n0: 1136 in 1 place, below massif's threshold (1.00%)
 n0: 192 in 5 places, all below massif's threshold (1.00%)
#-----------
snapshot=44
#-----------
time=34226198
mem_heap_B=440300
mem_heap_extra_B=202084
mem_stacks_B=0
heap_tree=empty
#-----------
snapshot=45
#-----------
time=34799250
mem_heap_B=458400
mem_heap_extra_B=204912
mem_stacks_B=0
heap_tree=empty
#-----------
snapshot=46
#-----------
time=35372221
mem_heap_B=481136
mem_heap_extra_B=207928
mem_stacks_B=0
heap_tree=empty
#-----------
snapshot=47
#-----------
time=36230166
mem_heap_B=491132
mem_heap_extra_B=212932
mem_stacks_B=0
heap_tree=empty
#-----------
snapshot=48
#-----------
time=37181213
mem_heap_B=523532
mem_heap_extra_B=220564
mem_stacks_B=0
heap_tree=detailed
n5: 523532 (heap allocation functions) malloc/new/new[], --alloc-fns, etc.
 n1: 289536 0x401838: cdsl_queue_list_lock_based_pthread_init (in /home/stefanos/Documents/programming-projects/uni/ntua-embedded-lab/Lab2/src/DRR/drr)
  n1: 289536 0x401940: cdsl_sll_init (in /home/stefanos/Documents/programming-projects/uni/ntua-embedded-lab/Lab2/src/DRR/drr)
   n1: 289536 0x40159C: find_node (in /home/stefanos/Documents/programming-projects/uni/ntua-embedded-lab/Lab2/src/DRR/drr)
    n0: 289536 0x401354: main (in /home/stefanos/Documents/programming-projects/uni/ntua-embedded-lab/Lab2/src/DRR/drr)
 n1: 170364 0x401480: get_next_packet (in /home/stefanos/Documents/programming-projects/uni/ntua-embedded-lab/Lab2/src/DRR/drr)
  n0: 170364 0x40133D: main (in /home/stefanos/Documents/programming-projects/uni/ntua-embedded-lab/Lab2/src/DRR/drr)
 n1: 36192 0x401563: find_node (in /home/stefanos/Documents/programming-projects/uni/ntua-embedded-lab/Lab2/src/DRR/drr)
  n0: 36192 0x401354: main (in /home/stefanos/Documents/programming-projects/uni/ntua-embedded-lab/Lab2/src/DRR/drr)
 n2: 27248 0x40195F: cdsl_queue_list_lock_based_pthread_enqueue (in /home/stefanos/Documents/programming-projects/uni/ntua-embedded-lab/Lab2/src/DRR/drr)
  n1: 25344 0x401651: insert_packet (in /home/stefanos/Documents/programming-projects/uni/ntua-embedded-lab/Lab2/src/DRR/drr)
   n0: 25344 0x40136B: main (in /home/stefanos/Documents/programming-projects/uni/ntua-embedded-lab/Lab2/src/DRR/drr)
  n0: 1904 in 1 place, below massif's threshold (1.00%)
 n0: 192 in 5 places, all below massif's threshold (1.00%)
#-----------
snapshot=49
#-----------
time=37467574
mem_heap_B=524052
mem_heap_extra_B=217644
mem_stacks_B=0
heap_tree=empty
#-----------
snapshot=50
#-----------
time=37661007
mem_heap_B=532488
mem_heap_extra_B=220056
mem_stacks_B=0
heap_tree=detailed
n5: 532488 (heap allocation functions) malloc/new/new[], --alloc-fns, etc.
 n1: 299520 0x401838: cdsl_queue_list_lock_based_pthread_init (in /home/stefanos/Documents/programming-projects/uni/ntua-embedded-lab/Lab2/src/DRR/drr)
  n1: 299520 0x401940: cdsl_sll_init (in /home/stefanos/Documents/programming-projects/uni/ntua-embedded-lab/Lab2/src/DRR/drr)
   n1: 299520 0x40159C: find_node (in /home/stefanos/Documents/programming-projects/uni/ntua-embedded-lab/Lab2/src/DRR/drr)
    n0: 299520 0x401354: main (in /home/stefanos/Documents/programming-projects/uni/ntua-embedded-lab/Lab2/src/DRR/drr)
 n1: 169128 0x401480: get_next_packet (in /home/stefanos/Documents/programming-projects/uni/ntua-embedded-lab/Lab2/src/DRR/drr)
  n0: 169128 0x40133D: main (in /home/stefanos/Documents/programming-projects/uni/ntua-embedded-lab/Lab2/src/DRR/drr)
 n1: 37440 0x401563: find_node (in /home/stefanos/Documents/programming-projects/uni/ntua-embedded-lab/Lab2/src/DRR/drr)
  n0: 37440 0x401354: main (in /home/stefanos/Documents/programming-projects/uni/ntua-embedded-lab/Lab2/src/DRR/drr)
 n2: 26208 0x40195F: cdsl_queue_list_lock_based_pthread_enqueue (in /home/stefanos/Documents/programming-projects/uni/ntua-embedded-lab/Lab2/src/DRR/drr)
  n1: 24256 0x401651: insert_packet (in /home/stefanos/Documents/programming-projects/uni/ntua-embedded-lab/Lab2/src/DRR/drr)
   n0: 24256 0x40136B: main (in /home/stefanos/Documents/programming-projects/uni/ntua-embedded-lab/Lab2/src/DRR/drr)
  n0: 1952 in 1 place, below massif's threshold (1.00%)
 n0: 192 in 5 places, all below massif's threshold (1.00%)
#-----------
snapshot=51
#-----------
time=37897089
mem_heap_B=541304
mem_heap_extra_B=224584
mem_stacks_B=0
heap_tree=detailed
n5: 541304 (heap allocation functions) malloc/new/new[], --alloc-fns, etc.
 n1: 302208 0x401838: cdsl_queue_list_lock_based_pthread_init (in /home/stefanos/Documents/programming-projects/uni/ntua-embedded-lab/Lab2/src/DRR/drr)
  n1: 302208 0x401940: cdsl_sll_init (in /home/stefanos/Documents/programming-projects/uni/ntua-embedded-lab/Lab2/src/DRR/drr)
   n1: 302208 0x40159C: find_node (in /home/stefanos/Documents/programming-projects/uni/ntua-embedded-lab/Lab2/src/DRR/drr)
    n0: 302208 0x401354: main (in /home/stefanos/Documents/programming-projects/uni/ntua-embedded-lab/Lab2/src/DRR/drr)
 n1: 171720 0x401480: get_next_packet (in /home/stefanos/Documents/programming-projects/uni/ntua-embedded-lab/Lab2/src/DRR/drr)
  n0: 171720 0x40133D: main (in /home/stefanos/Documents/programming-projects/uni/ntua-embedded-lab/Lab2/src/DRR/drr)
 n1: 37776 0x401563: find_node (in /home/stefanos/Documents/programming-projects/uni/ntua-embedded-lab/Lab2/src/DRR/drr)
  n0: 37776 0x401354: main (in /home/stefanos/Documents/programming-projects/uni/ntua-embedded-lab/Lab2/src/DRR/drr)
 n2: 29408 0x40195F: cdsl_queue_list_lock_based_pthread_enqueue (in /home/stefanos/Documents/programming-projects/uni/ntua-embedded-lab/Lab2/src/DRR/drr)
  n1: 27440 0x401651: insert_packet (in /home/stefanos/Documents/programming-projects/uni/ntua-embedded-lab/Lab2/src/DRR/drr)
   n0: 27440 0x40136B: main (in /home/stefanos/Documents/programming-projects/uni/ntua-embedded-lab/Lab2/src/DRR/drr)
  n0: 1968 in 1 place, below massif's threshold (1.00%)
 n0: 192 in 5 places, all below massif's threshold (1.00%)
#-----------
snapshot=52
#-----------
time=38029507
mem_heap_B=548576
mem_heap_extra_B=229864
mem_stacks_B=0
heap_tree=peak
n5: 548576 (heap allocation functions) malloc/new/new[], --alloc-fns, etc.
 n1: 302208 0x401838: cdsl_queue_list_lock_based_pthread_init (in /home/stefanos/Documents/programming-projects/uni/ntua-embedded-lab/Lab2/src/DRR/drr)
  n1: 302208 0x401940: cdsl_sll_init (in /home/stefanos/Documents/programming-projects/uni/ntua-embedded-lab/Lab2/src/DRR/drr)
   n1: 302208 0x40159C: find_node (in /home/stefanos/Documents/programming-projects/uni/ntua-embedded-lab/Lab2/src/DRR/drr)
    n0: 302208 0x401354: main (in /home/stefanos/Documents/programming-projects/uni/ntua-embedded-lab/Lab2/src/DRR/drr)
 n1: 175008 0x401480: get_next_packet (in /home/stefanos/Documents/programming-projects/uni/ntua-embedded-lab/Lab2/src/DRR/drr)
  n0: 175008 0x40133D: main (in /home/stefanos/Documents/programming-projects/uni/ntua-embedded-lab/Lab2/src/DRR/drr)
 n1: 37776 0x401563: find_node (in /home/stefanos/Documents/programming-projects/uni/ntua-embedded-lab/Lab2/src/DRR/drr)
  n0: 37776 0x401354: main (in /home/stefanos/Documents/programming-projects/uni/ntua-embedded-lab/Lab2/src/DRR/drr)
 n2: 33408 0x40195F: cdsl_queue_list_lock_based_pthread_enqueue (in /home/stefanos/Documents/programming-projects/uni/ntua-embedded-lab/Lab2/src/DRR/drr)
  n1: 31456 0x401651: insert_packet (in /home/stefanos/Documents/programming-projects/uni/ntua-embedded-lab/Lab2/src/DRR/drr)
   n0: 31456 0x40136B: main (in /home/stefanos/Documents/programming-projects/uni/ntua-embedded-lab/Lab2/src/DRR/drr)
  n0: 1952 in 1 place, below massif's threshold (1.00%)
 n0: 176 in 5 places, all below massif's threshold (1.00%)
